[01m[K/home/bubblebear/ws_livox/src/livox_camera_lidar_calibration/src/corner_photo.cpp:2:10:[m[K [01;31m[Kfatal error: [m[Kimage_transport/image_transport.h: No such file or directory
    2 | #include [01;31m[K<image_transport/image_transport.h>[m[K
      |          [01;31m[K^~~~~~~~~~~~~~~~~~~~~~~~~~~~~~~~~~~[m[K
compilation terminated.
make[2]: *** [CMakeFiles/cornerPhoto.dir/build.make:63: CMakeFiles/cornerPhoto.dir/src/corner_photo.cpp.o] Error 1
make[1]: *** [CMakeFiles/Makefile2:1283: CMakeFiles/cornerPhoto.dir/all] Error 2
make[1]: *** Waiting for unfinished jobs....
[01m[K/home/bubblebear/ws_livox/src/livox_camera_lidar_calibration/src/projectCloud.cpp:2:10:[m[K [01;31m[Kfatal error: [m[Kimage_transport/image_transport.h: No such file or directory
    2 | #include [01;31m[K<image_transport/image_transport.h>[m[K
      |          [01;31m[K^~~~~~~~~~~~~~~~~~~~~~~~~~~~~~~~~~~[m[K
compilation terminated.
make[2]: *** [CMakeFiles/projectCloud.dir/build.make:63: CMakeFiles/projectCloud.dir/src/projectCloud.cpp.o] Error 1
make[1]: *** [CMakeFiles/Makefile2:2012: CMakeFiles/projectCloud.dir/all] Error 2
In file included from [01m[K/usr/include/c++/9/backward/hash_map:60[m[K,
                 from [01m[K/home/bubblebear/ws_livox/src/livox_camera_lidar_calibration/src/color_lidar_display.cpp:8[m[K:
[01m[K/usr/include/c++/9/backward/backward_warning.h:32:2:[m[K [01;35m[Kwarning: [m[K#warning This file includes at least one deprecated or antiquated header which may be removed without further notice at a future date. Please use a non-deprecated interface with equivalent functionality instead. For a listing of replacement headers and interfaces, consult the file backward_warning.h. To disable this warning use -Wno-deprecated. [[01;35m[K-Wcpp[m[K]
   32 | #[01;35m[Kwarning[m[K \
      |  [01;35m[K^~~~~~~[m[K
[01m[K/home/bubblebear/ws_livox/src/livox_camera_lidar_calibration/src/color_lidar_display.cpp:[m[K In function ‘[01m[Kvoid loadPointcloudFromROSBag(const string&)[m[K’:
[01m[K/home/bubblebear/ws_livox/src/livox_camera_lidar_calibration/src/color_lidar_display.cpp:41:35:[m[K [01;35m[Kwarning: [m[Kcatching polymorphic type ‘[01m[Kclass rosbag::BagException[m[K’ by value [[01;35m[K-Wcatch-value=[m[K]
   41 |     } catch (rosbag::BagException [01;35m[Ke[m[K) {
      |                                   [01;35m[K^[m[K
[01m[K/home/bubblebear/ws_livox/src/livox_camera_lidar_calibration/src/color_lidar_display.cpp:53:32:[m[K [01;35m[Kwarning: [m[Kcomparison of integer expressions of different signedness: ‘[01m[Kstd::vector<livox_ros_driver::CustomMsg_<std::allocator<void> > >::size_type[m[K’ {aka ‘[01m[Klong unsigned int[m[K’} and ‘[01m[Kint[m[K’ [[01;35m[K-Wsign-compare[m[K]
   53 |         if ([01;35m[Klidar_datas.size() > threshold_lidar[m[K) {
      |             [01;35m[K~~~~~~~~~~~~~~~~~~~^~~~~~~~~~~~~~~~~[m[K
[01m[K/home/bubblebear/ws_livox/src/livox_camera_lidar_calibration/src/pcdTransfer.cpp:[m[K In function ‘[01m[Kvoid loadAndSavePointcloud(int)[m[K’:
[01m[K/home/bubblebear/ws_livox/src/livox_camera_lidar_calibration/src/pcdTransfer.cpp:45:35:[m[K [01;35m[Kwarning: [m[Kcatching polymorphic type ‘[01m[Kclass rosbag::BagException[m[K’ by value [[01;35m[K-Wcatch-value=[m[K]
   45 |     } catch (rosbag::BagException [01;35m[Ke[m[K) {
      |                                   [01;35m[K^[m[K
[01m[K/home/bubblebear/ws_livox/src/livox_camera_lidar_calibration/src/cam_lid_external2.cpp:[m[K In function ‘[01m[Kint main(int, char**)[m[K’:
[01m[K/home/bubblebear/ws_livox/src/livox_camera_lidar_calibration/src/cam_lid_external2.cpp:122:36:[m[K [01;35m[Kwarning: [m[K‘[01m[KLocalParameterization[m[K’ is deprecated: LocalParameterizations will be removed from the Ceres Solver API in version 2.2.0. Use Manifolds instead. [[01;35m[K-Wdeprecated-declarations[m[K]
  122 |     ceres::LocalParameterization * [01;35m[Kq_parameterization[m[K = new ceres::EigenQuaternionParameterization();
      |                                    [01;35m[K^~~~~~~~~~~~~~~~~~[m[K
In file included from [01m[K/usr/local/include/ceres/autodiff_local_parameterization.h:39[m[K,
                 from [01m[K/usr/local/include/ceres/ceres.h:39[m[K,
                 from [01m[K/home/bubblebear/ws_livox/src/livox_camera_lidar_calibration/src/cam_lid_external2.cpp:3[m[K:
[01m[K/usr/local/include/ceres/local_parameterization.h:121:18:[m[K [01;36m[Knote: [m[Kdeclared here
  121 |     CERES_EXPORT [01;36m[KLocalParameterization[m[K {
      |                  [01;36m[K^~~~~~~~~~~~~~~~~~~~~[m[K
[01m[K/home/bubblebear/ws_livox/src/livox_camera_lidar_calibration/src/cam_lid_external2.cpp:122:68:[m[K [01;35m[Kwarning: [m[K‘[01m[KEigenQuaternionParameterization[m[K’ is deprecated: Use EigenQuaternionManifold instead. [[01;35m[K-Wdeprecated-declarations[m[K]
  122 |     ceres::LocalParameterization * q_parameterization = new ceres::[01;35m[KEigenQuaternionParameterization[m[K();
      |                                                                    [01;35m[K^~~~~~~~~~~~~~~~~~~~~~~~~~~~~~~[m[K
In file included from [01m[K/usr/local/include/ceres/autodiff_local_parameterization.h:39[m[K,
                 from [01m[K/usr/local/include/ceres/ceres.h:39[m[K,
                 from [01m[K/home/bubblebear/ws_livox/src/livox_camera_lidar_calibration/src/cam_lid_external2.cpp:3[m[K:
[01m[K/usr/local/include/ceres/local_parameterization.h:233:18:[m[K [01;36m[Knote: [m[Kdeclared here
  233 |     CERES_EXPORT [01;36m[KEigenQuaternionParameterization[m[K
      |                  [01;36m[K^~~~~~~~~~~~~~~~~~~~~~~~~~~~~~~[m[K
[01m[K/home/bubblebear/ws_livox/src/livox_camera_lidar_calibration/src/cam_lid_external2.cpp:125:57:[m[K [01;35m[Kwarning: [m[K‘[01m[Kvoid ceres::Problem::AddParameterBlock(double*, int, ceres::LocalParameterization*)[m[K’ is deprecated: LocalParameterizations are deprecated. Use the version with Manifolds instead. [[01;35m[K-Wdeprecated-declarations[m[K]
  125 |     problem.AddParameterBlock(ext, 4, q_parameterization[01;35m[K)[m[K;
      |                                                         [01;35m[K^[m[K
In file included from [01m[K/usr/local/include/ceres/ceres.h:66[m[K,
                 from [01m[K/home/bubblebear/ws_livox/src/livox_camera_lidar_calibration/src/cam_lid_external2.cpp:3[m[K:
[01m[K/usr/local/include/ceres/problem.h:302:8:[m[K [01;36m[Knote: [m[Kdeclared here
  302 |   void [01;36m[KAddParameterBlock[m[K(double* values,
      |        [01;36m[K^~~~~~~~~~~~~~~~~[m[K
make: *** [Makefile:141: all] Error 2
