Not searching for unused variables given on the command line.
CMake Warning (dev) at CMakeLists.txt:2 (project):
  Policy CMP0048 is not set: project() command manages VERSION variables.
  Run "cmake --help-policy CMP0048" for policy details.  Use the cmake_policy
  command to set the policy and suppress this warning.

  The following variable(s) would be set to empty:

    CMAKE_PROJECT_VERSION
    CMAKE_PROJECT_VERSION_MAJOR
    CMAKE_PROJECT_VERSION_MINOR
    CMAKE_PROJECT_VERSION_PATCH
This warning is for project developers.  Use -Wno-dev to suppress it.

[36m--[0m Using CATKIN_DEVEL_PREFIX: /home/bubblebear/ws_livox/devel/.private/linefit_ground_segmentation_ros
[36m--[0m Using CMAKE_PREFIX_PATH: /home/bubblebear/ws_livox/devel;/opt/ros/noetic
[36m--[0m This workspace overlays: /home/bubblebear/ws_livox/devel;/opt/ros/noetic
[36m--[0m Found PythonInterp: /usr/bin/python3 (found suitable version "3.8.10", minimum required is "3")
[36m--[0m Using PYTHON_EXECUTABLE: /usr/bin/python3
[36m--[0m Using Debian Python package layout
[36m--[0m Using empy: /usr/lib/python3/dist-packages/em.py
[36m--[0m Using CATKIN_ENABLE_TESTING: ON
[36m--[0m Call enable_testing()
[36m--[0m Using CATKIN_TEST_RESULTS_DIR: /home/bubblebear/ws_livox/build/linefit_ground_segmentation_ros/test_results
[36m--[0m Forcing gtest/gmock from source, though one was otherwise available.
[36m--[0m Found gtest sources under '/usr/src/googletest': gtests will be built
[36m--[0m Found gmock sources under '/usr/src/googletest': gmock will be built
[36m--[0m Found PythonInterp: /usr/bin/python3 (found version "3.8.10")
[36m--[0m Using Python nosetests: /usr/bin/nosetests3
[36m--[0m catkin 0.8.10
[36m--[0m BUILD_SHARED_LIBS is on
[31m[1mCMake Error[0m at /home/bubblebear/ws_livox/devel/share/catkin_simple/cmake/catkin_simple-extras.cmake:38 (find_package):
  By not providing "Findeigen_conversions.cmake" in CMAKE_MODULE_PATH this
  project has asked CMake to find a package configuration file provided by
  "eigen_conversions", but CMake did not find one.

  Could not find a package configuration file provided by "eigen_conversions"
  with any of the following names:

    eigen_conversionsConfig.cmake
    eigen_conversions-config.cmake

  Add the installation prefix of "eigen_conversions" to CMAKE_PREFIX_PATH or
  set "eigen_conversions_DIR" to a directory containing one of the above
  files.  If "eigen_conversions" provides a separate development package or
  SDK, be sure it has been installed.
[36mCall Stack (most recent call first):[0m
  CMakeLists.txt:6 (catkin_simple)


[36m--[0m Configuring incomplete, errors occurred!
See also "/home/bubblebear/ws_livox/build/linefit_ground_segmentation_ros/CMakeFiles/CMakeOutput.log".
See also "/home/bubblebear/ws_livox/build/linefit_ground_segmentation_ros/CMakeFiles/CMakeError.log".
