Linked: (/home/bubblebear/ws_livox/devel/.private/livox_ros_driver/include/livox_ros_driver/CustomMsg.h, /home/bubblebear/ws_livox/devel/include/livox_ros_driver/CustomMsg.h)
Linked: (/home/bubblebear/ws_livox/devel/.private/livox_ros_driver/include/livox_ros_driver/CustomPoint.h, /home/bubblebear/ws_livox/devel/include/livox_ros_driver/CustomPoint.h)
Linked: (/home/bubblebear/ws_livox/devel/.private/livox_ros_driver/lib/pkgconfig/livox_ros_driver.pc, /home/bubblebear/ws_livox/devel/lib/pkgconfig/livox_ros_driver.pc)
Linked: (/home/bubblebear/ws_livox/devel/.private/livox_ros_driver/lib/python3/dist-packages/livox_ros_driver/__init__.py, /home/bubblebear/ws_livox/devel/lib/python3/dist-packages/livox_ros_driver/__init__.py)
Linked: (/home/bubblebear/ws_livox/devel/.private/livox_ros_driver/lib/python3/dist-packages/livox_ros_driver/msg/_CustomMsg.py, /home/bubblebear/ws_livox/devel/lib/python3/dist-packages/livox_ros_driver/msg/_CustomMsg.py)
Linked: (/home/bubblebear/ws_livox/devel/.private/livox_ros_driver/lib/python3/dist-packages/livox_ros_driver/msg/_CustomPoint.py, /home/bubblebear/ws_livox/devel/lib/python3/dist-packages/livox_ros_driver/msg/_CustomPoint.py)
Linked: (/home/bubblebear/ws_livox/devel/.private/livox_ros_driver/lib/python3/dist-packages/livox_ros_driver/msg/__init__.py, /home/bubblebear/ws_livox/devel/lib/python3/dist-packages/livox_ros_driver/msg/__init__.py)
Linked: (/home/bubblebear/ws_livox/devel/.private/livox_ros_driver/lib/livox_ros_driver/livox_ros_driver_node, /home/bubblebear/ws_livox/devel/lib/livox_ros_driver/livox_ros_driver_node)
Linked: (/home/bubblebear/ws_livox/devel/.private/livox_ros_driver/share/gennodejs/ros/livox_ros_driver/_index.js, /home/bubblebear/ws_livox/devel/share/gennodejs/ros/livox_ros_driver/_index.js)
Linked: (/home/bubblebear/ws_livox/devel/.private/livox_ros_driver/share/gennodejs/ros/livox_ros_driver/msg/CustomPoint.js, /home/bubblebear/ws_livox/devel/share/gennodejs/ros/livox_ros_driver/msg/CustomPoint.js)
Linked: (/home/bubblebear/ws_livox/devel/.private/livox_ros_driver/share/gennodejs/ros/livox_ros_driver/msg/CustomMsg.js, /home/bubblebear/ws_livox/devel/share/gennodejs/ros/livox_ros_driver/msg/CustomMsg.js)
Linked: (/home/bubblebear/ws_livox/devel/.private/livox_ros_driver/share/gennodejs/ros/livox_ros_driver/msg/_index.js, /home/bubblebear/ws_livox/devel/share/gennodejs/ros/livox_ros_driver/msg/_index.js)
Linked: (/home/bubblebear/ws_livox/devel/.private/livox_ros_driver/share/common-lisp/ros/livox_ros_driver/msg/_package.lisp, /home/bubblebear/ws_livox/devel/share/common-lisp/ros/livox_ros_driver/msg/_package.lisp)
Linked: (/home/bubblebear/ws_livox/devel/.private/livox_ros_driver/share/common-lisp/ros/livox_ros_driver/msg/_package_CustomPoint.lisp, /home/bubblebear/ws_livox/devel/share/common-lisp/ros/livox_ros_driver/msg/_package_CustomPoint.lisp)
Linked: (/home/bubblebear/ws_livox/devel/.private/livox_ros_driver/share/common-lisp/ros/livox_ros_driver/msg/_package_CustomMsg.lisp, /home/bubblebear/ws_livox/devel/share/common-lisp/ros/livox_ros_driver/msg/_package_CustomMsg.lisp)
Linked: (/home/bubblebear/ws_livox/devel/.private/livox_ros_driver/share/common-lisp/ros/livox_ros_driver/msg/livox_ros_driver-msg.asd, /home/bubblebear/ws_livox/devel/share/common-lisp/ros/livox_ros_driver/msg/livox_ros_driver-msg.asd)
Linked: (/home/bubblebear/ws_livox/devel/.private/livox_ros_driver/share/common-lisp/ros/livox_ros_driver/msg/CustomMsg.lisp, /home/bubblebear/ws_livox/devel/share/common-lisp/ros/livox_ros_driver/msg/CustomMsg.lisp)
Linked: (/home/bubblebear/ws_livox/devel/.private/livox_ros_driver/share/common-lisp/ros/livox_ros_driver/msg/CustomPoint.lisp, /home/bubblebear/ws_livox/devel/share/common-lisp/ros/livox_ros_driver/msg/CustomPoint.lisp)
Linked: (/home/bubblebear/ws_livox/devel/.private/livox_ros_driver/share/livox_ros_driver/cmake/livox_ros_driver-msg-paths.cmake, /home/bubblebear/ws_livox/devel/share/livox_ros_driver/cmake/livox_ros_driver-msg-paths.cmake)
Linked: (/home/bubblebear/ws_livox/devel/.private/livox_ros_driver/share/livox_ros_driver/cmake/livox_ros_driver-msg-extras.cmake, /home/bubblebear/ws_livox/devel/share/livox_ros_driver/cmake/livox_ros_driver-msg-extras.cmake)
Linked: (/home/bubblebear/ws_livox/devel/.private/livox_ros_driver/share/livox_ros_driver/cmake/livox_ros_driverConfig-version.cmake, /home/bubblebear/ws_livox/devel/share/livox_ros_driver/cmake/livox_ros_driverConfig-version.cmake)
Linked: (/home/bubblebear/ws_livox/devel/.private/livox_ros_driver/share/livox_ros_driver/cmake/livox_ros_driverConfig.cmake, /home/bubblebear/ws_livox/devel/share/livox_ros_driver/cmake/livox_ros_driverConfig.cmake)
Linked: (/home/bubblebear/ws_livox/devel/.private/livox_ros_driver/share/roseus/ros/livox_ros_driver/manifest.l, /home/bubblebear/ws_livox/devel/share/roseus/ros/livox_ros_driver/manifest.l)
Linked: (/home/bubblebear/ws_livox/devel/.private/livox_ros_driver/share/roseus/ros/livox_ros_driver/msg/CustomMsg.l, /home/bubblebear/ws_livox/devel/share/roseus/ros/livox_ros_driver/msg/CustomMsg.l)
Linked: (/home/bubblebear/ws_livox/devel/.private/livox_ros_driver/share/roseus/ros/livox_ros_driver/msg/CustomPoint.l, /home/bubblebear/ws_livox/devel/share/roseus/ros/livox_ros_driver/msg/CustomPoint.l)
