[01m[K/home/bubblebear/ws_livox/src/depth_clustering/src/projections/cloud_projection.cpp:[m[K In member function ‘[01m[Kvirtual depth_clustering::RichPoint depth_clustering::CloudProjection::UnprojectPoint(const cv::Mat&, int, int) const[m[K’:
[01m[K/home/bubblebear/ws_livox/src/depth_clustering/src/projections/cloud_projection.cpp:51:10:[m[K [01;35m[Kwarning: [m[Kimplicitly-declared ‘[01m[Kdepth_clustering::RichPoint::RichPoint(const depth_clustering::RichPoint&)[m[K’ is deprecated [[01;35m[K-Wdeprecated-copy[m[K]
   51 |   return [01;35m[Kpoint[m[K;
      |          [01;35m[K^~~~~[m[K
In file included from [01m[K/home/bubblebear/ws_livox/src/depth_clustering/src/projections/cloud_projection.h:39[m[K,
                 from [01m[K/home/bubblebear/ws_livox/src/depth_clustering/src/projections/cloud_projection.cpp:21[m[K:
[01m[K/home/bubblebear/ws_livox/src/depth_clustering/src/utils/rich_point.h:68:14:[m[K [01;36m[Knote: [m[Kbecause ‘[01m[Kdepth_clustering::RichPoint[m[K’ has user-provided ‘[01m[Kdepth_clustering::RichPoint& depth_clustering::RichPoint::operator=(const depth_clustering::RichPoint&)[m[K’
   68 |   RichPoint& [01;36m[Koperator[m[K=(const RichPoint& other);
      |              [01;36m[K^~~~~~~~[m[K
In file included from [01m[K/home/bubblebear/ws_livox/src/depth_clustering/src/utils/cloud.h:40[m[K,
                 from [01m[K/home/bubblebear/ws_livox/src/depth_clustering/src/qt/drawables/./drawable_cloud.h:24[m[K,
                 from [01m[K/home/bubblebear/ws_livox/src/depth_clustering/src/qt/drawables/drawable_cloud.cpp:21[m[K:
[01m[K/home/bubblebear/ws_livox/src/depth_clustering/src/utils/pose.h:[m[K In member function ‘[01m[Kdepth_clustering::Pose depth_clustering::Pose::InLocalFrameOf(const depth_clustering::Pose&) const[m[K’:
[01m[K/home/bubblebear/ws_livox/src/depth_clustering/src/utils/pose.h:102:20:[m[K [01;35m[Kwarning: [m[Kimplicitly-declared ‘[01m[Kdepth_clustering::Pose::Pose(const depth_clustering::Pose&)[m[K’ is deprecated [[01;35m[K-Wdeprecated-copy[m[K]
  102 |     Pose pose(*this[01;35m[K)[m[K;
      |                    [01;35m[K^[m[K
[01m[K/home/bubblebear/ws_livox/src/depth_clustering/src/utils/pose.h:119:9:[m[K [01;36m[Knote: [m[Kbecause ‘[01m[Kdepth_clustering::Pose[m[K’ has user-provided ‘[01m[Kdepth_clustering::Pose& depth_clustering::Pose::operator=(const depth_clustering::Pose&)[m[K’
  119 |   Pose& [01;36m[Koperator[m[K=(const Pose& other) {
      |         [01;36m[K^~~~~~~~[m[K
[01m[K/home/bubblebear/ws_livox/src/depth_clustering/src/utils/pose.h:104:12:[m[K [01;35m[Kwarning: [m[Kimplicitly-declared ‘[01m[Kdepth_clustering::Pose::Pose(const depth_clustering::Pose&)[m[K’ is deprecated [[01;35m[K-Wdeprecated-copy[m[K]
  104 |     return [01;35m[Kpose[m[K;
      |            [01;35m[K^~~~[m[K
[01m[K/home/bubblebear/ws_livox/src/depth_clustering/src/utils/pose.h:119:9:[m[K [01;36m[Knote: [m[Kbecause ‘[01m[Kdepth_clustering::Pose[m[K’ has user-provided ‘[01m[Kdepth_clustering::Pose& depth_clustering::Pose::operator=(const depth_clustering::Pose&)[m[K’
  119 |   Pose& [01;36m[Koperator[m[K=(const Pose& other) {
      |         [01;36m[K^~~~~~~~[m[K
[01m[K/home/bubblebear/ws_livox/src/depth_clustering/src/utils/pose.h:[m[K In member function ‘[01m[Kdepth_clustering::Pose::Ptr depth_clustering::Pose::InLocalFrameOf(const Ptr&) const[m[K’:
[01m[K/home/bubblebear/ws_livox/src/depth_clustering/src/utils/pose.h:108:34:[m[K [01;35m[Kwarning: [m[Kimplicitly-declared ‘[01m[Kdepth_clustering::Pose::Pose(const depth_clustering::Pose&)[m[K’ is deprecated [[01;35m[K-Wdeprecated-copy[m[K]
  108 |     Pose::Ptr pose(new Pose(*this[01;35m[K)[m[K);
      |                                  [01;35m[K^[m[K
[01m[K/home/bubblebear/ws_livox/src/depth_clustering/src/utils/pose.h:119:9:[m[K [01;36m[Knote: [m[Kbecause ‘[01m[Kdepth_clustering::Pose[m[K’ has user-provided ‘[01m[Kdepth_clustering::Pose& depth_clustering::Pose::operator=(const depth_clustering::Pose&)[m[K’
  119 |   Pose& [01;36m[Koperator[m[K=(const Pose& other) {
      |         [01;36m[K^~~~~~~~[m[K
[01m[K/home/bubblebear/ws_livox/src/depth_clustering/src/utils/pose.h:[m[K In member function ‘[01m[Kdepth_clustering::Pose depth_clustering::Pose::operator-()[m[K’:
[01m[K/home/bubblebear/ws_livox/src/depth_clustering/src/utils/pose.h:143:12:[m[K [01;35m[Kwarning: [m[Kimplicitly-declared ‘[01m[Kdepth_clustering::Pose::Pose(const depth_clustering::Pose&)[m[K’ is deprecated [[01;35m[K-Wdeprecated-copy[m[K]
  143 |     return [01;35m[Kinverted[m[K;
      |            [01;35m[K^~~~~~~~[m[K
[01m[K/home/bubblebear/ws_livox/src/depth_clustering/src/utils/pose.h:119:9:[m[K [01;36m[Knote: [m[Kbecause ‘[01m[Kdepth_clustering::Pose[m[K’ has user-provided ‘[01m[Kdepth_clustering::Pose& depth_clustering::Pose::operator=(const depth_clustering::Pose&)[m[K’
  119 |   Pose& [01;36m[Koperator[m[K=(const Pose& other) {
      |         [01;36m[K^~~~~~~~[m[K
In file included from [01m[K/home/bubblebear/ws_livox/src/depth_clustering/src/utils/cloud.h:40[m[K,
                 from [01m[K/home/bubblebear/ws_livox/src/depth_clustering/test/./helper_funcs.h:24[m[K,
                 from [01m[K/home/bubblebear/ws_livox/src/depth_clustering/test/helper_funcs.cpp:21[m[K:
[01m[K/home/bubblebear/ws_livox/src/depth_clustering/src/utils/pose.h:[m[K In member function ‘[01m[Kdepth_clustering::Pose depth_clustering::Pose::InLocalFrameOf(const depth_clustering::Pose&) const[m[K’:
[01m[K/home/bubblebear/ws_livox/src/depth_clustering/src/utils/pose.h:102:20:[m[K [01;35m[Kwarning: [m[Kimplicitly-declared ‘[01m[Kdepth_clustering::Pose::Pose(const depth_clustering::Pose&)[m[K’ is deprecated [[01;35m[K-Wdeprecated-copy[m[K]
  102 |     Pose pose(*this[01;35m[K)[m[K;
      |                    [01;35m[K^[m[K
[01m[K/home/bubblebear/ws_livox/src/depth_clustering/src/utils/pose.h:119:9:[m[K [01;36m[Knote: [m[Kbecause ‘[01m[Kdepth_clustering::Pose[m[K’ has user-provided ‘[01m[Kdepth_clustering::Pose& depth_clustering::Pose::operator=(const depth_clustering::Pose&)[m[K’
  119 |   Pose& [01;36m[Koperator[m[K=(const Pose& other) {
      |         [01;36m[K^~~~~~~~[m[K
[01m[K/home/bubblebear/ws_livox/src/depth_clustering/src/utils/pose.h:104:12:[m[K [01;35m[Kwarning: [m[Kimplicitly-declared ‘[01m[Kdepth_clustering::Pose::Pose(const depth_clustering::Pose&)[m[K’ is deprecated [[01;35m[K-Wdeprecated-copy[m[K]
  104 |     return [01;35m[Kpose[m[K;
      |            [01;35m[K^~~~[m[K
[01m[K/home/bubblebear/ws_livox/src/depth_clustering/src/utils/pose.h:119:9:[m[K [01;36m[Knote: [m[Kbecause ‘[01m[Kdepth_clustering::Pose[m[K’ has user-provided ‘[01m[Kdepth_clustering::Pose& depth_clustering::Pose::operator=(const depth_clustering::Pose&)[m[K’
  119 |   Pose& [01;36m[Koperator[m[K=(const Pose& other) {
      |         [01;36m[K^~~~~~~~[m[K
[01m[K/home/bubblebear/ws_livox/src/depth_clustering/src/utils/pose.h:[m[K In member function ‘[01m[Kdepth_clustering::Pose::Ptr depth_clustering::Pose::InLocalFrameOf(const Ptr&) const[m[K’:
[01m[K/home/bubblebear/ws_livox/src/depth_clustering/src/utils/pose.h:108:34:[m[K [01;35m[Kwarning: [m[Kimplicitly-declared ‘[01m[Kdepth_clustering::Pose::Pose(const depth_clustering::Pose&)[m[K’ is deprecated [[01;35m[K-Wdeprecated-copy[m[K]
  108 |     Pose::Ptr pose(new Pose(*this[01;35m[K)[m[K);
      |                                  [01;35m[K^[m[K
[01m[K/home/bubblebear/ws_livox/src/depth_clustering/src/utils/pose.h:119:9:[m[K [01;36m[Knote: [m[Kbecause ‘[01m[Kdepth_clustering::Pose[m[K’ has user-provided ‘[01m[Kdepth_clustering::Pose& depth_clustering::Pose::operator=(const depth_clustering::Pose&)[m[K’
  119 |   Pose& [01;36m[Koperator[m[K=(const Pose& other) {
      |         [01;36m[K^~~~~~~~[m[K
[01m[K/home/bubblebear/ws_livox/src/depth_clustering/src/utils/pose.h:[m[K In member function ‘[01m[Kdepth_clustering::Pose depth_clustering::Pose::operator-()[m[K’:
[01m[K/home/bubblebear/ws_livox/src/depth_clustering/src/utils/pose.h:143:12:[m[K [01;35m[Kwarning: [m[Kimplicitly-declared ‘[01m[Kdepth_clustering::Pose::Pose(const depth_clustering::Pose&)[m[K’ is deprecated [[01;35m[K-Wdeprecated-copy[m[K]
  143 |     return [01;35m[Kinverted[m[K;
      |            [01;35m[K^~~~~~~~[m[K
[01m[K/home/bubblebear/ws_livox/src/depth_clustering/src/utils/pose.h:119:9:[m[K [01;36m[Knote: [m[Kbecause ‘[01m[Kdepth_clustering::Pose[m[K’ has user-provided ‘[01m[Kdepth_clustering::Pose& depth_clustering::Pose::operator=(const depth_clustering::Pose&)[m[K’
  119 |   Pose& [01;36m[Koperator[m[K=(const Pose& other) {
      |         [01;36m[K^~~~~~~~[m[K
[01m[K/home/bubblebear/ws_livox/src/depth_clustering/src/utils/pose.h:[m[K In static member function ‘[01m[Kstatic depth_clustering::Pose depth_clustering::Pose::FromVector6f(const Vector6f&)[m[K’:
[01m[K/home/bubblebear/ws_livox/src/depth_clustering/src/utils/pose.h:165:12:[m[K [01;35m[Kwarning: [m[Kimplicitly-declared ‘[01m[Kdepth_clustering::Pose::Pose(const depth_clustering::Pose&)[m[K’ is deprecated [[01;35m[K-Wdeprecated-copy[m[K]
  165 |     return [01;35m[KT[m[K;
      |            [01;35m[K^[m[K
[01m[K/home/bubblebear/ws_livox/src/depth_clustering/src/utils/pose.h:119:9:[m[K [01;36m[Knote: [m[Kbecause ‘[01m[Kdepth_clustering::Pose[m[K’ has user-provided ‘[01m[Kdepth_clustering::Pose& depth_clustering::Pose::operator=(const depth_clustering::Pose&)[m[K’
  119 |   Pose& [01;36m[Koperator[m[K=(const Pose& other) {
      |         [01;36m[K^~~~~~~~[m[K
[01m[K/home/bubblebear/ws_livox/src/depth_clustering/src/utils/pose.h:[m[K In static member function ‘[01m[Kstatic depth_clustering::Pose depth_clustering::Pose::FromVector6f(const Vector6f&)[m[K’:
[01m[K/home/bubblebear/ws_livox/src/depth_clustering/src/utils/pose.h:165:12:[m[K [01;35m[Kwarning: [m[Kimplicitly-declared ‘[01m[Kdepth_clustering::Pose::Pose(const depth_clustering::Pose&)[m[K’ is deprecated [[01;35m[K-Wdeprecated-copy[m[K]
  165 |     return [01;35m[KT[m[K;
      |            [01;35m[K^[m[K
[01m[K/home/bubblebear/ws_livox/src/depth_clustering/src/utils/pose.h:119:9:[m[K [01;36m[Knote: [m[Kbecause ‘[01m[Kdepth_clustering::Pose[m[K’ has user-provided ‘[01m[Kdepth_clustering::Pose& depth_clustering::Pose::operator=(const depth_clustering::Pose&)[m[K’
  119 |   Pose& [01;36m[Koperator[m[K=(const Pose& other) {
      |         [01;36m[K^~~~~~~~[m[K
In file included from [01m[K/home/bubblebear/ws_livox/src/depth_clustering/src/qt/drawables/./drawable_cloud.h:24[m[K,
                 from [01m[K/home/bubblebear/ws_livox/src/depth_clustering/src/qt/drawables/drawable_cloud.cpp:21[m[K:
[01m[K/home/bubblebear/ws_livox/src/depth_clustering/src/utils/cloud.h:[m[K In constructor ‘[01m[Kdepth_clustering::Cloud::Cloud(const depth_clustering::Pose&)[m[K’:
[01m[K/home/bubblebear/ws_livox/src/depth_clustering/src/utils/cloud.h:59:64:[m[K [01;35m[Kwarning: [m[Kimplicitly-declared ‘[01m[Kdepth_clustering::Pose::Pose(const depth_clustering::Pose&)[m[K’ is deprecated [[01;35m[K-Wdeprecated-copy[m[K]
   59 |   explicit Cloud(const Pose& pose) : _pose(pose), _sensor_pose([01;35m[K)[m[K {}
      |                                                                [01;35m[K^[m[K
In file included from [01m[K/home/bubblebear/ws_livox/src/depth_clustering/src/utils/cloud.h:40[m[K,
                 from [01m[K/home/bubblebear/ws_livox/src/depth_clustering/src/qt/drawables/./drawable_cloud.h:24[m[K,
                 from [01m[K/home/bubblebear/ws_livox/src/depth_clustering/src/qt/drawables/drawable_cloud.cpp:21[m[K:
[01m[K/home/bubblebear/ws_livox/src/depth_clustering/src/utils/pose.h:119:9:[m[K [01;36m[Knote: [m[Kbecause ‘[01m[Kdepth_clustering::Pose[m[K’ has user-provided ‘[01m[Kdepth_clustering::Pose& depth_clustering::Pose::operator=(const depth_clustering::Pose&)[m[K’
  119 |   Pose& [01;36m[Koperator[m[K=(const Pose& other) {
      |         [01;36m[K^~~~~~~~[m[K
In file included from [01m[K/home/bubblebear/ws_livox/src/depth_clustering/test/./helper_funcs.h:24[m[K,
                 from [01m[K/home/bubblebear/ws_livox/src/depth_clustering/test/helper_funcs.cpp:21[m[K:
[01m[K/home/bubblebear/ws_livox/src/depth_clustering/src/utils/cloud.h:[m[K In constructor ‘[01m[Kdepth_clustering::Cloud::Cloud(const depth_clustering::Pose&)[m[K’:
[01m[K/home/bubblebear/ws_livox/src/depth_clustering/src/utils/cloud.h:59:64:[m[K [01;35m[Kwarning: [m[Kimplicitly-declared ‘[01m[Kdepth_clustering::Pose::Pose(const depth_clustering::Pose&)[m[K’ is deprecated [[01;35m[K-Wdeprecated-copy[m[K]
   59 |   explicit Cloud(const Pose& pose) : _pose(pose), _sensor_pose([01;35m[K)[m[K {}
      |                                                                [01;35m[K^[m[K
In file included from [01m[K/home/bubblebear/ws_livox/src/depth_clustering/src/utils/cloud.h:40[m[K,
                 from [01m[K/home/bubblebear/ws_livox/src/depth_clustering/test/./helper_funcs.h:24[m[K,
                 from [01m[K/home/bubblebear/ws_livox/src/depth_clustering/test/helper_funcs.cpp:21[m[K:
[01m[K/home/bubblebear/ws_livox/src/depth_clustering/src/utils/pose.h:119:9:[m[K [01;36m[Knote: [m[Kbecause ‘[01m[Kdepth_clustering::Pose[m[K’ has user-provided ‘[01m[Kdepth_clustering::Pose& depth_clustering::Pose::operator=(const depth_clustering::Pose&)[m[K’
  119 |   Pose& [01;36m[Koperator[m[K=(const Pose& other) {
      |         [01;36m[K^~~~~~~~[m[K
In file included from [01m[K/home/bubblebear/ws_livox/src/depth_clustering/src/utils/cloud.h:40[m[K,
                 from [01m[K/home/bubblebear/ws_livox/src/depth_clustering/src/qt/drawables/./object_painter.h:29[m[K,
                 from [01m[K/home/bubblebear/ws_livox/src/depth_clustering/src/qt/drawables/object_painter.cpp:21[m[K:
[01m[K/home/bubblebear/ws_livox/src/depth_clustering/src/utils/pose.h:[m[K In member function ‘[01m[Kdepth_clustering::Pose depth_clustering::Pose::InLocalFrameOf(const depth_clustering::Pose&) const[m[K’:
[01m[K/home/bubblebear/ws_livox/src/depth_clustering/src/utils/pose.h:102:20:[m[K [01;35m[Kwarning: [m[Kimplicitly-declared ‘[01m[Kdepth_clustering::Pose::Pose(const depth_clustering::Pose&)[m[K’ is deprecated [[01;35m[K-Wdeprecated-copy[m[K]
  102 |     Pose pose(*this[01;35m[K)[m[K;
      |                    [01;35m[K^[m[K
[01m[K/home/bubblebear/ws_livox/src/depth_clustering/src/utils/pose.h:119:9:[m[K [01;36m[Knote: [m[Kbecause ‘[01m[Kdepth_clustering::Pose[m[K’ has user-provided ‘[01m[Kdepth_clustering::Pose& depth_clustering::Pose::operator=(const depth_clustering::Pose&)[m[K’
  119 |   Pose& [01;36m[Koperator[m[K=(const Pose& other) {
      |         [01;36m[K^~~~~~~~[m[K
[01m[K/home/bubblebear/ws_livox/src/depth_clustering/src/utils/pose.h:104:12:[m[K [01;35m[Kwarning: [m[Kimplicitly-declared ‘[01m[Kdepth_clustering::Pose::Pose(const depth_clustering::Pose&)[m[K’ is deprecated [[01;35m[K-Wdeprecated-copy[m[K]
  104 |     return [01;35m[Kpose[m[K;
      |            [01;35m[K^~~~[m[K
[01m[K/home/bubblebear/ws_livox/src/depth_clustering/src/utils/pose.h:119:9:[m[K [01;36m[Knote: [m[Kbecause ‘[01m[Kdepth_clustering::Pose[m[K’ has user-provided ‘[01m[Kdepth_clustering::Pose& depth_clustering::Pose::operator=(const depth_clustering::Pose&)[m[K’
  119 |   Pose& [01;36m[Koperator[m[K=(const Pose& other) {
      |         [01;36m[K^~~~~~~~[m[K
[01m[K/home/bubblebear/ws_livox/src/depth_clustering/src/utils/pose.h:[m[K In member function ‘[01m[Kdepth_clustering::Pose::Ptr depth_clustering::Pose::InLocalFrameOf(const Ptr&) const[m[K’:
[01m[K/home/bubblebear/ws_livox/src/depth_clustering/src/utils/pose.h:108:34:[m[K [01;35m[Kwarning: [m[Kimplicitly-declared ‘[01m[Kdepth_clustering::Pose::Pose(const depth_clustering::Pose&)[m[K’ is deprecated [[01;35m[K-Wdeprecated-copy[m[K]
  108 |     Pose::Ptr pose(new Pose(*this[01;35m[K)[m[K);
      |                                  [01;35m[K^[m[K
[01m[K/home/bubblebear/ws_livox/src/depth_clustering/src/utils/pose.h:119:9:[m[K [01;36m[Knote: [m[Kbecause ‘[01m[Kdepth_clustering::Pose[m[K’ has user-provided ‘[01m[Kdepth_clustering::Pose& depth_clustering::Pose::operator=(const depth_clustering::Pose&)[m[K’
  119 |   Pose& [01;36m[Koperator[m[K=(const Pose& other) {
      |         [01;36m[K^~~~~~~~[m[K
[01m[K/home/bubblebear/ws_livox/src/depth_clustering/src/utils/pose.h:[m[K In member function ‘[01m[Kdepth_clustering::Pose depth_clustering::Pose::operator-()[m[K’:
[01m[K/home/bubblebear/ws_livox/src/depth_clustering/src/utils/pose.h:143:12:[m[K [01;35m[Kwarning: [m[Kimplicitly-declared ‘[01m[Kdepth_clustering::Pose::Pose(const depth_clustering::Pose&)[m[K’ is deprecated [[01;35m[K-Wdeprecated-copy[m[K]
  143 |     return [01;35m[Kinverted[m[K;
      |            [01;35m[K^~~~~~~~[m[K
[01m[K/home/bubblebear/ws_livox/src/depth_clustering/src/utils/pose.h:119:9:[m[K [01;36m[Knote: [m[Kbecause ‘[01m[Kdepth_clustering::Pose[m[K’ has user-provided ‘[01m[Kdepth_clustering::Pose& depth_clustering::Pose::operator=(const depth_clustering::Pose&)[m[K’
  119 |   Pose& [01;36m[Koperator[m[K=(const Pose& other) {
      |         [01;36m[K^~~~~~~~[m[K
In file included from [01m[K/home/bubblebear/ws_livox/src/depth_clustering/src/utils/cloud.h:40[m[K,
                 from [01m[K/home/bubblebear/ws_livox/src/depth_clustering/src/projections/ring_projection.h:31[m[K,
                 from [01m[K/home/bubblebear/ws_livox/src/depth_clustering/src/projections/ring_projection.cpp:21[m[K:
[01m[K/home/bubblebear/ws_livox/src/depth_clustering/src/utils/pose.h:[m[K In member function ‘[01m[Kdepth_clustering::Pose depth_clustering::Pose::InLocalFrameOf(const depth_clustering::Pose&) const[m[K’:
[01m[K/home/bubblebear/ws_livox/src/depth_clustering/src/utils/pose.h:102:20:[m[K [01;35m[Kwarning: [m[Kimplicitly-declared ‘[01m[Kdepth_clustering::Pose::Pose(const depth_clustering::Pose&)[m[K’ is deprecated [[01;35m[K-Wdeprecated-copy[m[K]
  102 |     Pose pose(*this[01;35m[K)[m[K;
      |                    [01;35m[K^[m[K
[01m[K/home/bubblebear/ws_livox/src/depth_clustering/src/utils/pose.h:119:9:[m[K [01;36m[Knote: [m[Kbecause ‘[01m[Kdepth_clustering::Pose[m[K’ has user-provided ‘[01m[Kdepth_clustering::Pose& depth_clustering::Pose::operator=(const depth_clustering::Pose&)[m[K’
  119 |   Pose& [01;36m[Koperator[m[K=(const Pose& other) {
      |         [01;36m[K^~~~~~~~[m[K
[01m[K/home/bubblebear/ws_livox/src/depth_clustering/src/utils/pose.h:104:12:[m[K [01;35m[Kwarning: [m[Kimplicitly-declared ‘[01m[Kdepth_clustering::Pose::Pose(const depth_clustering::Pose&)[m[K’ is deprecated [[01;35m[K-Wdeprecated-copy[m[K]
  104 |     return [01;35m[Kpose[m[K;
      |            [01;35m[K^~~~[m[K
[01m[K/home/bubblebear/ws_livox/src/depth_clustering/src/utils/pose.h:119:9:[m[K [01;36m[Knote: [m[Kbecause ‘[01m[Kdepth_clustering::Pose[m[K’ has user-provided ‘[01m[Kdepth_clustering::Pose& depth_clustering::Pose::operator=(const depth_clustering::Pose&)[m[K’
  119 |   Pose& [01;36m[Koperator[m[K=(const Pose& other) {
      |         [01;36m[K^~~~~~~~[m[K
[01m[K/home/bubblebear/ws_livox/src/depth_clustering/src/utils/pose.h:[m[K In member function ‘[01m[Kdepth_clustering::Pose::Ptr depth_clustering::Pose::InLocalFrameOf(const Ptr&) const[m[K’:
[01m[K/home/bubblebear/ws_livox/src/depth_clustering/src/utils/pose.h:108:34:[m[K [01;35m[Kwarning: [m[Kimplicitly-declared ‘[01m[Kdepth_clustering::Pose::Pose(const depth_clustering::Pose&)[m[K’ is deprecated [[01;35m[K-Wdeprecated-copy[m[K]
  108 |     Pose::Ptr pose(new Pose(*this[01;35m[K)[m[K);
      |                                  [01;35m[K^[m[K
[01m[K/home/bubblebear/ws_livox/src/depth_clustering/src/utils/pose.h:119:9:[m[K [01;36m[Knote: [m[Kbecause ‘[01m[Kdepth_clustering::Pose[m[K’ has user-provided ‘[01m[Kdepth_clustering::Pose& depth_clustering::Pose::operator=(const depth_clustering::Pose&)[m[K’
  119 |   Pose& [01;36m[Koperator[m[K=(const Pose& other) {
      |         [01;36m[K^~~~~~~~[m[K
[01m[K/home/bubblebear/ws_livox/src/depth_clustering/src/utils/pose.h:[m[K In member function ‘[01m[Kdepth_clustering::Pose depth_clustering::Pose::operator-()[m[K’:
[01m[K/home/bubblebear/ws_livox/src/depth_clustering/src/utils/pose.h:143:12:[m[K [01;35m[Kwarning: [m[Kimplicitly-declared ‘[01m[Kdepth_clustering::Pose::Pose(const depth_clustering::Pose&)[m[K’ is deprecated [[01;35m[K-Wdeprecated-copy[m[K]
  143 |     return [01;35m[Kinverted[m[K;
      |            [01;35m[K^~~~~~~~[m[K
[01m[K/home/bubblebear/ws_livox/src/depth_clustering/src/utils/pose.h:119:9:[m[K [01;36m[Knote: [m[Kbecause ‘[01m[Kdepth_clustering::Pose[m[K’ has user-provided ‘[01m[Kdepth_clustering::Pose& depth_clustering::Pose::operator=(const depth_clustering::Pose&)[m[K’
  119 |   Pose& [01;36m[Koperator[m[K=(const Pose& other) {
      |         [01;36m[K^~~~~~~~[m[K
[01m[K/home/bubblebear/ws_livox/src/depth_clustering/src/utils/pose.h:[m[K In static member function ‘[01m[Kstatic depth_clustering::Pose depth_clustering::Pose::FromVector6f(const Vector6f&)[m[K’:
[01m[K/home/bubblebear/ws_livox/src/depth_clustering/src/utils/pose.h:165:12:[m[K [01;35m[Kwarning: [m[Kimplicitly-declared ‘[01m[Kdepth_clustering::Pose::Pose(const depth_clustering::Pose&)[m[K’ is deprecated [[01;35m[K-Wdeprecated-copy[m[K]
  165 |     return [01;35m[KT[m[K;
      |            [01;35m[K^[m[K
[01m[K/home/bubblebear/ws_livox/src/depth_clustering/src/utils/pose.h:119:9:[m[K [01;36m[Knote: [m[Kbecause ‘[01m[Kdepth_clustering::Pose[m[K’ has user-provided ‘[01m[Kdepth_clustering::Pose& depth_clustering::Pose::operator=(const depth_clustering::Pose&)[m[K’
  119 |   Pose& [01;36m[Koperator[m[K=(const Pose& other) {
      |         [01;36m[K^~~~~~~~[m[K
[01m[K/home/bubblebear/ws_livox/src/depth_clustering/src/utils/pose.h:[m[K In static member function ‘[01m[Kstatic depth_clustering::Pose depth_clustering::Pose::FromVector6f(const Vector6f&)[m[K’:
[01m[K/home/bubblebear/ws_livox/src/depth_clustering/src/utils/pose.h:165:12:[m[K [01;35m[Kwarning: [m[Kimplicitly-declared ‘[01m[Kdepth_clustering::Pose::Pose(const depth_clustering::Pose&)[m[K’ is deprecated [[01;35m[K-Wdeprecated-copy[m[K]
  165 |     return [01;35m[KT[m[K;
      |            [01;35m[K^[m[K
[01m[K/home/bubblebear/ws_livox/src/depth_clustering/src/utils/pose.h:119:9:[m[K [01;36m[Knote: [m[Kbecause ‘[01m[Kdepth_clustering::Pose[m[K’ has user-provided ‘[01m[Kdepth_clustering::Pose& depth_clustering::Pose::operator=(const depth_clustering::Pose&)[m[K’
  119 |   Pose& [01;36m[Koperator[m[K=(const Pose& other) {
      |         [01;36m[K^~~~~~~~[m[K
In file included from [01m[K/home/bubblebear/ws_livox/src/depth_clustering/src/qt/drawables/./object_painter.h:29[m[K,
                 from [01m[K/home/bubblebear/ws_livox/src/depth_clustering/src/qt/drawables/object_painter.cpp:21[m[K:
[01m[K/home/bubblebear/ws_livox/src/depth_clustering/src/utils/cloud.h:[m[K In constructor ‘[01m[Kdepth_clustering::Cloud::Cloud(const depth_clustering::Pose&)[m[K’:
[01m[K/home/bubblebear/ws_livox/src/depth_clustering/src/utils/cloud.h:59:64:[m[K [01;35m[Kwarning: [m[Kimplicitly-declared ‘[01m[Kdepth_clustering::Pose::Pose(const depth_clustering::Pose&)[m[K’ is deprecated [[01;35m[K-Wdeprecated-copy[m[K]
   59 |   explicit Cloud(const Pose& pose) : _pose(pose), _sensor_pose([01;35m[K)[m[K {}
      |                                                                [01;35m[K^[m[K
In file included from [01m[K/home/bubblebear/ws_livox/src/depth_clustering/src/utils/cloud.h:40[m[K,
                 from [01m[K/home/bubblebear/ws_livox/src/depth_clustering/src/qt/drawables/./object_painter.h:29[m[K,
                 from [01m[K/home/bubblebear/ws_livox/src/depth_clustering/src/qt/drawables/object_painter.cpp:21[m[K:
[01m[K/home/bubblebear/ws_livox/src/depth_clustering/src/utils/pose.h:119:9:[m[K [01;36m[Knote: [m[Kbecause ‘[01m[Kdepth_clustering::Pose[m[K’ has user-provided ‘[01m[Kdepth_clustering::Pose& depth_clustering::Pose::operator=(const depth_clustering::Pose&)[m[K’
  119 |   Pose& [01;36m[Koperator[m[K=(const Pose& other) {
      |         [01;36m[K^~~~~~~~[m[K
In file included from [01m[K/home/bubblebear/ws_livox/src/depth_clustering/src/projections/ring_projection.h:31[m[K,
                 from [01m[K/home/bubblebear/ws_livox/src/depth_clustering/src/projections/ring_projection.cpp:21[m[K:
[01m[K/home/bubblebear/ws_livox/src/depth_clustering/src/utils/cloud.h:[m[K In constructor ‘[01m[Kdepth_clustering::Cloud::Cloud(const depth_clustering::Pose&)[m[K’:
[01m[K/home/bubblebear/ws_livox/src/depth_clustering/src/utils/cloud.h:59:64:[m[K [01;35m[Kwarning: [m[Kimplicitly-declared ‘[01m[Kdepth_clustering::Pose::Pose(const depth_clustering::Pose&)[m[K’ is deprecated [[01;35m[K-Wdeprecated-copy[m[K]
   59 |   explicit Cloud(const Pose& pose) : _pose(pose), _sensor_pose([01;35m[K)[m[K {}
      |                                                                [01;35m[K^[m[K
In file included from [01m[K/home/bubblebear/ws_livox/src/depth_clustering/src/utils/cloud.h:40[m[K,
                 from [01m[K/home/bubblebear/ws_livox/src/depth_clustering/src/projections/ring_projection.h:31[m[K,
                 from [01m[K/home/bubblebear/ws_livox/src/depth_clustering/src/projections/ring_projection.cpp:21[m[K:
[01m[K/home/bubblebear/ws_livox/src/depth_clustering/src/utils/pose.h:119:9:[m[K [01;36m[Knote: [m[Kbecause ‘[01m[Kdepth_clustering::Pose[m[K’ has user-provided ‘[01m[Kdepth_clustering::Pose& depth_clustering::Pose::operator=(const depth_clustering::Pose&)[m[K’
  119 |   Pose& [01;36m[Koperator[m[K=(const Pose& other) {
      |         [01;36m[K^~~~~~~~[m[K
[01m[K/home/bubblebear/ws_livox/src/depth_clustering/src/projections/ring_projection.cpp:[m[K In member function ‘[01m[Kvirtual depth_clustering::RichPoint depth_clustering::RingProjection::UnprojectPoint(const cv::Mat&, int, int) const[m[K’:
[01m[K/home/bubblebear/ws_livox/src/depth_clustering/src/projections/ring_projection.cpp:63:10:[m[K [01;35m[Kwarning: [m[Kimplicitly-declared ‘[01m[Kdepth_clustering::RichPoint::RichPoint(const depth_clustering::RichPoint&)[m[K’ is deprecated [[01;35m[K-Wdeprecated-copy[m[K]
   63 |   return [01;35m[Kpoint[m[K;
      |          [01;35m[K^~~~~[m[K
In file included from [01m[K/home/bubblebear/ws_livox/src/depth_clustering/src/projections/cloud_projection.h:39[m[K,
                 from [01m[K/home/bubblebear/ws_livox/src/depth_clustering/src/projections/ring_projection.h:29[m[K,
                 from [01m[K/home/bubblebear/ws_livox/src/depth_clustering/src/projections/ring_projection.cpp:21[m[K:
[01m[K/home/bubblebear/ws_livox/src/depth_clustering/src/utils/rich_point.h:68:14:[m[K [01;36m[Knote: [m[Kbecause ‘[01m[Kdepth_clustering::RichPoint[m[K’ has user-provided ‘[01m[Kdepth_clustering::RichPoint& depth_clustering::RichPoint::operator=(const depth_clustering::RichPoint&)[m[K’
   68 |   RichPoint& [01;36m[Koperator[m[K=(const RichPoint& other);
      |              [01;36m[K^~~~~~~~[m[K
[01m[K/home/bubblebear/ws_livox/src/depth_clustering/src/ros_bridge/cloud_odom_ros_subscriber.cpp:22:10:[m[K [01;31m[Kfatal error: [m[Keigen_conversions/eigen_msg.h: No such file or directory
   22 | #include [01;31m[K<eigen_conversions/eigen_msg.h>[m[K
      |          [01;31m[K^~~~~~~~~~~~~~~~~~~~~~~~~~~~~~~[m[K
compilation terminated.
make[2]: *** [src/ros_bridge/CMakeFiles/ros_bridge.dir/build.make:63: src/ros_bridge/CMakeFiles/ros_bridge.dir/cloud_odom_ros_subscriber.cpp.o] Error 1
make[1]: *** [CMakeFiles/Makefile2:3319: src/ros_bridge/CMakeFiles/ros_bridge.dir/all] Error 2
make[1]: *** Waiting for unfinished jobs....
In file included from [01m[K/home/bubblebear/ws_livox/src/depth_clustering/src/utils/cloud.h:40[m[K,
                 from [01m[K/home/bubblebear/ws_livox/src/depth_clustering/src/projections/spherical_projection.h:31[m[K,
                 from [01m[K/home/bubblebear/ws_livox/src/depth_clustering/src/projections/spherical_projection.cpp:21[m[K:
[01m[K/home/bubblebear/ws_livox/src/depth_clustering/src/utils/pose.h:[m[K In member function ‘[01m[Kdepth_clustering::Pose depth_clustering::Pose::InLocalFrameOf(const depth_clustering::Pose&) const[m[K’:
[01m[K/home/bubblebear/ws_livox/src/depth_clustering/src/utils/pose.h:102:20:[m[K [01;35m[Kwarning: [m[Kimplicitly-declared ‘[01m[Kdepth_clustering::Pose::Pose(const depth_clustering::Pose&)[m[K’ is deprecated [[01;35m[K-Wdeprecated-copy[m[K]
  102 |     Pose pose(*this[01;35m[K)[m[K;
      |                    [01;35m[K^[m[K
[01m[K/home/bubblebear/ws_livox/src/depth_clustering/src/utils/pose.h:119:9:[m[K [01;36m[Knote: [m[Kbecause ‘[01m[Kdepth_clustering::Pose[m[K’ has user-provided ‘[01m[Kdepth_clustering::Pose& depth_clustering::Pose::operator=(const depth_clustering::Pose&)[m[K’
  119 |   Pose& [01;36m[Koperator[m[K=(const Pose& other) {
      |         [01;36m[K^~~~~~~~[m[K
[01m[K/home/bubblebear/ws_livox/src/depth_clustering/src/utils/pose.h:104:12:[m[K [01;35m[Kwarning: [m[Kimplicitly-declared ‘[01m[Kdepth_clustering::Pose::Pose(const depth_clustering::Pose&)[m[K’ is deprecated [[01;35m[K-Wdeprecated-copy[m[K]
  104 |     return [01;35m[Kpose[m[K;
      |            [01;35m[K^~~~[m[K
[01m[K/home/bubblebear/ws_livox/src/depth_clustering/src/utils/pose.h:119:9:[m[K [01;36m[Knote: [m[Kbecause ‘[01m[Kdepth_clustering::Pose[m[K’ has user-provided ‘[01m[Kdepth_clustering::Pose& depth_clustering::Pose::operator=(const depth_clustering::Pose&)[m[K’
  119 |   Pose& [01;36m[Koperator[m[K=(const Pose& other) {
      |         [01;36m[K^~~~~~~~[m[K
[01m[K/home/bubblebear/ws_livox/src/depth_clustering/src/utils/pose.h:[m[K In member function ‘[01m[Kdepth_clustering::Pose::Ptr depth_clustering::Pose::InLocalFrameOf(const Ptr&) const[m[K’:
[01m[K/home/bubblebear/ws_livox/src/depth_clustering/src/utils/pose.h:108:34:[m[K [01;35m[Kwarning: [m[Kimplicitly-declared ‘[01m[Kdepth_clustering::Pose::Pose(const depth_clustering::Pose&)[m[K’ is deprecated [[01;35m[K-Wdeprecated-copy[m[K]
  108 |     Pose::Ptr pose(new Pose(*this[01;35m[K)[m[K);
      |                                  [01;35m[K^[m[K
[01m[K/home/bubblebear/ws_livox/src/depth_clustering/src/utils/pose.h:119:9:[m[K [01;36m[Knote: [m[Kbecause ‘[01m[Kdepth_clustering::Pose[m[K’ has user-provided ‘[01m[Kdepth_clustering::Pose& depth_clustering::Pose::operator=(const depth_clustering::Pose&)[m[K’
  119 |   Pose& [01;36m[Koperator[m[K=(const Pose& other) {
      |         [01;36m[K^~~~~~~~[m[K
[01m[K/home/bubblebear/ws_livox/src/depth_clustering/src/utils/pose.h:[m[K In member function ‘[01m[Kdepth_clustering::Pose depth_clustering::Pose::operator-()[m[K’:
[01m[K/home/bubblebear/ws_livox/src/depth_clustering/src/utils/pose.h:143:12:[m[K [01;35m[Kwarning: [m[Kimplicitly-declared ‘[01m[Kdepth_clustering::Pose::Pose(const depth_clustering::Pose&)[m[K’ is deprecated [[01;35m[K-Wdeprecated-copy[m[K]
  143 |     return [01;35m[Kinverted[m[K;
      |            [01;35m[K^~~~~~~~[m[K
[01m[K/home/bubblebear/ws_livox/src/depth_clustering/src/utils/pose.h:119:9:[m[K [01;36m[Knote: [m[Kbecause ‘[01m[Kdepth_clustering::Pose[m[K’ has user-provided ‘[01m[Kdepth_clustering::Pose& depth_clustering::Pose::operator=(const depth_clustering::Pose&)[m[K’
  119 |   Pose& [01;36m[Koperator[m[K=(const Pose& other) {
      |         [01;36m[K^~~~~~~~[m[K
[01m[K/home/bubblebear/ws_livox/src/depth_clustering/src/utils/pose.h:[m[K In static member function ‘[01m[Kstatic depth_clustering::Pose depth_clustering::Pose::FromVector6f(const Vector6f&)[m[K’:
[01m[K/home/bubblebear/ws_livox/src/depth_clustering/src/utils/pose.h:165:12:[m[K [01;35m[Kwarning: [m[Kimplicitly-declared ‘[01m[Kdepth_clustering::Pose::Pose(const depth_clustering::Pose&)[m[K’ is deprecated [[01;35m[K-Wdeprecated-copy[m[K]
  165 |     return [01;35m[KT[m[K;
      |            [01;35m[K^[m[K
[01m[K/home/bubblebear/ws_livox/src/depth_clustering/src/utils/pose.h:119:9:[m[K [01;36m[Knote: [m[Kbecause ‘[01m[Kdepth_clustering::Pose[m[K’ has user-provided ‘[01m[Kdepth_clustering::Pose& depth_clustering::Pose::operator=(const depth_clustering::Pose&)[m[K’
  119 |   Pose& [01;36m[Koperator[m[K=(const Pose& other) {
      |         [01;36m[K^~~~~~~~[m[K
In file included from [01m[K/home/bubblebear/ws_livox/src/depth_clustering/src/projections/spherical_projection.h:31[m[K,
                 from [01m[K/home/bubblebear/ws_livox/src/depth_clustering/src/projections/spherical_projection.cpp:21[m[K:
[01m[K/home/bubblebear/ws_livox/src/depth_clustering/src/utils/cloud.h:[m[K In constructor ‘[01m[Kdepth_clustering::Cloud::Cloud(const depth_clustering::Pose&)[m[K’:
[01m[K/home/bubblebear/ws_livox/src/depth_clustering/src/utils/cloud.h:59:64:[m[K [01;35m[Kwarning: [m[Kimplicitly-declared ‘[01m[Kdepth_clustering::Pose::Pose(const depth_clustering::Pose&)[m[K’ is deprecated [[01;35m[K-Wdeprecated-copy[m[K]
   59 |   explicit Cloud(const Pose& pose) : _pose(pose), _sensor_pose([01;35m[K)[m[K {}
      |                                                                [01;35m[K^[m[K
In file included from [01m[K/home/bubblebear/ws_livox/src/depth_clustering/src/utils/cloud.h:40[m[K,
                 from [01m[K/home/bubblebear/ws_livox/src/depth_clustering/src/projections/spherical_projection.h:31[m[K,
                 from [01m[K/home/bubblebear/ws_livox/src/depth_clustering/src/projections/spherical_projection.cpp:21[m[K:
[01m[K/home/bubblebear/ws_livox/src/depth_clustering/src/utils/pose.h:119:9:[m[K [01;36m[Knote: [m[Kbecause ‘[01m[Kdepth_clustering::Pose[m[K’ has user-provided ‘[01m[Kdepth_clustering::Pose& depth_clustering::Pose::operator=(const depth_clustering::Pose&)[m[K’
  119 |   Pose& [01;36m[Koperator[m[K=(const Pose& other) {
      |         [01;36m[K^~~~~~~~[m[K
In file included from [01m[K/home/bubblebear/ws_livox/src/depth_clustering/src/utils/cloud.h:40[m[K,
                 from [01m[K/home/bubblebear/ws_livox/src/depth_clustering/src/qt/utils/./utils.h:31[m[K,
                 from [01m[K/home/bubblebear/ws_livox/src/depth_clustering/src/qt/utils/utils.cpp:21[m[K:
[01m[K/home/bubblebear/ws_livox/src/depth_clustering/src/utils/pose.h:[m[K In member function ‘[01m[Kdepth_clustering::Pose depth_clustering::Pose::InLocalFrameOf(const depth_clustering::Pose&) const[m[K’:
[01m[K/home/bubblebear/ws_livox/src/depth_clustering/src/utils/pose.h:102:20:[m[K [01;35m[Kwarning: [m[Kimplicitly-declared ‘[01m[Kdepth_clustering::Pose::Pose(const depth_clustering::Pose&)[m[K’ is deprecated [[01;35m[K-Wdeprecated-copy[m[K]
  102 |     Pose pose(*this[01;35m[K)[m[K;
      |                    [01;35m[K^[m[K
[01m[K/home/bubblebear/ws_livox/src/depth_clustering/src/utils/pose.h:119:9:[m[K [01;36m[Knote: [m[Kbecause ‘[01m[Kdepth_clustering::Pose[m[K’ has user-provided ‘[01m[Kdepth_clustering::Pose& depth_clustering::Pose::operator=(const depth_clustering::Pose&)[m[K’
  119 |   Pose& [01;36m[Koperator[m[K=(const Pose& other) {
      |         [01;36m[K^~~~~~~~[m[K
[01m[K/home/bubblebear/ws_livox/src/depth_clustering/src/utils/pose.h:104:12:[m[K [01;35m[Kwarning: [m[Kimplicitly-declared ‘[01m[Kdepth_clustering::Pose::Pose(const depth_clustering::Pose&)[m[K’ is deprecated [[01;35m[K-Wdeprecated-copy[m[K]
  104 |     return [01;35m[Kpose[m[K;
      |            [01;35m[K^~~~[m[K
[01m[K/home/bubblebear/ws_livox/src/depth_clustering/src/utils/pose.h:119:9:[m[K [01;36m[Knote: [m[Kbecause ‘[01m[Kdepth_clustering::Pose[m[K’ has user-provided ‘[01m[Kdepth_clustering::Pose& depth_clustering::Pose::operator=(const depth_clustering::Pose&)[m[K’
  119 |   Pose& [01;36m[Koperator[m[K=(const Pose& other) {
      |         [01;36m[K^~~~~~~~[m[K
[01m[K/home/bubblebear/ws_livox/src/depth_clustering/src/utils/pose.h:[m[K In member function ‘[01m[Kdepth_clustering::Pose::Ptr depth_clustering::Pose::InLocalFrameOf(const Ptr&) const[m[K’:
[01m[K/home/bubblebear/ws_livox/src/depth_clustering/src/utils/pose.h:108:34:[m[K [01;35m[Kwarning: [m[Kimplicitly-declared ‘[01m[Kdepth_clustering::Pose::Pose(const depth_clustering::Pose&)[m[K’ is deprecated [[01;35m[K-Wdeprecated-copy[m[K]
  108 |     Pose::Ptr pose(new Pose(*this[01;35m[K)[m[K);
      |                                  [01;35m[K^[m[K
[01m[K/home/bubblebear/ws_livox/src/depth_clustering/src/utils/pose.h:119:9:[m[K [01;36m[Knote: [m[Kbecause ‘[01m[Kdepth_clustering::Pose[m[K’ has user-provided ‘[01m[Kdepth_clustering::Pose& depth_clustering::Pose::operator=(const depth_clustering::Pose&)[m[K’
  119 |   Pose& [01;36m[Koperator[m[K=(const Pose& other) {
      |         [01;36m[K^~~~~~~~[m[K
[01m[K/home/bubblebear/ws_livox/src/depth_clustering/src/utils/pose.h:[m[K In member function ‘[01m[Kdepth_clustering::Pose depth_clustering::Pose::operator-()[m[K’:
[01m[K/home/bubblebear/ws_livox/src/depth_clustering/src/utils/pose.h:143:12:[m[K [01;35m[Kwarning: [m[Kimplicitly-declared ‘[01m[Kdepth_clustering::Pose::Pose(const depth_clustering::Pose&)[m[K’ is deprecated [[01;35m[K-Wdeprecated-copy[m[K]
  143 |     return [01;35m[Kinverted[m[K;
      |            [01;35m[K^~~~~~~~[m[K
[01m[K/home/bubblebear/ws_livox/src/depth_clustering/src/utils/pose.h:119:9:[m[K [01;36m[Knote: [m[Kbecause ‘[01m[Kdepth_clustering::Pose[m[K’ has user-provided ‘[01m[Kdepth_clustering::Pose& depth_clustering::Pose::operator=(const depth_clustering::Pose&)[m[K’
  119 |   Pose& [01;36m[Koperator[m[K=(const Pose& other) {
      |         [01;36m[K^~~~~~~~[m[K
[01m[K/home/bubblebear/ws_livox/src/depth_clustering/src/utils/pose.h:[m[K In static member function ‘[01m[Kstatic depth_clustering::Pose depth_clustering::Pose::FromVector6f(const Vector6f&)[m[K’:
[01m[K/home/bubblebear/ws_livox/src/depth_clustering/src/utils/pose.h:165:12:[m[K [01;35m[Kwarning: [m[Kimplicitly-declared ‘[01m[Kdepth_clustering::Pose::Pose(const depth_clustering::Pose&)[m[K’ is deprecated [[01;35m[K-Wdeprecated-copy[m[K]
  165 |     return [01;35m[KT[m[K;
      |            [01;35m[K^[m[K
[01m[K/home/bubblebear/ws_livox/src/depth_clustering/src/utils/pose.h:119:9:[m[K [01;36m[Knote: [m[Kbecause ‘[01m[Kdepth_clustering::Pose[m[K’ has user-provided ‘[01m[Kdepth_clustering::Pose& depth_clustering::Pose::operator=(const depth_clustering::Pose&)[m[K’
  119 |   Pose& [01;36m[Koperator[m[K=(const Pose& other) {
      |         [01;36m[K^~~~~~~~[m[K
In file included from [01m[K/home/bubblebear/ws_livox/src/depth_clustering/src/qt/utils/./utils.h:31[m[K,
                 from [01m[K/home/bubblebear/ws_livox/src/depth_clustering/src/qt/utils/utils.cpp:21[m[K:
[01m[K/home/bubblebear/ws_livox/src/depth_clustering/src/utils/cloud.h:[m[K In constructor ‘[01m[Kdepth_clustering::Cloud::Cloud(const depth_clustering::Pose&)[m[K’:
[01m[K/home/bubblebear/ws_livox/src/depth_clustering/src/utils/cloud.h:59:64:[m[K [01;35m[Kwarning: [m[Kimplicitly-declared ‘[01m[Kdepth_clustering::Pose::Pose(const depth_clustering::Pose&)[m[K’ is deprecated [[01;35m[K-Wdeprecated-copy[m[K]
   59 |   explicit Cloud(const Pose& pose) : _pose(pose), _sensor_pose([01;35m[K)[m[K {}
      |                                                                [01;35m[K^[m[K
In file included from [01m[K/home/bubblebear/ws_livox/src/depth_clustering/src/utils/cloud.h:40[m[K,
                 from [01m[K/home/bubblebear/ws_livox/src/depth_clustering/src/qt/utils/./utils.h:31[m[K,
                 from [01m[K/home/bubblebear/ws_livox/src/depth_clustering/src/qt/utils/utils.cpp:21[m[K:
[01m[K/home/bubblebear/ws_livox/src/depth_clustering/src/utils/pose.h:119:9:[m[K [01;36m[Knote: [m[Kbecause ‘[01m[Kdepth_clustering::Pose[m[K’ has user-provided ‘[01m[Kdepth_clustering::Pose& depth_clustering::Pose::operator=(const depth_clustering::Pose&)[m[K’
  119 |   Pose& [01;36m[Koperator[m[K=(const Pose& other) {
      |         [01;36m[K^~~~~~~~[m[K
In file included from [01m[K/home/bubblebear/ws_livox/src/depth_clustering/src/utils/cloud.h:40[m[K,
                 from [01m[K/home/bubblebear/ws_livox/src/depth_clustering/src/visualization/./visualizer.h:18[m[K,
                 from [01m[K/home/bubblebear/ws_livox/src/depth_clustering/src/visualization/visualizer.cpp:5[m[K:
[01m[K/home/bubblebear/ws_livox/src/depth_clustering/src/utils/pose.h:[m[K In member function ‘[01m[Kdepth_clustering::Pose depth_clustering::Pose::InLocalFrameOf(const depth_clustering::Pose&) const[m[K’:
[01m[K/home/bubblebear/ws_livox/src/depth_clustering/src/utils/pose.h:102:20:[m[K [01;35m[Kwarning: [m[Kimplicitly-declared ‘[01m[Kdepth_clustering::Pose::Pose(const depth_clustering::Pose&)[m[K’ is deprecated [[01;35m[K-Wdeprecated-copy[m[K]
  102 |     Pose pose(*this[01;35m[K)[m[K;
      |                    [01;35m[K^[m[K
[01m[K/home/bubblebear/ws_livox/src/depth_clustering/src/utils/pose.h:119:9:[m[K [01;36m[Knote: [m[Kbecause ‘[01m[Kdepth_clustering::Pose[m[K’ has user-provided ‘[01m[Kdepth_clustering::Pose& depth_clustering::Pose::operator=(const depth_clustering::Pose&)[m[K’
  119 |   Pose& [01;36m[Koperator[m[K=(const Pose& other) {
      |         [01;36m[K^~~~~~~~[m[K
[01m[K/home/bubblebear/ws_livox/src/depth_clustering/src/utils/pose.h:104:12:[m[K [01;35m[Kwarning: [m[Kimplicitly-declared ‘[01m[Kdepth_clustering::Pose::Pose(const depth_clustering::Pose&)[m[K’ is deprecated [[01;35m[K-Wdeprecated-copy[m[K]
  104 |     return [01;35m[Kpose[m[K;
      |            [01;35m[K^~~~[m[K
[01m[K/home/bubblebear/ws_livox/src/depth_clustering/src/utils/pose.h:119:9:[m[K [01;36m[Knote: [m[Kbecause ‘[01m[Kdepth_clustering::Pose[m[K’ has user-provided ‘[01m[Kdepth_clustering::Pose& depth_clustering::Pose::operator=(const depth_clustering::Pose&)[m[K’
  119 |   Pose& [01;36m[Koperator[m[K=(const Pose& other) {
      |         [01;36m[K^~~~~~~~[m[K
[01m[K/home/bubblebear/ws_livox/src/depth_clustering/src/utils/pose.h:[m[K In member function ‘[01m[Kdepth_clustering::Pose::Ptr depth_clustering::Pose::InLocalFrameOf(const Ptr&) const[m[K’:
[01m[K/home/bubblebear/ws_livox/src/depth_clustering/src/utils/pose.h:108:34:[m[K [01;35m[Kwarning: [m[Kimplicitly-declared ‘[01m[Kdepth_clustering::Pose::Pose(const depth_clustering::Pose&)[m[K’ is deprecated [[01;35m[K-Wdeprecated-copy[m[K]
  108 |     Pose::Ptr pose(new Pose(*this[01;35m[K)[m[K);
      |                                  [01;35m[K^[m[K
[01m[K/home/bubblebear/ws_livox/src/depth_clustering/src/utils/pose.h:119:9:[m[K [01;36m[Knote: [m[Kbecause ‘[01m[Kdepth_clustering::Pose[m[K’ has user-provided ‘[01m[Kdepth_clustering::Pose& depth_clustering::Pose::operator=(const depth_clustering::Pose&)[m[K’
  119 |   Pose& [01;36m[Koperator[m[K=(const Pose& other) {
      |         [01;36m[K^~~~~~~~[m[K
[01m[K/home/bubblebear/ws_livox/src/depth_clustering/src/utils/pose.h:[m[K In member function ‘[01m[Kdepth_clustering::Pose depth_clustering::Pose::operator-()[m[K’:
[01m[K/home/bubblebear/ws_livox/src/depth_clustering/src/utils/pose.h:143:12:[m[K [01;35m[Kwarning: [m[Kimplicitly-declared ‘[01m[Kdepth_clustering::Pose::Pose(const depth_clustering::Pose&)[m[K’ is deprecated [[01;35m[K-Wdeprecated-copy[m[K]
  143 |     return [01;35m[Kinverted[m[K;
      |            [01;35m[K^~~~~~~~[m[K
[01m[K/home/bubblebear/ws_livox/src/depth_clustering/src/utils/pose.h:119:9:[m[K [01;36m[Knote: [m[Kbecause ‘[01m[Kdepth_clustering::Pose[m[K’ has user-provided ‘[01m[Kdepth_clustering::Pose& depth_clustering::Pose::operator=(const depth_clustering::Pose&)[m[K’
  119 |   Pose& [01;36m[Koperator[m[K=(const Pose& other) {
      |         [01;36m[K^~~~~~~~[m[K
In file included from [01m[K/home/bubblebear/ws_livox/src/depth_clustering/src/utils/cloud.h:40[m[K,
                 from [01m[K/home/bubblebear/ws_livox/src/depth_clustering/src/visualization/cloud_saver.h:32[m[K,
                 from [01m[K/home/bubblebear/ws_livox/src/depth_clustering/src/visualization/cloud_saver.cpp:21[m[K:
[01m[K/home/bubblebear/ws_livox/src/depth_clustering/src/utils/pose.h:[m[K In member function ‘[01m[Kdepth_clustering::Pose depth_clustering::Pose::InLocalFrameOf(const depth_clustering::Pose&) const[m[K’:
[01m[K/home/bubblebear/ws_livox/src/depth_clustering/src/utils/pose.h:102:20:[m[K [01;35m[Kwarning: [m[Kimplicitly-declared ‘[01m[Kdepth_clustering::Pose::Pose(const depth_clustering::Pose&)[m[K’ is deprecated [[01;35m[K-Wdeprecated-copy[m[K]
  102 |     Pose pose(*this[01;35m[K)[m[K;
      |                    [01;35m[K^[m[K
[01m[K/home/bubblebear/ws_livox/src/depth_clustering/src/utils/pose.h:119:9:[m[K [01;36m[Knote: [m[Kbecause ‘[01m[Kdepth_clustering::Pose[m[K’ has user-provided ‘[01m[Kdepth_clustering::Pose& depth_clustering::Pose::operator=(const depth_clustering::Pose&)[m[K’
  119 |   Pose& [01;36m[Koperator[m[K=(const Pose& other) {
      |         [01;36m[K^~~~~~~~[m[K
[01m[K/home/bubblebear/ws_livox/src/depth_clustering/src/utils/pose.h:104:12:[m[K [01;35m[Kwarning: [m[Kimplicitly-declared ‘[01m[Kdepth_clustering::Pose::Pose(const depth_clustering::Pose&)[m[K’ is deprecated [[01;35m[K-Wdeprecated-copy[m[K]
  104 |     return [01;35m[Kpose[m[K;
      |            [01;35m[K^~~~[m[K
[01m[K/home/bubblebear/ws_livox/src/depth_clustering/src/utils/pose.h:119:9:[m[K [01;36m[Knote: [m[Kbecause ‘[01m[Kdepth_clustering::Pose[m[K’ has user-provided ‘[01m[Kdepth_clustering::Pose& depth_clustering::Pose::operator=(const depth_clustering::Pose&)[m[K’
  119 |   Pose& [01;36m[Koperator[m[K=(const Pose& other) {
      |         [01;36m[K^~~~~~~~[m[K
[01m[K/home/bubblebear/ws_livox/src/depth_clustering/src/utils/pose.h:[m[K In member function ‘[01m[Kdepth_clustering::Pose::Ptr depth_clustering::Pose::InLocalFrameOf(const Ptr&) const[m[K’:
[01m[K/home/bubblebear/ws_livox/src/depth_clustering/src/utils/pose.h:108:34:[m[K [01;35m[Kwarning: [m[Kimplicitly-declared ‘[01m[Kdepth_clustering::Pose::Pose(const depth_clustering::Pose&)[m[K’ is deprecated [[01;35m[K-Wdeprecated-copy[m[K]
  108 |     Pose::Ptr pose(new Pose(*this[01;35m[K)[m[K);
      |                                  [01;35m[K^[m[K
[01m[K/home/bubblebear/ws_livox/src/depth_clustering/src/utils/pose.h:119:9:[m[K [01;36m[Knote: [m[Kbecause ‘[01m[Kdepth_clustering::Pose[m[K’ has user-provided ‘[01m[Kdepth_clustering::Pose& depth_clustering::Pose::operator=(const depth_clustering::Pose&)[m[K’
  119 |   Pose& [01;36m[Koperator[m[K=(const Pose& other) {
      |         [01;36m[K^~~~~~~~[m[K
[01m[K/home/bubblebear/ws_livox/src/depth_clustering/src/utils/pose.h:[m[K In member function ‘[01m[Kdepth_clustering::Pose depth_clustering::Pose::operator-()[m[K’:
[01m[K/home/bubblebear/ws_livox/src/depth_clustering/src/utils/pose.h:143:12:[m[K [01;35m[Kwarning: [m[Kimplicitly-declared ‘[01m[Kdepth_clustering::Pose::Pose(const depth_clustering::Pose&)[m[K’ is deprecated [[01;35m[K-Wdeprecated-copy[m[K]
  143 |     return [01;35m[Kinverted[m[K;
      |            [01;35m[K^~~~~~~~[m[K
[01m[K/home/bubblebear/ws_livox/src/depth_clustering/src/utils/pose.h:119:9:[m[K [01;36m[Knote: [m[Kbecause ‘[01m[Kdepth_clustering::Pose[m[K’ has user-provided ‘[01m[Kdepth_clustering::Pose& depth_clustering::Pose::operator=(const depth_clustering::Pose&)[m[K’
  119 |   Pose& [01;36m[Koperator[m[K=(const Pose& other) {
      |         [01;36m[K^~~~~~~~[m[K
[01m[K/home/bubblebear/ws_livox/src/depth_clustering/src/utils/pose.h:[m[K In static member function ‘[01m[Kstatic depth_clustering::Pose depth_clustering::Pose::FromVector6f(const Vector6f&)[m[K’:
[01m[K/home/bubblebear/ws_livox/src/depth_clustering/src/utils/pose.h:165:12:[m[K [01;35m[Kwarning: [m[Kimplicitly-declared ‘[01m[Kdepth_clustering::Pose::Pose(const depth_clustering::Pose&)[m[K’ is deprecated [[01;35m[K-Wdeprecated-copy[m[K]
  165 |     return [01;35m[KT[m[K;
      |            [01;35m[K^[m[K
[01m[K/home/bubblebear/ws_livox/src/depth_clustering/src/utils/pose.h:119:9:[m[K [01;36m[Knote: [m[Kbecause ‘[01m[Kdepth_clustering::Pose[m[K’ has user-provided ‘[01m[Kdepth_clustering::Pose& depth_clustering::Pose::operator=(const depth_clustering::Pose&)[m[K’
  119 |   Pose& [01;36m[Koperator[m[K=(const Pose& other) {
      |         [01;36m[K^~~~~~~~[m[K
[01m[K/home/bubblebear/ws_livox/src/depth_clustering/src/utils/pose.h:[m[K In static member function ‘[01m[Kstatic depth_clustering::Pose depth_clustering::Pose::FromVector6f(const Vector6f&)[m[K’:
[01m[K/home/bubblebear/ws_livox/src/depth_clustering/src/utils/pose.h:165:12:[m[K [01;35m[Kwarning: [m[Kimplicitly-declared ‘[01m[Kdepth_clustering::Pose::Pose(const depth_clustering::Pose&)[m[K’ is deprecated [[01;35m[K-Wdeprecated-copy[m[K]
  165 |     return [01;35m[KT[m[K;
      |            [01;35m[K^[m[K
[01m[K/home/bubblebear/ws_livox/src/depth_clustering/src/utils/pose.h:119:9:[m[K [01;36m[Knote: [m[Kbecause ‘[01m[Kdepth_clustering::Pose[m[K’ has user-provided ‘[01m[Kdepth_clustering::Pose& depth_clustering::Pose::operator=(const depth_clustering::Pose&)[m[K’
  119 |   Pose& [01;36m[Koperator[m[K=(const Pose& other) {
      |         [01;36m[K^~~~~~~~[m[K
In file included from [01m[K/home/bubblebear/ws_livox/src/depth_clustering/src/visualization/./visualizer.h:18[m[K,
                 from [01m[K/home/bubblebear/ws_livox/src/depth_clustering/src/visualization/visualizer.cpp:5[m[K:
[01m[K/home/bubblebear/ws_livox/src/depth_clustering/src/utils/cloud.h:[m[K In constructor ‘[01m[Kdepth_clustering::Cloud::Cloud(const depth_clustering::Pose&)[m[K’:
[01m[K/home/bubblebear/ws_livox/src/depth_clustering/src/utils/cloud.h:59:64:[m[K [01;35m[Kwarning: [m[Kimplicitly-declared ‘[01m[Kdepth_clustering::Pose::Pose(const depth_clustering::Pose&)[m[K’ is deprecated [[01;35m[K-Wdeprecated-copy[m[K]
   59 |   explicit Cloud(const Pose& pose) : _pose(pose), _sensor_pose([01;35m[K)[m[K {}
      |                                                                [01;35m[K^[m[K
In file included from [01m[K/home/bubblebear/ws_livox/src/depth_clustering/src/utils/cloud.h:40[m[K,
                 from [01m[K/home/bubblebear/ws_livox/src/depth_clustering/src/visualization/./visualizer.h:18[m[K,
                 from [01m[K/home/bubblebear/ws_livox/src/depth_clustering/src/visualization/visualizer.cpp:5[m[K:
[01m[K/home/bubblebear/ws_livox/src/depth_clustering/src/utils/pose.h:119:9:[m[K [01;36m[Knote: [m[Kbecause ‘[01m[Kdepth_clustering::Pose[m[K’ has user-provided ‘[01m[Kdepth_clustering::Pose& depth_clustering::Pose::operator=(const depth_clustering::Pose&)[m[K’
  119 |   Pose& [01;36m[Koperator[m[K=(const Pose& other) {
      |         [01;36m[K^~~~~~~~[m[K
In file included from [01m[K/home/bubblebear/ws_livox/src/depth_clustering/src/visualization/cloud_saver.h:32[m[K,
                 from [01m[K/home/bubblebear/ws_livox/src/depth_clustering/src/visualization/cloud_saver.cpp:21[m[K:
[01m[K/home/bubblebear/ws_livox/src/depth_clustering/src/utils/cloud.h:[m[K In constructor ‘[01m[Kdepth_clustering::Cloud::Cloud(const depth_clustering::Pose&)[m[K’:
[01m[K/home/bubblebear/ws_livox/src/depth_clustering/src/utils/cloud.h:59:64:[m[K [01;35m[Kwarning: [m[Kimplicitly-declared ‘[01m[Kdepth_clustering::Pose::Pose(const depth_clustering::Pose&)[m[K’ is deprecated [[01;35m[K-Wdeprecated-copy[m[K]
   59 |   explicit Cloud(const Pose& pose) : _pose(pose), _sensor_pose([01;35m[K)[m[K {}
      |                                                                [01;35m[K^[m[K
In file included from [01m[K/home/bubblebear/ws_livox/src/depth_clustering/src/utils/cloud.h:40[m[K,
                 from [01m[K/home/bubblebear/ws_livox/src/depth_clustering/src/visualization/cloud_saver.h:32[m[K,
                 from [01m[K/home/bubblebear/ws_livox/src/depth_clustering/src/visualization/cloud_saver.cpp:21[m[K:
[01m[K/home/bubblebear/ws_livox/src/depth_clustering/src/utils/pose.h:119:9:[m[K [01;36m[Knote: [m[Kbecause ‘[01m[Kdepth_clustering::Pose[m[K’ has user-provided ‘[01m[Kdepth_clustering::Pose& depth_clustering::Pose::operator=(const depth_clustering::Pose&)[m[K’
  119 |   Pose& [01;36m[Koperator[m[K=(const Pose& other) {
      |         [01;36m[K^~~~~~~~[m[K
[01m[K/home/bubblebear/ws_livox/src/depth_clustering/src/visualization/visualizer.cpp:[m[K In member function ‘[01m[Kvirtual void depth_clustering::Visualizer::OnNewObjectReceived(const depth_clustering::Cloud&, int)[m[K’:
[01m[K/home/bubblebear/ws_livox/src/depth_clustering/src/visualization/visualizer.cpp:137:12:[m[K [01;35m[Kwarning: [m[Kimplicitly-declared ‘[01m[Kdepth_clustering::Cloud& depth_clustering::Cloud::operator=(const depth_clustering::Cloud&)[m[K’ is deprecated [[01;35m[K-Wdeprecated-copy[m[K]
  137 |   _cloud = [01;35m[Kcloud[m[K;
      |            [01;35m[K^~~~~[m[K
In file included from [01m[K/home/bubblebear/ws_livox/src/depth_clustering/src/visualization/./visualizer.h:18[m[K,
                 from [01m[K/home/bubblebear/ws_livox/src/depth_clustering/src/visualization/visualizer.cpp:5[m[K:
[01m[K/home/bubblebear/ws_livox/src/depth_clustering/src/utils/cloud.h:58:12:[m[K [01;36m[Knote: [m[Kbecause ‘[01m[Kdepth_clustering::Cloud[m[K’ has user-provided ‘[01m[Kdepth_clustering::Cloud::Cloud(const depth_clustering::Cloud&)[m[K’
   58 |   explicit [01;36m[KCloud[m[K(const Cloud& cloud);
      |            [01;36m[K^~~~~[m[K
make: *** [Makefile:141: all] Error 2
