[01m[K/home/bubblebear/ws_livox/src/depth_clustering/src/ros_bridge/cloud_odom_ros_subscriber.cpp:22:10:[m[K [01;31m[Kfatal error: [m[Keigen_conversions/eigen_msg.h: No such file or directory
   22 | #include [01;31m[K<eigen_conversions/eigen_msg.h>[m[K
      |          [01;31m[K^~~~~~~~~~~~~~~~~~~~~~~~~~~~~~~[m[K
compilation terminated.
make[2]: *** [src/ros_bridge/CMakeFiles/ros_bridge.dir/build.make:63: src/ros_bridge/CMakeFiles/ros_bridge.dir/cloud_odom_ros_subscriber.cpp.o] Error 1
make[1]: *** [CMakeFiles/Makefile2:3319: src/ros_bridge/CMakeFiles/ros_bridge.dir/all] Error 2
make[1]: *** Waiting for unfinished jobs....
In file included from [01m[K/home/bubblebear/ws_livox/src/depth_clustering/src/utils/cloud.h:40[m[K,
                 from [01m[K/home/bubblebear/ws_livox/src/depth_clustering/src/utils/velodyne_utils.h:30[m[K,
                 from [01m[K/home/bubblebear/ws_livox/src/depth_clustering/src/utils/velodyne_utils.cpp:21[m[K:
[01m[K/home/bubblebear/ws_livox/src/depth_clustering/src/utils/pose.h:[m[K In member function ‘[01m[Kdepth_clustering::Pose depth_clustering::Pose::InLocalFrameOf(const depth_clustering::Pose&) const[m[K’:
[01m[K/home/bubblebear/ws_livox/src/depth_clustering/src/utils/pose.h:102:20:[m[K [01;35m[Kwarning: [m[Kimplicitly-declared ‘[01m[Kdepth_clustering::Pose::Pose(const depth_clustering::Pose&)[m[K’ is deprecated [[01;35m[K-Wdeprecated-copy[m[K]
  102 |     Pose pose(*this[01;35m[K)[m[K;
      |                    [01;35m[K^[m[K
[01m[K/home/bubblebear/ws_livox/src/depth_clustering/src/utils/pose.h:119:9:[m[K [01;36m[Knote: [m[Kbecause ‘[01m[Kdepth_clustering::Pose[m[K’ has user-provided ‘[01m[Kdepth_clustering::Pose& depth_clustering::Pose::operator=(const depth_clustering::Pose&)[m[K’
  119 |   Pose& [01;36m[Koperator[m[K=(const Pose& other) {
      |         [01;36m[K^~~~~~~~[m[K
[01m[K/home/bubblebear/ws_livox/src/depth_clustering/src/utils/pose.h:104:12:[m[K [01;35m[Kwarning: [m[Kimplicitly-declared ‘[01m[Kdepth_clustering::Pose::Pose(const depth_clustering::Pose&)[m[K’ is deprecated [[01;35m[K-Wdeprecated-copy[m[K]
  104 |     return [01;35m[Kpose[m[K;
      |            [01;35m[K^~~~[m[K
[01m[K/home/bubblebear/ws_livox/src/depth_clustering/src/utils/pose.h:119:9:[m[K [01;36m[Knote: [m[Kbecause ‘[01m[Kdepth_clustering::Pose[m[K’ has user-provided ‘[01m[Kdepth_clustering::Pose& depth_clustering::Pose::operator=(const depth_clustering::Pose&)[m[K’
  119 |   Pose& [01;36m[Koperator[m[K=(const Pose& other) {
      |         [01;36m[K^~~~~~~~[m[K
[01m[K/home/bubblebear/ws_livox/src/depth_clustering/src/utils/pose.h:[m[K In member function ‘[01m[Kdepth_clustering::Pose::Ptr depth_clustering::Pose::InLocalFrameOf(const Ptr&) const[m[K’:
[01m[K/home/bubblebear/ws_livox/src/depth_clustering/src/utils/pose.h:108:34:[m[K [01;35m[Kwarning: [m[Kimplicitly-declared ‘[01m[Kdepth_clustering::Pose::Pose(const depth_clustering::Pose&)[m[K’ is deprecated [[01;35m[K-Wdeprecated-copy[m[K]
  108 |     Pose::Ptr pose(new Pose(*this[01;35m[K)[m[K);
      |                                  [01;35m[K^[m[K
[01m[K/home/bubblebear/ws_livox/src/depth_clustering/src/utils/pose.h:119:9:[m[K [01;36m[Knote: [m[Kbecause ‘[01m[Kdepth_clustering::Pose[m[K’ has user-provided ‘[01m[Kdepth_clustering::Pose& depth_clustering::Pose::operator=(const depth_clustering::Pose&)[m[K’
  119 |   Pose& [01;36m[Koperator[m[K=(const Pose& other) {
      |         [01;36m[K^~~~~~~~[m[K
[01m[K/home/bubblebear/ws_livox/src/depth_clustering/src/utils/pose.h:[m[K In member function ‘[01m[Kdepth_clustering::Pose depth_clustering::Pose::operator-()[m[K’:
[01m[K/home/bubblebear/ws_livox/src/depth_clustering/src/utils/pose.h:143:12:[m[K [01;35m[Kwarning: [m[Kimplicitly-declared ‘[01m[Kdepth_clustering::Pose::Pose(const depth_clustering::Pose&)[m[K’ is deprecated [[01;35m[K-Wdeprecated-copy[m[K]
  143 |     return [01;35m[Kinverted[m[K;
      |            [01;35m[K^~~~~~~~[m[K
[01m[K/home/bubblebear/ws_livox/src/depth_clustering/src/utils/pose.h:119:9:[m[K [01;36m[Knote: [m[Kbecause ‘[01m[Kdepth_clustering::Pose[m[K’ has user-provided ‘[01m[Kdepth_clustering::Pose& depth_clustering::Pose::operator=(const depth_clustering::Pose&)[m[K’
  119 |   Pose& [01;36m[Koperator[m[K=(const Pose& other) {
      |         [01;36m[K^~~~~~~~[m[K
[01m[K/home/bubblebear/ws_livox/src/depth_clustering/src/utils/pose.h:[m[K In static member function ‘[01m[Kstatic depth_clustering::Pose depth_clustering::Pose::FromVector6f(const Vector6f&)[m[K’:
[01m[K/home/bubblebear/ws_livox/src/depth_clustering/src/utils/pose.h:165:12:[m[K [01;35m[Kwarning: [m[Kimplicitly-declared ‘[01m[Kdepth_clustering::Pose::Pose(const depth_clustering::Pose&)[m[K’ is deprecated [[01;35m[K-Wdeprecated-copy[m[K]
  165 |     return [01;35m[KT[m[K;
      |            [01;35m[K^[m[K
[01m[K/home/bubblebear/ws_livox/src/depth_clustering/src/utils/pose.h:119:9:[m[K [01;36m[Knote: [m[Kbecause ‘[01m[Kdepth_clustering::Pose[m[K’ has user-provided ‘[01m[Kdepth_clustering::Pose& depth_clustering::Pose::operator=(const depth_clustering::Pose&)[m[K’
  119 |   Pose& [01;36m[Koperator[m[K=(const Pose& other) {
      |         [01;36m[K^~~~~~~~[m[K
In file included from [01m[K/home/bubblebear/ws_livox/src/depth_clustering/src/utils/velodyne_utils.h:30[m[K,
                 from [01m[K/home/bubblebear/ws_livox/src/depth_clustering/src/utils/velodyne_utils.cpp:21[m[K:
[01m[K/home/bubblebear/ws_livox/src/depth_clustering/src/utils/cloud.h:[m[K In constructor ‘[01m[Kdepth_clustering::Cloud::Cloud(const depth_clustering::Pose&)[m[K’:
[01m[K/home/bubblebear/ws_livox/src/depth_clustering/src/utils/cloud.h:59:64:[m[K [01;35m[Kwarning: [m[Kimplicitly-declared ‘[01m[Kdepth_clustering::Pose::Pose(const depth_clustering::Pose&)[m[K’ is deprecated [[01;35m[K-Wdeprecated-copy[m[K]
   59 |   explicit Cloud(const Pose& pose) : _pose(pose), _sensor_pose([01;35m[K)[m[K {}
      |                                                                [01;35m[K^[m[K
In file included from [01m[K/home/bubblebear/ws_livox/src/depth_clustering/src/utils/cloud.h:40[m[K,
                 from [01m[K/home/bubblebear/ws_livox/src/depth_clustering/src/utils/velodyne_utils.h:30[m[K,
                 from [01m[K/home/bubblebear/ws_livox/src/depth_clustering/src/utils/velodyne_utils.cpp:21[m[K:
[01m[K/home/bubblebear/ws_livox/src/depth_clustering/src/utils/pose.h:119:9:[m[K [01;36m[Knote: [m[Kbecause ‘[01m[Kdepth_clustering::Pose[m[K’ has user-provided ‘[01m[Kdepth_clustering::Pose& depth_clustering::Pose::operator=(const depth_clustering::Pose&)[m[K’
  119 |   Pose& [01;36m[Koperator[m[K=(const Pose& other) {
      |         [01;36m[K^~~~~~~~[m[K
make: *** [Makefile:141: all] Error 2
