[  2%] Built target identifiable
[  5%] Built target gtest
[  9%] Built target difference
[ 11%] Built target folder_reader
[ 14%] Built target cloud_saver
[ 21%] Built target projections
[ 23%] Built target qt_utils
[ 30%] Built target drawable
[ 31%] [32mBuilding CXX object src/ros_bridge/CMakeFiles/ros_bridge.dir/cloud_odom_ros_subscriber.cpp.o[0m
[ 34%] Built target gtest_main
[ 36%] Built target test_help_funcs
[ 39%] Built target image_labeler
[ 42%] Built target viewer
[ 46%] Built target cloud
[ 48%] Built target visualization
[ 51%] Built target bbox
[ 53%] Built target velodyne_utils
[ 56%] Built target ground_remove
[ 57%] [32mBuilding CXX object examples/simple_nodes/CMakeFiles/show_objects_moosmann.dir/show_objects_moosmann.cpp.o[0m
[ 59%] [32mBuilding CXX object examples/simple_nodes/CMakeFiles/show_objects_kitti.dir/show_objects_kitti.cpp.o[0m
[ 60%] [32mBuilding CXX object test/CMakeFiles/depth_clustering_test.dir/test_identifiable.cpp.o[0m
[ 61%] [32mBuilding CXX object test/CMakeFiles/depth_clustering_test.dir/test_pose.cpp.o[0m
[ 63%] [32mBuilding CXX object test/CMakeFiles/depth_clustering_test.dir/test_sender_client.cpp.o[0m
[ 64%] [32mBuilding CXX object test/CMakeFiles/depth_clustering_test.dir/test_cloud.cpp.o[0m
[ 65%] [32mBuilding CXX object test/CMakeFiles/depth_clustering_test.dir/test_radians.cpp.o[0m
[ 67%] [32mBuilding CXX object test/CMakeFiles/depth_clustering_test.dir/test_image_clusterer.cpp.o[0m
[ 68%] [32mBuilding CXX object test/CMakeFiles/depth_clustering_test.dir/test_proj_params.cpp.o[0m
[ 69%] [32mBuilding CXX object src/qt/widgets/CMakeFiles/qt_widgets.dir/moc_base_viewer_widget.cpp.o[0m
[ 71%] [32mBuilding CXX object src/qt/widgets/CMakeFiles/qt_widgets.dir/opengl_folder_player.cpp.o[0m
[ 72%] [32mBuilding CXX object src/qt/widgets/CMakeFiles/qt_widgets.dir/moc_opengl_folder_player.cpp.o[0m
[ 73%] [32mBuilding CXX object test/CMakeFiles/depth_clustering_test.dir/test_cloud_projection.cpp.o[0m
In file included from [01m[K/home/bubblebear/ws_livox/src/depth_clustering/test/test_pose.cpp:21[m[K:
[01m[K/home/bubblebear/ws_livox/src/depth_clustering/src/utils/pose.h:[m[K In member function ‘[01m[Kdepth_clustering::Pose depth_clustering::Pose::InLocalFrameOf(const depth_clustering::Pose&) const[m[K’:
[01m[K/home/bubblebear/ws_livox/src/depth_clustering/src/utils/pose.h:102:20:[m[K [01;35m[Kwarning: [m[Kimplicitly-declared ‘[01m[Kdepth_clustering::Pose::Pose(const depth_clustering::Pose&)[m[K’ is deprecated [[01;35m[K-Wdeprecated-copy[m[K]
  102 |     Pose pose(*this[01;35m[K)[m[K;
      |                    [01;35m[K^[m[K
[01m[K/home/bubblebear/ws_livox/src/depth_clustering/src/utils/pose.h:119:9:[m[K [01;36m[Knote: [m[Kbecause ‘[01m[Kdepth_clustering::Pose[m[K’ has user-provided ‘[01m[Kdepth_clustering::Pose& depth_clustering::Pose::operator=(const depth_clustering::Pose&)[m[K’
  119 |   Pose& [01;36m[Koperator[m[K=(const Pose& other) {
      |         [01;36m[K^~~~~~~~[m[K
[01m[K/home/bubblebear/ws_livox/src/depth_clustering/src/utils/pose.h:104:12:[m[K [01;35m[Kwarning: [m[Kimplicitly-declared ‘[01m[Kdepth_clustering::Pose::Pose(const depth_clustering::Pose&)[m[K’ is deprecated [[01;35m[K-Wdeprecated-copy[m[K]
  104 |     return [01;35m[Kpose[m[K;
      |            [01;35m[K^~~~[m[K
[01m[K/home/bubblebear/ws_livox/src/depth_clustering/src/utils/pose.h:119:9:[m[K [01;36m[Knote: [m[Kbecause ‘[01m[Kdepth_clustering::Pose[m[K’ has user-provided ‘[01m[Kdepth_clustering::Pose& depth_clustering::Pose::operator=(const depth_clustering::Pose&)[m[K’
  119 |   Pose& [01;36m[Koperator[m[K=(const Pose& other) {
      |         [01;36m[K^~~~~~~~[m[K
[01m[K/home/bubblebear/ws_livox/src/depth_clustering/src/utils/pose.h:[m[K In member function ‘[01m[Kdepth_clustering::Pose::Ptr depth_clustering::Pose::InLocalFrameOf(const Ptr&) const[m[K’:
[01m[K/home/bubblebear/ws_livox/src/depth_clustering/src/utils/pose.h:108:34:[m[K [01;35m[Kwarning: [m[Kimplicitly-declared ‘[01m[Kdepth_clustering::Pose::Pose(const depth_clustering::Pose&)[m[K’ is deprecated [[01;35m[K-Wdeprecated-copy[m[K]
  108 |     Pose::Ptr pose(new Pose(*this[01;35m[K)[m[K);
      |                                  [01;35m[K^[m[K
[01m[K/home/bubblebear/ws_livox/src/depth_clustering/src/utils/pose.h:119:9:[m[K [01;36m[Knote: [m[Kbecause ‘[01m[Kdepth_clustering::Pose[m[K’ has user-provided ‘[01m[Kdepth_clustering::Pose& depth_clustering::Pose::operator=(const depth_clustering::Pose&)[m[K’
  119 |   Pose& [01;36m[Koperator[m[K=(const Pose& other) {
      |         [01;36m[K^~~~~~~~[m[K
[01m[K/home/bubblebear/ws_livox/src/depth_clustering/src/utils/pose.h:[m[K In member function ‘[01m[Kdepth_clustering::Pose depth_clustering::Pose::operator-()[m[K’:
[01m[K/home/bubblebear/ws_livox/src/depth_clustering/src/utils/pose.h:143:12:[m[K [01;35m[Kwarning: [m[Kimplicitly-declared ‘[01m[Kdepth_clustering::Pose::Pose(const depth_clustering::Pose&)[m[K’ is deprecated [[01;35m[K-Wdeprecated-copy[m[K]
  143 |     return [01;35m[Kinverted[m[K;
      |            [01;35m[K^~~~~~~~[m[K
[01m[K/home/bubblebear/ws_livox/src/depth_clustering/src/utils/pose.h:119:9:[m[K [01;36m[Knote: [m[Kbecause ‘[01m[Kdepth_clustering::Pose[m[K’ has user-provided ‘[01m[Kdepth_clustering::Pose& depth_clustering::Pose::operator=(const depth_clustering::Pose&)[m[K’
  119 |   Pose& [01;36m[Koperator[m[K=(const Pose& other) {
      |         [01;36m[K^~~~~~~~[m[K
[01m[K/home/bubblebear/ws_livox/src/depth_clustering/src/utils/pose.h:[m[K In static member function ‘[01m[Kstatic depth_clustering::Pose depth_clustering::Pose::FromVector6f(const Vector6f&)[m[K’:
[01m[K/home/bubblebear/ws_livox/src/depth_clustering/src/utils/pose.h:165:12:[m[K [01;35m[Kwarning: [m[Kimplicitly-declared ‘[01m[Kdepth_clustering::Pose::Pose(const depth_clustering::Pose&)[m[K’ is deprecated [[01;35m[K-Wdeprecated-copy[m[K]
  165 |     return [01;35m[KT[m[K;
      |            [01;35m[K^[m[K
[01m[K/home/bubblebear/ws_livox/src/depth_clustering/src/utils/pose.h:119:9:[m[K [01;36m[Knote: [m[Kbecause ‘[01m[Kdepth_clustering::Pose[m[K’ has user-provided ‘[01m[Kdepth_clustering::Pose& depth_clustering::Pose::operator=(const depth_clustering::Pose&)[m[K’
  119 |   Pose& [01;36m[Koperator[m[K=(const Pose& other) {
      |         [01;36m[K^~~~~~~~[m[K
[ 75%] [32mBuilding CXX object test/CMakeFiles/depth_clustering_test.dir/test_angle_diff.cpp.o[0m
[ 76%] [32mBuilding CXX object test/CMakeFiles/depth_clustering_test.dir/test_line_dist_diff.cpp.o[0m
[01m[K/home/bubblebear/ws_livox/src/depth_clustering/test/test_pose.cpp:[m[K In member function ‘[01m[Kvirtual void PoseTest_TestLikelihood_Test::TestBody()[m[K’:
[01m[K/home/bubblebear/ws_livox/src/depth_clustering/test/test_pose.cpp:230:18:[m[K [01;35m[Kwarning: [m[Kimplicitly-declared ‘[01m[Kdepth_clustering::Pose::Pose(const depth_clustering::Pose&)[m[K’ is deprecated [[01;35m[K-Wdeprecated-copy[m[K]
  230 |   Pose pose2(pose[01;35m[K)[m[K;
      |                  [01;35m[K^[m[K
In file included from [01m[K/home/bubblebear/ws_livox/src/depth_clustering/test/test_pose.cpp:21[m[K:
[01m[K/home/bubblebear/ws_livox/src/depth_clustering/src/utils/pose.h:119:9:[m[K [01;36m[Knote: [m[Kbecause ‘[01m[Kdepth_clustering::Pose[m[K’ has user-provided ‘[01m[Kdepth_clustering::Pose& depth_clustering::Pose::operator=(const depth_clustering::Pose&)[m[K’
  119 |   Pose& [01;36m[Koperator[m[K=(const Pose& other) {
      |         [01;36m[K^~~~~~~~[m[K
In file included from [01m[K/home/bubblebear/ws_livox/src/depth_clustering/test/test_identifiable.cpp:25[m[K:
[01m[K/home/bubblebear/ws_livox/src/depth_clustering/src/utils/pose.h:[m[K In member function ‘[01m[Kdepth_clustering::Pose depth_clustering::Pose::InLocalFrameOf(const depth_clustering::Pose&) const[m[K’:
[01m[K/home/bubblebear/ws_livox/src/depth_clustering/src/utils/pose.h:102:20:[m[K [01;35m[Kwarning: [m[Kimplicitly-declared ‘[01m[Kdepth_clustering::Pose::Pose(const depth_clustering::Pose&)[m[K’ is deprecated [[01;35m[K-Wdeprecated-copy[m[K]
  102 |     Pose pose(*this[01;35m[K)[m[K;
      |                    [01;35m[K^[m[K
[01m[K/home/bubblebear/ws_livox/src/depth_clustering/src/utils/pose.h:119:9:[m[K [01;36m[Knote: [m[Kbecause ‘[01m[Kdepth_clustering::Pose[m[K’ has user-provided ‘[01m[Kdepth_clustering::Pose& depth_clustering::Pose::operator=(const depth_clustering::Pose&)[m[K’
  119 |   Pose& [01;36m[Koperator[m[K=(const Pose& other) {
      |         [01;36m[K^~~~~~~~[m[K
[01m[K/home/bubblebear/ws_livox/src/depth_clustering/src/utils/pose.h:104:12:[m[K [01;35m[Kwarning: [m[Kimplicitly-declared ‘[01m[Kdepth_clustering::Pose::Pose(const depth_clustering::Pose&)[m[K’ is deprecated [[01;35m[K-Wdeprecated-copy[m[K]
  104 |     return [01;35m[Kpose[m[K;
      |            [01;35m[K^~~~[m[K
[01m[K/home/bubblebear/ws_livox/src/depth_clustering/src/utils/pose.h:119:9:[m[K [01;36m[Knote: [m[Kbecause ‘[01m[Kdepth_clustering::Pose[m[K’ has user-provided ‘[01m[Kdepth_clustering::Pose& depth_clustering::Pose::operator=(const depth_clustering::Pose&)[m[K’
  119 |   Pose& [01;36m[Koperator[m[K=(const Pose& other) {
      |         [01;36m[K^~~~~~~~[m[K
[01m[K/home/bubblebear/ws_livox/src/depth_clustering/src/utils/pose.h:[m[K In member function ‘[01m[Kdepth_clustering::Pose::Ptr depth_clustering::Pose::InLocalFrameOf(const Ptr&) const[m[K’:
[01m[K/home/bubblebear/ws_livox/src/depth_clustering/src/utils/pose.h:108:34:[m[K [01;35m[Kwarning: [m[Kimplicitly-declared ‘[01m[Kdepth_clustering::Pose::Pose(const depth_clustering::Pose&)[m[K’ is deprecated [[01;35m[K-Wdeprecated-copy[m[K]
  108 |     Pose::Ptr pose(new Pose(*this[01;35m[K)[m[K);
      |                                  [01;35m[K^[m[K
[01m[K/home/bubblebear/ws_livox/src/depth_clustering/src/utils/pose.h:119:9:[m[K [01;36m[Knote: [m[Kbecause ‘[01m[Kdepth_clustering::Pose[m[K’ has user-provided ‘[01m[Kdepth_clustering::Pose& depth_clustering::Pose::operator=(const depth_clustering::Pose&)[m[K’
  119 |   Pose& [01;36m[Koperator[m[K=(const Pose& other) {
      |         [01;36m[K^~~~~~~~[m[K
[01m[K/home/bubblebear/ws_livox/src/depth_clustering/src/utils/pose.h:[m[K In member function ‘[01m[Kdepth_clustering::Pose depth_clustering::Pose::operator-()[m[K’:
[01m[K/home/bubblebear/ws_livox/src/depth_clustering/src/utils/pose.h:143:12:[m[K [01;35m[Kwarning: [m[Kimplicitly-declared ‘[01m[Kdepth_clustering::Pose::Pose(const depth_clustering::Pose&)[m[K’ is deprecated [[01;35m[K-Wdeprecated-copy[m[K]
  143 |     return [01;35m[Kinverted[m[K;
      |            [01;35m[K^~~~~~~~[m[K
[01m[K/home/bubblebear/ws_livox/src/depth_clustering/src/utils/pose.h:119:9:[m[K [01;36m[Knote: [m[Kbecause ‘[01m[Kdepth_clustering::Pose[m[K’ has user-provided ‘[01m[Kdepth_clustering::Pose& depth_clustering::Pose::operator=(const depth_clustering::Pose&)[m[K’
  119 |   Pose& [01;36m[Koperator[m[K=(const Pose& other) {
      |         [01;36m[K^~~~~~~~[m[K
In file included from [01m[K/home/bubblebear/ws_livox/src/depth_clustering/test/test_sender_client.cpp:27[m[K:
[01m[K/home/bubblebear/ws_livox/src/depth_clustering/src/utils/pose.h:[m[K In member function ‘[01m[Kdepth_clustering::Pose depth_clustering::Pose::InLocalFrameOf(const depth_clustering::Pose&) const[m[K’:
[01m[K/home/bubblebear/ws_livox/src/depth_clustering/src/utils/pose.h:102:20:[m[K [01;35m[Kwarning: [m[Kimplicitly-declared ‘[01m[Kdepth_clustering::Pose::Pose(const depth_clustering::Pose&)[m[K’ is deprecated [[01;35m[K-Wdeprecated-copy[m[K]
  102 |     Pose pose(*this[01;35m[K)[m[K;
      |                    [01;35m[K^[m[K
[01m[K/home/bubblebear/ws_livox/src/depth_clustering/src/utils/pose.h:119:9:[m[K [01;36m[Knote: [m[Kbecause ‘[01m[Kdepth_clustering::Pose[m[K’ has user-provided ‘[01m[Kdepth_clustering::Pose& depth_clustering::Pose::operator=(const depth_clustering::Pose&)[m[K’
  119 |   Pose& [01;36m[Koperator[m[K=(const Pose& other) {
      |         [01;36m[K^~~~~~~~[m[K
[01m[K/home/bubblebear/ws_livox/src/depth_clustering/src/utils/pose.h:104:12:[m[K [01;35m[Kwarning: [m[Kimplicitly-declared ‘[01m[Kdepth_clustering::Pose::Pose(const depth_clustering::Pose&)[m[K’ is deprecated [[01;35m[K-Wdeprecated-copy[m[K]
  104 |     return [01;35m[Kpose[m[K;
      |            [01;35m[K^~~~[m[K
[01m[K/home/bubblebear/ws_livox/src/depth_clustering/src/utils/pose.h:119:9:[m[K [01;36m[Knote: [m[Kbecause ‘[01m[Kdepth_clustering::Pose[m[K’ has user-provided ‘[01m[Kdepth_clustering::Pose& depth_clustering::Pose::operator=(const depth_clustering::Pose&)[m[K’
  119 |   Pose& [01;36m[Koperator[m[K=(const Pose& other) {
      |         [01;36m[K^~~~~~~~[m[K
[01m[K/home/bubblebear/ws_livox/src/depth_clustering/src/utils/pose.h:[m[K In member function ‘[01m[Kdepth_clustering::Pose::Ptr depth_clustering::Pose::InLocalFrameOf(const Ptr&) const[m[K’:
[01m[K/home/bubblebear/ws_livox/src/depth_clustering/src/utils/pose.h:108:34:[m[K [01;35m[Kwarning: [m[Kimplicitly-declared ‘[01m[Kdepth_clustering::Pose::Pose(const depth_clustering::Pose&)[m[K’ is deprecated [[01;35m[K-Wdeprecated-copy[m[K]
  108 |     Pose::Ptr pose(new Pose(*this[01;35m[K)[m[K);
      |                                  [01;35m[K^[m[K
[01m[K/home/bubblebear/ws_livox/src/depth_clustering/src/utils/pose.h:119:9:[m[K [01;36m[Knote: [m[Kbecause ‘[01m[Kdepth_clustering::Pose[m[K’ has user-provided ‘[01m[Kdepth_clustering::Pose& depth_clustering::Pose::operator=(const depth_clustering::Pose&)[m[K’
  119 |   Pose& [01;36m[Koperator[m[K=(const Pose& other) {
      |         [01;36m[K^~~~~~~~[m[K
[01m[K/home/bubblebear/ws_livox/src/depth_clustering/src/utils/pose.h:[m[K In member function ‘[01m[Kdepth_clustering::Pose depth_clustering::Pose::operator-()[m[K’:
[01m[K/home/bubblebear/ws_livox/src/depth_clustering/src/utils/pose.h:143:12:[m[K [01;35m[Kwarning: [m[Kimplicitly-declared ‘[01m[Kdepth_clustering::Pose::Pose(const depth_clustering::Pose&)[m[K’ is deprecated [[01;35m[K-Wdeprecated-copy[m[K]
  143 |     return [01;35m[Kinverted[m[K;
      |            [01;35m[K^~~~~~~~[m[K
[01m[K/home/bubblebear/ws_livox/src/depth_clustering/src/utils/pose.h:119:9:[m[K [01;36m[Knote: [m[Kbecause ‘[01m[Kdepth_clustering::Pose[m[K’ has user-provided ‘[01m[Kdepth_clustering::Pose& depth_clustering::Pose::operator=(const depth_clustering::Pose&)[m[K’
  119 |   Pose& [01;36m[Koperator[m[K=(const Pose& other) {
      |         [01;36m[K^~~~~~~~[m[K
[01m[K/home/bubblebear/ws_livox/src/depth_clustering/src/utils/pose.h:[m[K In static member function ‘[01m[Kstatic depth_clustering::Pose depth_clustering::Pose::FromVector6f(const Vector6f&)[m[K’:
[01m[K/home/bubblebear/ws_livox/src/depth_clustering/src/utils/pose.h:165:12:[m[K [01;35m[Kwarning: [m[Kimplicitly-declared ‘[01m[Kdepth_clustering::Pose::Pose(const depth_clustering::Pose&)[m[K’ is deprecated [[01;35m[K-Wdeprecated-copy[m[K]
  165 |     return [01;35m[KT[m[K;
      |            [01;35m[K^[m[K
[01m[K/home/bubblebear/ws_livox/src/depth_clustering/src/utils/pose.h:119:9:[m[K [01;36m[Knote: [m[Kbecause ‘[01m[Kdepth_clustering::Pose[m[K’ has user-provided ‘[01m[Kdepth_clustering::Pose& depth_clustering::Pose::operator=(const depth_clustering::Pose&)[m[K’
  119 |   Pose& [01;36m[Koperator[m[K=(const Pose& other) {
      |         [01;36m[K^~~~~~~~[m[K
[01m[K/home/bubblebear/ws_livox/src/depth_clustering/src/utils/pose.h:[m[K In static member function ‘[01m[Kstatic depth_clustering::Pose depth_clustering::Pose::FromVector6f(const Vector6f&)[m[K’:
[01m[K/home/bubblebear/ws_livox/src/depth_clustering/src/utils/pose.h:165:12:[m[K [01;35m[Kwarning: [m[Kimplicitly-declared ‘[01m[Kdepth_clustering::Pose::Pose(const depth_clustering::Pose&)[m[K’ is deprecated [[01;35m[K-Wdeprecated-copy[m[K]
  165 |     return [01;35m[KT[m[K;
      |            [01;35m[K^[m[K
[01m[K/home/bubblebear/ws_livox/src/depth_clustering/src/utils/pose.h:119:9:[m[K [01;36m[Knote: [m[Kbecause ‘[01m[Kdepth_clustering::Pose[m[K’ has user-provided ‘[01m[Kdepth_clustering::Pose& depth_clustering::Pose::operator=(const depth_clustering::Pose&)[m[K’
  119 |   Pose& [01;36m[Koperator[m[K=(const Pose& other) {
      |         [01;36m[K^~~~~~~~[m[K
[ 77%] [32mBuilding CXX object test/CMakeFiles/depth_clustering_test.dir/test_ground_remove.cpp.o[0m
In file included from [01m[K/home/bubblebear/ws_livox/src/depth_clustering/src/utils/cloud.h:40[m[K,
                 from [01m[K/home/bubblebear/ws_livox/src/depth_clustering/test/test_cloud.cpp:26[m[K:
[01m[K/home/bubblebear/ws_livox/src/depth_clustering/src/utils/pose.h:[m[K In member function ‘[01m[Kdepth_clustering::Pose depth_clustering::Pose::InLocalFrameOf(const depth_clustering::Pose&) const[m[K’:
[01m[K/home/bubblebear/ws_livox/src/depth_clustering/src/utils/pose.h:102:20:[m[K [01;35m[Kwarning: [m[Kimplicitly-declared ‘[01m[Kdepth_clustering::Pose::Pose(const depth_clustering::Pose&)[m[K’ is deprecated [[01;35m[K-Wdeprecated-copy[m[K]
  102 |     Pose pose(*this[01;35m[K)[m[K;
      |                    [01;35m[K^[m[K
[01m[K/home/bubblebear/ws_livox/src/depth_clustering/src/utils/pose.h:119:9:[m[K [01;36m[Knote: [m[Kbecause ‘[01m[Kdepth_clustering::Pose[m[K’ has user-provided ‘[01m[Kdepth_clustering::Pose& depth_clustering::Pose::operator=(const depth_clustering::Pose&)[m[K’
  119 |   Pose& [01;36m[Koperator[m[K=(const Pose& other) {
      |         [01;36m[K^~~~~~~~[m[K
[01m[K/home/bubblebear/ws_livox/src/depth_clustering/src/utils/pose.h:104:12:[m[K [01;35m[Kwarning: [m[Kimplicitly-declared ‘[01m[Kdepth_clustering::Pose::Pose(const depth_clustering::Pose&)[m[K’ is deprecated [[01;35m[K-Wdeprecated-copy[m[K]
  104 |     return [01;35m[Kpose[m[K;
      |            [01;35m[K^~~~[m[K
[01m[K/home/bubblebear/ws_livox/src/depth_clustering/src/utils/pose.h:119:9:[m[K [01;36m[Knote: [m[Kbecause ‘[01m[Kdepth_clustering::Pose[m[K’ has user-provided ‘[01m[Kdepth_clustering::Pose& depth_clustering::Pose::operator=(const depth_clustering::Pose&)[m[K’
  119 |   Pose& [01;36m[Koperator[m[K=(const Pose& other) {
      |         [01;36m[K^~~~~~~~[m[K
[01m[K/home/bubblebear/ws_livox/src/depth_clustering/src/utils/pose.h:[m[K In member function ‘[01m[Kdepth_clustering::Pose::Ptr depth_clustering::Pose::InLocalFrameOf(const Ptr&) const[m[K’:
[01m[K/home/bubblebear/ws_livox/src/depth_clustering/src/utils/pose.h:108:34:[m[K [01;35m[Kwarning: [m[Kimplicitly-declared ‘[01m[Kdepth_clustering::Pose::Pose(const depth_clustering::Pose&)[m[K’ is deprecated [[01;35m[K-Wdeprecated-copy[m[K]
  108 |     Pose::Ptr pose(new Pose(*this[01;35m[K)[m[K);
      |                                  [01;35m[K^[m[K
[01m[K/home/bubblebear/ws_livox/src/depth_clustering/src/utils/pose.h:119:9:[m[K [01;36m[Knote: [m[Kbecause ‘[01m[Kdepth_clustering::Pose[m[K’ has user-provided ‘[01m[Kdepth_clustering::Pose& depth_clustering::Pose::operator=(const depth_clustering::Pose&)[m[K’
  119 |   Pose& [01;36m[Koperator[m[K=(const Pose& other) {
      |         [01;36m[K^~~~~~~~[m[K
[01m[K/home/bubblebear/ws_livox/src/depth_clustering/src/utils/pose.h:[m[K In member function ‘[01m[Kdepth_clustering::Pose depth_clustering::Pose::operator-()[m[K’:
[01m[K/home/bubblebear/ws_livox/src/depth_clustering/src/utils/pose.h:143:12:[m[K [01;35m[Kwarning: [m[Kimplicitly-declared ‘[01m[Kdepth_clustering::Pose::Pose(const depth_clustering::Pose&)[m[K’ is deprecated [[01;35m[K-Wdeprecated-copy[m[K]
  143 |     return [01;35m[Kinverted[m[K;
      |            [01;35m[K^~~~~~~~[m[K
[01m[K/home/bubblebear/ws_livox/src/depth_clustering/src/utils/pose.h:119:9:[m[K [01;36m[Knote: [m[Kbecause ‘[01m[Kdepth_clustering::Pose[m[K’ has user-provided ‘[01m[Kdepth_clustering::Pose& depth_clustering::Pose::operator=(const depth_clustering::Pose&)[m[K’
  119 |   Pose& [01;36m[Koperator[m[K=(const Pose& other) {
      |         [01;36m[K^~~~~~~~[m[K
[01m[K/home/bubblebear/ws_livox/src/depth_clustering/src/utils/pose.h:[m[K In static member function ‘[01m[Kstatic depth_clustering::Pose depth_clustering::Pose::FromVector6f(const Vector6f&)[m[K’:
[01m[K/home/bubblebear/ws_livox/src/depth_clustering/src/utils/pose.h:165:12:[m[K [01;35m[Kwarning: [m[Kimplicitly-declared ‘[01m[Kdepth_clustering::Pose::Pose(const depth_clustering::Pose&)[m[K’ is deprecated [[01;35m[K-Wdeprecated-copy[m[K]
  165 |     return [01;35m[KT[m[K;
      |            [01;35m[K^[m[K
[01m[K/home/bubblebear/ws_livox/src/depth_clustering/src/utils/pose.h:119:9:[m[K [01;36m[Knote: [m[Kbecause ‘[01m[Kdepth_clustering::Pose[m[K’ has user-provided ‘[01m[Kdepth_clustering::Pose& depth_clustering::Pose::operator=(const depth_clustering::Pose&)[m[K’
  119 |   Pose& [01;36m[Koperator[m[K=(const Pose& other) {
      |         [01;36m[K^~~~~~~~[m[K
In file included from [01m[K/home/bubblebear/ws_livox/src/depth_clustering/src/ros_bridge/cloud_odom_ros_subscriber.h:35[m[K,
                 from [01m[K/home/bubblebear/ws_livox/src/depth_clustering/src/ros_bridge/cloud_odom_ros_subscriber.cpp:21[m[K:
[01m[K/home/bubblebear/ws_livox/src/depth_clustering/src/utils/pose.h:[m[K In member function ‘[01m[Kdepth_clustering::Pose depth_clustering::Pose::InLocalFrameOf(const depth_clustering::Pose&) const[m[K’:
[01m[K/home/bubblebear/ws_livox/src/depth_clustering/src/utils/pose.h:102:20:[m[K [01;35m[Kwarning: [m[Kimplicitly-declared ‘[01m[Kdepth_clustering::Pose::Pose(const depth_clustering::Pose&)[m[K’ is deprecated [[01;35m[K-Wdeprecated-copy[m[K]
  102 |     Pose pose(*this[01;35m[K)[m[K;
      |                    [01;35m[K^[m[K
[01m[K/home/bubblebear/ws_livox/src/depth_clustering/src/utils/pose.h:119:9:[m[K [01;36m[Knote: [m[Kbecause ‘[01m[Kdepth_clustering::Pose[m[K’ has user-provided ‘[01m[Kdepth_clustering::Pose& depth_clustering::Pose::operator=(const depth_clustering::Pose&)[m[K’
  119 |   Pose& [01;36m[Koperator[m[K=(const Pose& other) {
      |         [01;36m[K^~~~~~~~[m[K
[01m[K/home/bubblebear/ws_livox/src/depth_clustering/src/utils/pose.h:104:12:[m[K [01;35m[Kwarning: [m[Kimplicitly-declared ‘[01m[Kdepth_clustering::Pose::Pose(const depth_clustering::Pose&)[m[K’ is deprecated [[01;35m[K-Wdeprecated-copy[m[K]
  104 |     return [01;35m[Kpose[m[K;
      |            [01;35m[K^~~~[m[K
[01m[K/home/bubblebear/ws_livox/src/depth_clustering/src/utils/pose.h:119:9:[m[K [01;36m[Knote: [m[Kbecause ‘[01m[Kdepth_clustering::Pose[m[K’ has user-provided ‘[01m[Kdepth_clustering::Pose& depth_clustering::Pose::operator=(const depth_clustering::Pose&)[m[K’
  119 |   Pose& [01;36m[Koperator[m[K=(const Pose& other) {
      |         [01;36m[K^~~~~~~~[m[K
[01m[K/home/bubblebear/ws_livox/src/depth_clustering/src/utils/pose.h:[m[K In member function ‘[01m[Kdepth_clustering::Pose::Ptr depth_clustering::Pose::InLocalFrameOf(const Ptr&) const[m[K’:
[01m[K/home/bubblebear/ws_livox/src/depth_clustering/src/utils/pose.h:108:34:[m[K [01;35m[Kwarning: [m[Kimplicitly-declared ‘[01m[Kdepth_clustering::Pose::Pose(const depth_clustering::Pose&)[m[K’ is deprecated [[01;35m[K-Wdeprecated-copy[m[K]
  108 |     Pose::Ptr pose(new Pose(*this[01;35m[K)[m[K);
      |                                  [01;35m[K^[m[K
[01m[K/home/bubblebear/ws_livox/src/depth_clustering/src/utils/pose.h:119:9:[m[K [01;36m[Knote: [m[Kbecause ‘[01m[Kdepth_clustering::Pose[m[K’ has user-provided ‘[01m[Kdepth_clustering::Pose& depth_clustering::Pose::operator=(const depth_clustering::Pose&)[m[K’
  119 |   Pose& [01;36m[Koperator[m[K=(const Pose& other) {
      |         [01;36m[K^~~~~~~~[m[K
[01m[K/home/bubblebear/ws_livox/src/depth_clustering/src/utils/pose.h:[m[K In member function ‘[01m[Kdepth_clustering::Pose depth_clustering::Pose::operator-()[m[K’:
[01m[K/home/bubblebear/ws_livox/src/depth_clustering/src/utils/pose.h:143:12:[m[K [01;35m[Kwarning: [m[Kimplicitly-declared ‘[01m[Kdepth_clustering::Pose::Pose(const depth_clustering::Pose&)[m[K’ is deprecated [[01;35m[K-Wdeprecated-copy[m[K]
  143 |     return [01;35m[Kinverted[m[K;
      |            [01;35m[K^~~~~~~~[m[K
[01m[K/home/bubblebear/ws_livox/src/depth_clustering/src/utils/pose.h:119:9:[m[K [01;36m[Knote: [m[Kbecause ‘[01m[Kdepth_clustering::Pose[m[K’ has user-provided ‘[01m[Kdepth_clustering::Pose& depth_clustering::Pose::operator=(const depth_clustering::Pose&)[m[K’
  119 |   Pose& [01;36m[Koperator[m[K=(const Pose& other) {
      |         [01;36m[K^~~~~~~~[m[K
In file included from [01m[K/home/bubblebear/ws_livox/src/depth_clustering/test/test_cloud.cpp:26[m[K:
[01m[K/home/bubblebear/ws_livox/src/depth_clustering/src/utils/cloud.h:[m[K In constructor ‘[01m[Kdepth_clustering::Cloud::Cloud(const depth_clustering::Pose&)[m[K’:
[01m[K/home/bubblebear/ws_livox/src/depth_clustering/src/utils/cloud.h:59:64:[m[K [01;35m[Kwarning: [m[Kimplicitly-declared ‘[01m[Kdepth_clustering::Pose::Pose(const depth_clustering::Pose&)[m[K’ is deprecated [[01;35m[K-Wdeprecated-copy[m[K]
   59 |   explicit Cloud(const Pose& pose) : _pose(pose), _sensor_pose([01;35m[K)[m[K {}
      |                                                                [01;35m[K^[m[K
In file included from [01m[K/home/bubblebear/ws_livox/src/depth_clustering/src/utils/cloud.h:40[m[K,
                 from [01m[K/home/bubblebear/ws_livox/src/depth_clustering/test/test_cloud.cpp:26[m[K:
[01m[K/home/bubblebear/ws_livox/src/depth_clustering/src/utils/pose.h:119:9:[m[K [01;36m[Knote: [m[Kbecause ‘[01m[Kdepth_clustering::Pose[m[K’ has user-provided ‘[01m[Kdepth_clustering::Pose& depth_clustering::Pose::operator=(const depth_clustering::Pose&)[m[K’
  119 |   Pose& [01;36m[Koperator[m[K=(const Pose& other) {
      |         [01;36m[K^~~~~~~~[m[K
[01m[K/home/bubblebear/ws_livox/src/depth_clustering/src/utils/pose.h:[m[K In static member function ‘[01m[Kstatic depth_clustering::Pose depth_clustering::Pose::FromVector6f(const Vector6f&)[m[K’:
[01m[K/home/bubblebear/ws_livox/src/depth_clustering/src/utils/pose.h:165:12:[m[K [01;35m[Kwarning: [m[Kimplicitly-declared ‘[01m[Kdepth_clustering::Pose::Pose(const depth_clustering::Pose&)[m[K’ is deprecated [[01;35m[K-Wdeprecated-copy[m[K]
  165 |     return [01;35m[KT[m[K;
      |            [01;35m[K^[m[K
[01m[K/home/bubblebear/ws_livox/src/depth_clustering/src/utils/pose.h:119:9:[m[K [01;36m[Knote: [m[Kbecause ‘[01m[Kdepth_clustering::Pose[m[K’ has user-provided ‘[01m[Kdepth_clustering::Pose& depth_clustering::Pose::operator=(const depth_clustering::Pose&)[m[K’
  119 |   Pose& [01;36m[Koperator[m[K=(const Pose& other) {
      |         [01;36m[K^~~~~~~~[m[K
In file included from [01m[K/home/bubblebear/ws_livox/src/depth_clustering/src/utils/cloud.h:40[m[K,
                 from [01m[K/home/bubblebear/ws_livox/src/depth_clustering/src/clusterers/image_based_clusterer.h:35[m[K,
                 from [01m[K/home/bubblebear/ws_livox/src/depth_clustering/examples/simple_nodes/show_objects_moosmann.cpp:28[m[K:
[01m[K/home/bubblebear/ws_livox/src/depth_clustering/src/utils/pose.h:[m[K In member function ‘[01m[Kdepth_clustering::Pose depth_clustering::Pose::InLocalFrameOf(const depth_clustering::Pose&) const[m[K’:
[01m[K/home/bubblebear/ws_livox/src/depth_clustering/src/utils/pose.h:102:20:[m[K [01;35m[Kwarning: [m[Kimplicitly-declared ‘[01m[Kdepth_clustering::Pose::Pose(const depth_clustering::Pose&)[m[K’ is deprecated [[01;35m[K-Wdeprecated-copy[m[K]
  102 |     Pose pose(*this[01;35m[K)[m[K;
      |                    [01;35m[K^[m[K
[01m[K/home/bubblebear/ws_livox/src/depth_clustering/src/utils/pose.h:119:9:[m[K [01;36m[Knote: [m[Kbecause ‘[01m[Kdepth_clustering::Pose[m[K’ has user-provided ‘[01m[Kdepth_clustering::Pose& depth_clustering::Pose::operator=(const depth_clustering::Pose&)[m[K’
  119 |   Pose& [01;36m[Koperator[m[K=(const Pose& other) {
      |         [01;36m[K^~~~~~~~[m[K
[01m[K/home/bubblebear/ws_livox/src/depth_clustering/src/utils/pose.h:104:12:[m[K [01;35m[Kwarning: [m[Kimplicitly-declared ‘[01m[Kdepth_clustering::Pose::Pose(const depth_clustering::Pose&)[m[K’ is deprecated [[01;35m[K-Wdeprecated-copy[m[K]
  104 |     return [01;35m[Kpose[m[K;
      |            [01;35m[K^~~~[m[K
[01m[K/home/bubblebear/ws_livox/src/depth_clustering/src/utils/pose.h:119:9:[m[K [01;36m[Knote: [m[Kbecause ‘[01m[Kdepth_clustering::Pose[m[K’ has user-provided ‘[01m[Kdepth_clustering::Pose& depth_clustering::Pose::operator=(const depth_clustering::Pose&)[m[K’
  119 |   Pose& [01;36m[Koperator[m[K=(const Pose& other) {
      |         [01;36m[K^~~~~~~~[m[K
[01m[K/home/bubblebear/ws_livox/src/depth_clustering/src/utils/pose.h:[m[K In member function ‘[01m[Kdepth_clustering::Pose::Ptr depth_clustering::Pose::InLocalFrameOf(const Ptr&) const[m[K’:
[01m[K/home/bubblebear/ws_livox/src/depth_clustering/src/utils/pose.h:108:34:[m[K [01;35m[Kwarning: [m[Kimplicitly-declared ‘[01m[Kdepth_clustering::Pose::Pose(const depth_clustering::Pose&)[m[K’ is deprecated [[01;35m[K-Wdeprecated-copy[m[K]
  108 |     Pose::Ptr pose(new Pose(*this[01;35m[K)[m[K);
      |                                  [01;35m[K^[m[K
[01m[K/home/bubblebear/ws_livox/src/depth_clustering/src/utils/pose.h:119:9:[m[K [01;36m[Knote: [m[Kbecause ‘[01m[Kdepth_clustering::Pose[m[K’ has user-provided ‘[01m[Kdepth_clustering::Pose& depth_clustering::Pose::operator=(const depth_clustering::Pose&)[m[K’
  119 |   Pose& [01;36m[Koperator[m[K=(const Pose& other) {
      |         [01;36m[K^~~~~~~~[m[K
[01m[K/home/bubblebear/ws_livox/src/depth_clustering/src/utils/pose.h:[m[K In member function ‘[01m[Kdepth_clustering::Pose depth_clustering::Pose::operator-()[m[K’:
[01m[K/home/bubblebear/ws_livox/src/depth_clustering/src/utils/pose.h:143:12:[m[K [01;35m[Kwarning: [m[Kimplicitly-declared ‘[01m[Kdepth_clustering::Pose::Pose(const depth_clustering::Pose&)[m[K’ is deprecated [[01;35m[K-Wdeprecated-copy[m[K]
  143 |     return [01;35m[Kinverted[m[K;
      |            [01;35m[K^~~~~~~~[m[K
[01m[K/home/bubblebear/ws_livox/src/depth_clustering/src/utils/pose.h:119:9:[m[K [01;36m[Knote: [m[Kbecause ‘[01m[Kdepth_clustering::Pose[m[K’ has user-provided ‘[01m[Kdepth_clustering::Pose& depth_clustering::Pose::operator=(const depth_clustering::Pose&)[m[K’
  119 |   Pose& [01;36m[Koperator[m[K=(const Pose& other) {
      |         [01;36m[K^~~~~~~~[m[K
In file included from [01m[K/home/bubblebear/ws_livox/src/depth_clustering/src/utils/cloud.h:40[m[K,
                 from [01m[K/home/bubblebear/ws_livox/src/depth_clustering/src/clusterers/image_based_clusterer.h:35[m[K,
                 from [01m[K/home/bubblebear/ws_livox/src/depth_clustering/examples/simple_nodes/show_objects_kitti.cpp:28[m[K:
[01m[K/home/bubblebear/ws_livox/src/depth_clustering/src/utils/pose.h:[m[K In member function ‘[01m[Kdepth_clustering::Pose depth_clustering::Pose::InLocalFrameOf(const depth_clustering::Pose&) const[m[K’:
[01m[K/home/bubblebear/ws_livox/src/depth_clustering/src/utils/pose.h:102:20:[m[K [01;35m[Kwarning: [m[Kimplicitly-declared ‘[01m[Kdepth_clustering::Pose::Pose(const depth_clustering::Pose&)[m[K’ is deprecated [[01;35m[K-Wdeprecated-copy[m[K]
  102 |     Pose pose(*this[01;35m[K)[m[K;
      |                    [01;35m[K^[m[K
[01m[K/home/bubblebear/ws_livox/src/depth_clustering/src/utils/pose.h:119:9:[m[K [01;36m[Knote: [m[Kbecause ‘[01m[Kdepth_clustering::Pose[m[K’ has user-provided ‘[01m[Kdepth_clustering::Pose& depth_clustering::Pose::operator=(const depth_clustering::Pose&)[m[K’
  119 |   Pose& [01;36m[Koperator[m[K=(const Pose& other) {
      |         [01;36m[K^~~~~~~~[m[K
[01m[K/home/bubblebear/ws_livox/src/depth_clustering/src/utils/pose.h:104:12:[m[K [01;35m[Kwarning: [m[Kimplicitly-declared ‘[01m[Kdepth_clustering::Pose::Pose(const depth_clustering::Pose&)[m[K’ is deprecated [[01;35m[K-Wdeprecated-copy[m[K]
  104 |     return [01;35m[Kpose[m[K;
      |            [01;35m[K^~~~[m[K
[01m[K/home/bubblebear/ws_livox/src/depth_clustering/src/utils/pose.h:119:9:[m[K [01;36m[Knote: [m[Kbecause ‘[01m[Kdepth_clustering::Pose[m[K’ has user-provided ‘[01m[Kdepth_clustering::Pose& depth_clustering::Pose::operator=(const depth_clustering::Pose&)[m[K’
  119 |   Pose& [01;36m[Koperator[m[K=(const Pose& other) {
      |         [01;36m[K^~~~~~~~[m[K
[01m[K/home/bubblebear/ws_livox/src/depth_clustering/src/utils/pose.h:[m[K In member function ‘[01m[Kdepth_clustering::Pose::Ptr depth_clustering::Pose::InLocalFrameOf(const Ptr&) const[m[K’:
[01m[K/home/bubblebear/ws_livox/src/depth_clustering/src/utils/pose.h:108:34:[m[K [01;35m[Kwarning: [m[Kimplicitly-declared ‘[01m[Kdepth_clustering::Pose::Pose(const depth_clustering::Pose&)[m[K’ is deprecated [[01;35m[K-Wdeprecated-copy[m[K]
  108 |     Pose::Ptr pose(new Pose(*this[01;35m[K)[m[K);
      |                                  [01;35m[K^[m[K
[01m[K/home/bubblebear/ws_livox/src/depth_clustering/src/utils/pose.h:119:9:[m[K [01;36m[Knote: [m[Kbecause ‘[01m[Kdepth_clustering::Pose[m[K’ has user-provided ‘[01m[Kdepth_clustering::Pose& depth_clustering::Pose::operator=(const depth_clustering::Pose&)[m[K’
  119 |   Pose& [01;36m[Koperator[m[K=(const Pose& other) {
      |         [01;36m[K^~~~~~~~[m[K
[01m[K/home/bubblebear/ws_livox/src/depth_clustering/src/utils/pose.h:[m[K In member function ‘[01m[Kdepth_clustering::Pose depth_clustering::Pose::operator-()[m[K’:
[01m[K/home/bubblebear/ws_livox/src/depth_clustering/src/utils/pose.h:143:12:[m[K [01;35m[Kwarning: [m[Kimplicitly-declared ‘[01m[Kdepth_clustering::Pose::Pose(const depth_clustering::Pose&)[m[K’ is deprecated [[01;35m[K-Wdeprecated-copy[m[K]
  143 |     return [01;35m[Kinverted[m[K;
      |            [01;35m[K^~~~~~~~[m[K
[01m[K/home/bubblebear/ws_livox/src/depth_clustering/src/utils/pose.h:119:9:[m[K [01;36m[Knote: [m[Kbecause ‘[01m[Kdepth_clustering::Pose[m[K’ has user-provided ‘[01m[Kdepth_clustering::Pose& depth_clustering::Pose::operator=(const depth_clustering::Pose&)[m[K’
  119 |   Pose& [01;36m[Koperator[m[K=(const Pose& other) {
      |         [01;36m[K^~~~~~~~[m[K
[01m[K/home/bubblebear/ws_livox/src/depth_clustering/src/utils/pose.h:[m[K In static member function ‘[01m[Kstatic depth_clustering::Pose depth_clustering::Pose::FromVector6f(const Vector6f&)[m[K’:
[01m[K/home/bubblebear/ws_livox/src/depth_clustering/src/utils/pose.h:165:12:[m[K [01;35m[Kwarning: [m[Kimplicitly-declared ‘[01m[Kdepth_clustering::Pose::Pose(const depth_clustering::Pose&)[m[K’ is deprecated [[01;35m[K-Wdeprecated-copy[m[K]
  165 |     return [01;35m[KT[m[K;
      |            [01;35m[K^[m[K
[01m[K/home/bubblebear/ws_livox/src/depth_clustering/src/utils/pose.h:119:9:[m[K [01;36m[Knote: [m[Kbecause ‘[01m[Kdepth_clustering::Pose[m[K’ has user-provided ‘[01m[Kdepth_clustering::Pose& depth_clustering::Pose::operator=(const depth_clustering::Pose&)[m[K’
  119 |   Pose& [01;36m[Koperator[m[K=(const Pose& other) {
      |         [01;36m[K^~~~~~~~[m[K
[01m[K/home/bubblebear/ws_livox/src/depth_clustering/src/utils/pose.h:[m[K In static member function ‘[01m[Kstatic depth_clustering::Pose depth_clustering::Pose::FromVector6f(const Vector6f&)[m[K’:
[01m[K/home/bubblebear/ws_livox/src/depth_clustering/src/utils/pose.h:165:12:[m[K [01;35m[Kwarning: [m[Kimplicitly-declared ‘[01m[Kdepth_clustering::Pose::Pose(const depth_clustering::Pose&)[m[K’ is deprecated [[01;35m[K-Wdeprecated-copy[m[K]
  165 |     return [01;35m[KT[m[K;
      |            [01;35m[K^[m[K
[01m[K/home/bubblebear/ws_livox/src/depth_clustering/src/utils/pose.h:119:9:[m[K [01;36m[Knote: [m[Kbecause ‘[01m[Kdepth_clustering::Pose[m[K’ has user-provided ‘[01m[Kdepth_clustering::Pose& depth_clustering::Pose::operator=(const depth_clustering::Pose&)[m[K’
  119 |   Pose& [01;36m[Koperator[m[K=(const Pose& other) {
      |         [01;36m[K^~~~~~~~[m[K
In file included from [01m[K/home/bubblebear/ws_livox/src/depth_clustering/src/clusterers/image_based_clusterer.h:35[m[K,
                 from [01m[K/home/bubblebear/ws_livox/src/depth_clustering/examples/simple_nodes/show_objects_moosmann.cpp:28[m[K:
[01m[K/home/bubblebear/ws_livox/src/depth_clustering/src/utils/cloud.h:[m[K In constructor ‘[01m[Kdepth_clustering::Cloud::Cloud(const depth_clustering::Pose&)[m[K’:
[01m[K/home/bubblebear/ws_livox/src/depth_clustering/src/utils/cloud.h:59:64:[m[K [01;35m[Kwarning: [m[Kimplicitly-declared ‘[01m[Kdepth_clustering::Pose::Pose(const depth_clustering::Pose&)[m[K’ is deprecated [[01;35m[K-Wdeprecated-copy[m[K]
   59 |   explicit Cloud(const Pose& pose) : _pose(pose), _sensor_pose([01;35m[K)[m[K {}
      |                                                                [01;35m[K^[m[K
In file included from [01m[K/home/bubblebear/ws_livox/src/depth_clustering/src/utils/cloud.h:40[m[K,
                 from [01m[K/home/bubblebear/ws_livox/src/depth_clustering/src/clusterers/image_based_clusterer.h:35[m[K,
                 from [01m[K/home/bubblebear/ws_livox/src/depth_clustering/examples/simple_nodes/show_objects_moosmann.cpp:28[m[K:
[01m[K/home/bubblebear/ws_livox/src/depth_clustering/src/utils/pose.h:119:9:[m[K [01;36m[Knote: [m[Kbecause ‘[01m[Kdepth_clustering::Pose[m[K’ has user-provided ‘[01m[Kdepth_clustering::Pose& depth_clustering::Pose::operator=(const depth_clustering::Pose&)[m[K’
  119 |   Pose& [01;36m[Koperator[m[K=(const Pose& other) {
      |         [01;36m[K^~~~~~~~[m[K
In file included from [01m[K/home/bubblebear/ws_livox/src/depth_clustering/src/clusterers/image_based_clusterer.h:35[m[K,
                 from [01m[K/home/bubblebear/ws_livox/src/depth_clustering/examples/simple_nodes/show_objects_kitti.cpp:28[m[K:
[01m[K/home/bubblebear/ws_livox/src/depth_clustering/src/utils/cloud.h:[m[K In constructor ‘[01m[Kdepth_clustering::Cloud::Cloud(const depth_clustering::Pose&)[m[K’:
[01m[K/home/bubblebear/ws_livox/src/depth_clustering/src/utils/cloud.h:59:64:[m[K [01;35m[Kwarning: [m[Kimplicitly-declared ‘[01m[Kdepth_clustering::Pose::Pose(const depth_clustering::Pose&)[m[K’ is deprecated [[01;35m[K-Wdeprecated-copy[m[K]
   59 |   explicit Cloud(const Pose& pose) : _pose(pose), _sensor_pose([01;35m[K)[m[K {}
      |                                                                [01;35m[K^[m[K
In file included from [01m[K/home/bubblebear/ws_livox/src/depth_clustering/src/utils/cloud.h:40[m[K,
                 from [01m[K/home/bubblebear/ws_livox/src/depth_clustering/src/clusterers/image_based_clusterer.h:35[m[K,
                 from [01m[K/home/bubblebear/ws_livox/src/depth_clustering/examples/simple_nodes/show_objects_kitti.cpp:28[m[K:
[01m[K/home/bubblebear/ws_livox/src/depth_clustering/src/utils/pose.h:119:9:[m[K [01;36m[Knote: [m[Kbecause ‘[01m[Kdepth_clustering::Pose[m[K’ has user-provided ‘[01m[Kdepth_clustering::Pose& depth_clustering::Pose::operator=(const depth_clustering::Pose&)[m[K’
  119 |   Pose& [01;36m[Koperator[m[K=(const Pose& other) {
      |         [01;36m[K^~~~~~~~[m[K
In file included from [01m[K/home/bubblebear/ws_livox/src/depth_clustering/src/utils/cloud.h:40[m[K,
                 from [01m[K/home/bubblebear/ws_livox/src/depth_clustering/src/projections/spherical_projection.h:31[m[K,
                 from [01m[K/home/bubblebear/ws_livox/src/depth_clustering/test/test_cloud_projection.cpp:27[m[K:
[01m[K/home/bubblebear/ws_livox/src/depth_clustering/src/utils/pose.h:[m[K In member function ‘[01m[Kdepth_clustering::Pose depth_clustering::Pose::InLocalFrameOf(const depth_clustering::Pose&) const[m[K’:
[01m[K/home/bubblebear/ws_livox/src/depth_clustering/src/utils/pose.h:102:20:[m[K [01;35m[Kwarning: [m[Kimplicitly-declared ‘[01m[Kdepth_clustering::Pose::Pose(const depth_clustering::Pose&)[m[K’ is deprecated [[01;35m[K-Wdeprecated-copy[m[K]
  102 |     Pose pose(*this[01;35m[K)[m[K;
      |                    [01;35m[K^[m[K
[01m[K/home/bubblebear/ws_livox/src/depth_clustering/src/utils/pose.h:119:9:[m[K [01;36m[Knote: [m[Kbecause ‘[01m[Kdepth_clustering::Pose[m[K’ has user-provided ‘[01m[Kdepth_clustering::Pose& depth_clustering::Pose::operator=(const depth_clustering::Pose&)[m[K’
  119 |   Pose& [01;36m[Koperator[m[K=(const Pose& other) {
      |         [01;36m[K^~~~~~~~[m[K
[01m[K/home/bubblebear/ws_livox/src/depth_clustering/src/utils/pose.h:104:12:[m[K [01;35m[Kwarning: [m[Kimplicitly-declared ‘[01m[Kdepth_clustering::Pose::Pose(const depth_clustering::Pose&)[m[K’ is deprecated [[01;35m[K-Wdeprecated-copy[m[K]
  104 |     return [01;35m[Kpose[m[K;
      |            [01;35m[K^~~~[m[K
[01m[K/home/bubblebear/ws_livox/src/depth_clustering/src/utils/pose.h:119:9:[m[K [01;36m[Knote: [m[Kbecause ‘[01m[Kdepth_clustering::Pose[m[K’ has user-provided ‘[01m[Kdepth_clustering::Pose& depth_clustering::Pose::operator=(const depth_clustering::Pose&)[m[K’
  119 |   Pose& [01;36m[Koperator[m[K=(const Pose& other) {
      |         [01;36m[K^~~~~~~~[m[K
[01m[K/home/bubblebear/ws_livox/src/depth_clustering/src/utils/pose.h:[m[K In member function ‘[01m[Kdepth_clustering::Pose::Ptr depth_clustering::Pose::InLocalFrameOf(const Ptr&) const[m[K’:
[01m[K/home/bubblebear/ws_livox/src/depth_clustering/src/utils/pose.h:108:34:[m[K [01;35m[Kwarning: [m[Kimplicitly-declared ‘[01m[Kdepth_clustering::Pose::Pose(const depth_clustering::Pose&)[m[K’ is deprecated [[01;35m[K-Wdeprecated-copy[m[K]
  108 |     Pose::Ptr pose(new Pose(*this[01;35m[K)[m[K);
      |                                  [01;35m[K^[m[K
[01m[K/home/bubblebear/ws_livox/src/depth_clustering/src/utils/pose.h:119:9:[m[K [01;36m[Knote: [m[Kbecause ‘[01m[Kdepth_clustering::Pose[m[K’ has user-provided ‘[01m[Kdepth_clustering::Pose& depth_clustering::Pose::operator=(const depth_clustering::Pose&)[m[K’
  119 |   Pose& [01;36m[Koperator[m[K=(const Pose& other) {
      |         [01;36m[K^~~~~~~~[m[K
[01m[K/home/bubblebear/ws_livox/src/depth_clustering/src/utils/pose.h:[m[K In member function ‘[01m[Kdepth_clustering::Pose depth_clustering::Pose::operator-()[m[K’:
[01m[K/home/bubblebear/ws_livox/src/depth_clustering/src/utils/pose.h:143:12:[m[K [01;35m[Kwarning: [m[Kimplicitly-declared ‘[01m[Kdepth_clustering::Pose::Pose(const depth_clustering::Pose&)[m[K’ is deprecated [[01;35m[K-Wdeprecated-copy[m[K]
  143 |     return [01;35m[Kinverted[m[K;
      |            [01;35m[K^~~~~~~~[m[K
[01m[K/home/bubblebear/ws_livox/src/depth_clustering/src/utils/pose.h:119:9:[m[K [01;36m[Knote: [m[Kbecause ‘[01m[Kdepth_clustering::Pose[m[K’ has user-provided ‘[01m[Kdepth_clustering::Pose& depth_clustering::Pose::operator=(const depth_clustering::Pose&)[m[K’
  119 |   Pose& [01;36m[Koperator[m[K=(const Pose& other) {
      |         [01;36m[K^~~~~~~~[m[K
[01m[K/home/bubblebear/ws_livox/src/depth_clustering/src/utils/pose.h:[m[K In static member function ‘[01m[Kstatic depth_clustering::Pose depth_clustering::Pose::FromVector6f(const Vector6f&)[m[K’:
[01m[K/home/bubblebear/ws_livox/src/depth_clustering/src/utils/pose.h:165:12:[m[K [01;35m[Kwarning: [m[Kimplicitly-declared ‘[01m[Kdepth_clustering::Pose::Pose(const depth_clustering::Pose&)[m[K’ is deprecated [[01;35m[K-Wdeprecated-copy[m[K]
  165 |     return [01;35m[KT[m[K;
      |            [01;35m[K^[m[K
[01m[K/home/bubblebear/ws_livox/src/depth_clustering/src/utils/pose.h:119:9:[m[K [01;36m[Knote: [m[Kbecause ‘[01m[Kdepth_clustering::Pose[m[K’ has user-provided ‘[01m[Kdepth_clustering::Pose& depth_clustering::Pose::operator=(const depth_clustering::Pose&)[m[K’
  119 |   Pose& [01;36m[Koperator[m[K=(const Pose& other) {
      |         [01;36m[K^~~~~~~~[m[K
In file included from [01m[K/home/bubblebear/ws_livox/src/depth_clustering/src/projections/spherical_projection.h:31[m[K,
                 from [01m[K/home/bubblebear/ws_livox/src/depth_clustering/test/test_cloud_projection.cpp:27[m[K:
[01m[K/home/bubblebear/ws_livox/src/depth_clustering/src/utils/cloud.h:[m[K In constructor ‘[01m[Kdepth_clustering::Cloud::Cloud(const depth_clustering::Pose&)[m[K’:
[01m[K/home/bubblebear/ws_livox/src/depth_clustering/src/utils/cloud.h:59:64:[m[K [01;35m[Kwarning: [m[Kimplicitly-declared ‘[01m[Kdepth_clustering::Pose::Pose(const depth_clustering::Pose&)[m[K’ is deprecated [[01;35m[K-Wdeprecated-copy[m[K]
   59 |   explicit Cloud(const Pose& pose) : _pose(pose), _sensor_pose([01;35m[K)[m[K {}
      |                                                                [01;35m[K^[m[K
In file included from [01m[K/home/bubblebear/ws_livox/src/depth_clustering/src/utils/cloud.h:40[m[K,
                 from [01m[K/home/bubblebear/ws_livox/src/depth_clustering/src/projections/spherical_projection.h:31[m[K,
                 from [01m[K/home/bubblebear/ws_livox/src/depth_clustering/test/test_cloud_projection.cpp:27[m[K:
[01m[K/home/bubblebear/ws_livox/src/depth_clustering/src/utils/pose.h:119:9:[m[K [01;36m[Knote: [m[Kbecause ‘[01m[Kdepth_clustering::Pose[m[K’ has user-provided ‘[01m[Kdepth_clustering::Pose& depth_clustering::Pose::operator=(const depth_clustering::Pose&)[m[K’
  119 |   Pose& [01;36m[Koperator[m[K=(const Pose& other) {
      |         [01;36m[K^~~~~~~~[m[K
In file included from [01m[K/home/bubblebear/ws_livox/src/depth_clustering/src/utils/cloud.h:40[m[K,
                 from [01m[K/home/bubblebear/ws_livox/src/depth_clustering/src/qt/drawables/object_painter.h:29[m[K,
                 from [01m[K/home/bubblebear/ws_livox/build/depth_clustering/src/qt/widgets/../../../../../src/depth_clustering/src/qt/widgets/opengl_folder_player.h:30[m[K,
                 from [01m[K/home/bubblebear/ws_livox/build/depth_clustering/src/qt/widgets/moc_opengl_folder_player.cpp:9[m[K:
[01m[K/home/bubblebear/ws_livox/src/depth_clustering/src/utils/pose.h:[m[K In member function ‘[01m[Kdepth_clustering::Pose depth_clustering::Pose::InLocalFrameOf(const depth_clustering::Pose&) const[m[K’:
[01m[K/home/bubblebear/ws_livox/src/depth_clustering/src/utils/pose.h:102:20:[m[K [01;35m[Kwarning: [m[Kimplicitly-declared ‘[01m[Kdepth_clustering::Pose::Pose(const depth_clustering::Pose&)[m[K’ is deprecated [[01;35m[K-Wdeprecated-copy[m[K]
  102 |     Pose pose(*this[01;35m[K)[m[K;
      |                    [01;35m[K^[m[K
[01m[K/home/bubblebear/ws_livox/src/depth_clustering/src/utils/pose.h:119:9:[m[K [01;36m[Knote: [m[Kbecause ‘[01m[Kdepth_clustering::Pose[m[K’ has user-provided ‘[01m[Kdepth_clustering::Pose& depth_clustering::Pose::operator=(const depth_clustering::Pose&)[m[K’
  119 |   Pose& [01;36m[Koperator[m[K=(const Pose& other) {
      |         [01;36m[K^~~~~~~~[m[K
[01m[K/home/bubblebear/ws_livox/src/depth_clustering/src/utils/pose.h:104:12:[m[K [01;35m[Kwarning: [m[Kimplicitly-declared ‘[01m[Kdepth_clustering::Pose::Pose(const depth_clustering::Pose&)[m[K’ is deprecated [[01;35m[K-Wdeprecated-copy[m[K]
  104 |     return [01;35m[Kpose[m[K;
      |            [01;35m[K^~~~[m[K
[01m[K/home/bubblebear/ws_livox/src/depth_clustering/src/utils/pose.h:119:9:[m[K [01;36m[Knote: [m[Kbecause ‘[01m[Kdepth_clustering::Pose[m[K’ has user-provided ‘[01m[Kdepth_clustering::Pose& depth_clustering::Pose::operator=(const depth_clustering::Pose&)[m[K’
  119 |   Pose& [01;36m[Koperator[m[K=(const Pose& other) {
      |         [01;36m[K^~~~~~~~[m[K
[01m[K/home/bubblebear/ws_livox/src/depth_clustering/src/utils/pose.h:[m[K In member function ‘[01m[Kdepth_clustering::Pose::Ptr depth_clustering::Pose::InLocalFrameOf(const Ptr&) const[m[K’:
[01m[K/home/bubblebear/ws_livox/src/depth_clustering/src/utils/pose.h:108:34:[m[K [01;35m[Kwarning: [m[Kimplicitly-declared ‘[01m[Kdepth_clustering::Pose::Pose(const depth_clustering::Pose&)[m[K’ is deprecated [[01;35m[K-Wdeprecated-copy[m[K]
  108 |     Pose::Ptr pose(new Pose(*this[01;35m[K)[m[K);
      |                                  [01;35m[K^[m[K
[01m[K/home/bubblebear/ws_livox/src/depth_clustering/src/utils/pose.h:119:9:[m[K [01;36m[Knote: [m[Kbecause ‘[01m[Kdepth_clustering::Pose[m[K’ has user-provided ‘[01m[Kdepth_clustering::Pose& depth_clustering::Pose::operator=(const depth_clustering::Pose&)[m[K’
  119 |   Pose& [01;36m[Koperator[m[K=(const Pose& other) {
      |         [01;36m[K^~~~~~~~[m[K
[01m[K/home/bubblebear/ws_livox/src/depth_clustering/src/utils/pose.h:[m[K In member function ‘[01m[Kdepth_clustering::Pose depth_clustering::Pose::operator-()[m[K’:
[01m[K/home/bubblebear/ws_livox/src/depth_clustering/src/utils/pose.h:143:12:[m[K [01;35m[Kwarning: [m[Kimplicitly-declared ‘[01m[Kdepth_clustering::Pose::Pose(const depth_clustering::Pose&)[m[K’ is deprecated [[01;35m[K-Wdeprecated-copy[m[K]
  143 |     return [01;35m[Kinverted[m[K;
      |            [01;35m[K^~~~~~~~[m[K
[01m[K/home/bubblebear/ws_livox/src/depth_clustering/src/utils/pose.h:119:9:[m[K [01;36m[Knote: [m[Kbecause ‘[01m[Kdepth_clustering::Pose[m[K’ has user-provided ‘[01m[Kdepth_clustering::Pose& depth_clustering::Pose::operator=(const depth_clustering::Pose&)[m[K’
  119 |   Pose& [01;36m[Koperator[m[K=(const Pose& other) {
      |         [01;36m[K^~~~~~~~[m[K
In file included from [01m[K/home/bubblebear/ws_livox/src/depth_clustering/src/ros_bridge/cloud_odom_ros_subscriber.h:36[m[K,
                 from [01m[K/home/bubblebear/ws_livox/src/depth_clustering/src/ros_bridge/cloud_odom_ros_subscriber.cpp:21[m[K:
[01m[K/home/bubblebear/ws_livox/src/depth_clustering/src/utils/cloud.h:[m[K In constructor ‘[01m[Kdepth_clustering::Cloud::Cloud(const depth_clustering::Pose&)[m[K’:
[01m[K/home/bubblebear/ws_livox/src/depth_clustering/src/utils/cloud.h:59:64:[m[K [01;35m[Kwarning: [m[Kimplicitly-declared ‘[01m[Kdepth_clustering::Pose::Pose(const depth_clustering::Pose&)[m[K’ is deprecated [[01;35m[K-Wdeprecated-copy[m[K]
   59 |   explicit Cloud(const Pose& pose) : _pose(pose), _sensor_pose([01;35m[K)[m[K {}
      |                                                                [01;35m[K^[m[K
In file included from [01m[K/home/bubblebear/ws_livox/src/depth_clustering/src/ros_bridge/cloud_odom_ros_subscriber.h:35[m[K,
                 from [01m[K/home/bubblebear/ws_livox/src/depth_clustering/src/ros_bridge/cloud_odom_ros_subscriber.cpp:21[m[K:
[01m[K/home/bubblebear/ws_livox/src/depth_clustering/src/utils/pose.h:119:9:[m[K [01;36m[Knote: [m[Kbecause ‘[01m[Kdepth_clustering::Pose[m[K’ has user-provided ‘[01m[Kdepth_clustering::Pose& depth_clustering::Pose::operator=(const depth_clustering::Pose&)[m[K’
  119 |   Pose& [01;36m[Koperator[m[K=(const Pose& other) {
      |         [01;36m[K^~~~~~~~[m[K
[01m[K/home/bubblebear/ws_livox/src/depth_clustering/src/ros_bridge/cloud_odom_ros_subscriber.cpp:[m[K In member function ‘[01m[Kdepth_clustering::Pose depth_clustering::CloudOdomRosSubscriber::RosOdomToPose(const ConstPtr&)[m[K’:
[01m[K/home/bubblebear/ws_livox/src/depth_clustering/src/ros_bridge/cloud_odom_ros_subscriber.cpp:137:10:[m[K [01;35m[Kwarning: [m[Kimplicitly-declared ‘[01m[Kdepth_clustering::Pose::Pose(const depth_clustering::Pose&)[m[K’ is deprecated [[01;35m[K-Wdeprecated-copy[m[K]
  137 |   return [01;35m[Kpose[m[K;
      |          [01;35m[K^~~~[m[K
In file included from [01m[K/home/bubblebear/ws_livox/src/depth_clustering/src/ros_bridge/cloud_odom_ros_subscriber.h:35[m[K,
                 from [01m[K/home/bubblebear/ws_livox/src/depth_clustering/src/ros_bridge/cloud_odom_ros_subscriber.cpp:21[m[K:
[01m[K/home/bubblebear/ws_livox/src/depth_clustering/src/utils/pose.h:119:9:[m[K [01;36m[Knote: [m[Kbecause ‘[01m[Kdepth_clustering::Pose[m[K’ has user-provided ‘[01m[Kdepth_clustering::Pose& depth_clustering::Pose::operator=(const depth_clustering::Pose&)[m[K’
  119 |   Pose& [01;36m[Koperator[m[K=(const Pose& other) {
      |         [01;36m[K^~~~~~~~[m[K
[01m[K/home/bubblebear/ws_livox/src/depth_clustering/src/utils/pose.h:[m[K In static member function ‘[01m[Kstatic depth_clustering::Pose depth_clustering::Pose::FromVector6f(const Vector6f&)[m[K’:
[01m[K/home/bubblebear/ws_livox/src/depth_clustering/src/utils/pose.h:165:12:[m[K [01;35m[Kwarning: [m[Kimplicitly-declared ‘[01m[Kdepth_clustering::Pose::Pose(const depth_clustering::Pose&)[m[K’ is deprecated [[01;35m[K-Wdeprecated-copy[m[K]
  165 |     return [01;35m[KT[m[K;
      |            [01;35m[K^[m[K
[01m[K/home/bubblebear/ws_livox/src/depth_clustering/src/utils/pose.h:119:9:[m[K [01;36m[Knote: [m[Kbecause ‘[01m[Kdepth_clustering::Pose[m[K’ has user-provided ‘[01m[Kdepth_clustering::Pose& depth_clustering::Pose::operator=(const depth_clustering::Pose&)[m[K’
  119 |   Pose& [01;36m[Koperator[m[K=(const Pose& other) {
      |         [01;36m[K^~~~~~~~[m[K
In file included from [01m[K/home/bubblebear/ws_livox/src/depth_clustering/src/qt/drawables/object_painter.h:29[m[K,
                 from [01m[K/home/bubblebear/ws_livox/build/depth_clustering/src/qt/widgets/../../../../../src/depth_clustering/src/qt/widgets/opengl_folder_player.h:30[m[K,
                 from [01m[K/home/bubblebear/ws_livox/build/depth_clustering/src/qt/widgets/moc_opengl_folder_player.cpp:9[m[K:
[01m[K/home/bubblebear/ws_livox/src/depth_clustering/src/utils/cloud.h:[m[K In constructor ‘[01m[Kdepth_clustering::Cloud::Cloud(const depth_clustering::Pose&)[m[K’:
[01m[K/home/bubblebear/ws_livox/src/depth_clustering/src/utils/cloud.h:59:64:[m[K [01;35m[Kwarning: [m[Kimplicitly-declared ‘[01m[Kdepth_clustering::Pose::Pose(const depth_clustering::Pose&)[m[K’ is deprecated [[01;35m[K-Wdeprecated-copy[m[K]
   59 |   explicit Cloud(const Pose& pose) : _pose(pose), _sensor_pose([01;35m[K)[m[K {}
      |                                                                [01;35m[K^[m[K
In file included from [01m[K/home/bubblebear/ws_livox/src/depth_clustering/src/utils/cloud.h:40[m[K,
                 from [01m[K/home/bubblebear/ws_livox/src/depth_clustering/src/qt/drawables/object_painter.h:29[m[K,
                 from [01m[K/home/bubblebear/ws_livox/build/depth_clustering/src/qt/widgets/../../../../../src/depth_clustering/src/qt/widgets/opengl_folder_player.h:30[m[K,
                 from [01m[K/home/bubblebear/ws_livox/build/depth_clustering/src/qt/widgets/moc_opengl_folder_player.cpp:9[m[K:
[01m[K/home/bubblebear/ws_livox/src/depth_clustering/src/utils/pose.h:119:9:[m[K [01;36m[Knote: [m[Kbecause ‘[01m[Kdepth_clustering::Pose[m[K’ has user-provided ‘[01m[Kdepth_clustering::Pose& depth_clustering::Pose::operator=(const depth_clustering::Pose&)[m[K’
  119 |   Pose& [01;36m[Koperator[m[K=(const Pose& other) {
      |         [01;36m[K^~~~~~~~[m[K
In file included from [01m[K/home/bubblebear/ws_livox/src/depth_clustering/src/utils/cloud.h:40[m[K,
                 from [01m[K/home/bubblebear/ws_livox/src/depth_clustering/src/ground_removal/depth_ground_remover.h:32[m[K,
                 from [01m[K/home/bubblebear/ws_livox/src/depth_clustering/test/test_ground_remove.cpp:25[m[K:
[01m[K/home/bubblebear/ws_livox/src/depth_clustering/src/utils/pose.h:[m[K In member function ‘[01m[Kdepth_clustering::Pose depth_clustering::Pose::InLocalFrameOf(const depth_clustering::Pose&) const[m[K’:
[01m[K/home/bubblebear/ws_livox/src/depth_clustering/src/utils/pose.h:102:20:[m[K [01;35m[Kwarning: [m[Kimplicitly-declared ‘[01m[Kdepth_clustering::Pose::Pose(const depth_clustering::Pose&)[m[K’ is deprecated [[01;35m[K-Wdeprecated-copy[m[K]
  102 |     Pose pose(*this[01;35m[K)[m[K;
      |                    [01;35m[K^[m[K
[01m[K/home/bubblebear/ws_livox/src/depth_clustering/src/utils/pose.h:119:9:[m[K [01;36m[Knote: [m[Kbecause ‘[01m[Kdepth_clustering::Pose[m[K’ has user-provided ‘[01m[Kdepth_clustering::Pose& depth_clustering::Pose::operator=(const depth_clustering::Pose&)[m[K’
  119 |   Pose& [01;36m[Koperator[m[K=(const Pose& other) {
      |         [01;36m[K^~~~~~~~[m[K
[01m[K/home/bubblebear/ws_livox/src/depth_clustering/src/utils/pose.h:104:12:[m[K [01;35m[Kwarning: [m[Kimplicitly-declared ‘[01m[Kdepth_clustering::Pose::Pose(const depth_clustering::Pose&)[m[K’ is deprecated [[01;35m[K-Wdeprecated-copy[m[K]
  104 |     return [01;35m[Kpose[m[K;
      |            [01;35m[K^~~~[m[K
[01m[K/home/bubblebear/ws_livox/src/depth_clustering/src/utils/pose.h:119:9:[m[K [01;36m[Knote: [m[Kbecause ‘[01m[Kdepth_clustering::Pose[m[K’ has user-provided ‘[01m[Kdepth_clustering::Pose& depth_clustering::Pose::operator=(const depth_clustering::Pose&)[m[K’
  119 |   Pose& [01;36m[Koperator[m[K=(const Pose& other) {
      |         [01;36m[K^~~~~~~~[m[K
[01m[K/home/bubblebear/ws_livox/src/depth_clustering/src/utils/pose.h:[m[K In member function ‘[01m[Kdepth_clustering::Pose::Ptr depth_clustering::Pose::InLocalFrameOf(const Ptr&) const[m[K’:
[01m[K/home/bubblebear/ws_livox/src/depth_clustering/src/utils/pose.h:108:34:[m[K [01;35m[Kwarning: [m[Kimplicitly-declared ‘[01m[Kdepth_clustering::Pose::Pose(const depth_clustering::Pose&)[m[K’ is deprecated [[01;35m[K-Wdeprecated-copy[m[K]
  108 |     Pose::Ptr pose(new Pose(*this[01;35m[K)[m[K);
      |                                  [01;35m[K^[m[K
[01m[K/home/bubblebear/ws_livox/src/depth_clustering/src/utils/pose.h:119:9:[m[K [01;36m[Knote: [m[Kbecause ‘[01m[Kdepth_clustering::Pose[m[K’ has user-provided ‘[01m[Kdepth_clustering::Pose& depth_clustering::Pose::operator=(const depth_clustering::Pose&)[m[K’
  119 |   Pose& [01;36m[Koperator[m[K=(const Pose& other) {
      |         [01;36m[K^~~~~~~~[m[K
[01m[K/home/bubblebear/ws_livox/src/depth_clustering/src/utils/pose.h:[m[K In member function ‘[01m[Kdepth_clustering::Pose depth_clustering::Pose::operator-()[m[K’:
[01m[K/home/bubblebear/ws_livox/src/depth_clustering/src/utils/pose.h:143:12:[m[K [01;35m[Kwarning: [m[Kimplicitly-declared ‘[01m[Kdepth_clustering::Pose::Pose(const depth_clustering::Pose&)[m[K’ is deprecated [[01;35m[K-Wdeprecated-copy[m[K]
  143 |     return [01;35m[Kinverted[m[K;
      |            [01;35m[K^~~~~~~~[m[K
[01m[K/home/bubblebear/ws_livox/src/depth_clustering/src/utils/pose.h:119:9:[m[K [01;36m[Knote: [m[Kbecause ‘[01m[Kdepth_clustering::Pose[m[K’ has user-provided ‘[01m[Kdepth_clustering::Pose& depth_clustering::Pose::operator=(const depth_clustering::Pose&)[m[K’
  119 |   Pose& [01;36m[Koperator[m[K=(const Pose& other) {
      |         [01;36m[K^~~~~~~~[m[K
In file included from [01m[K/home/bubblebear/ws_livox/src/depth_clustering/src/utils/cloud.h:40[m[K,
                 from [01m[K/home/bubblebear/ws_livox/src/depth_clustering/src/qt/drawables/object_painter.h:29[m[K,
                 from [01m[K/home/bubblebear/ws_livox/src/depth_clustering/src/qt/widgets/./opengl_folder_player.h:30[m[K,
                 from [01m[K/home/bubblebear/ws_livox/src/depth_clustering/src/qt/widgets/opengl_folder_player.cpp:21[m[K:
[01m[K/home/bubblebear/ws_livox/src/depth_clustering/src/utils/pose.h:[m[K In member function ‘[01m[Kdepth_clustering::Pose depth_clustering::Pose::InLocalFrameOf(const depth_clustering::Pose&) const[m[K’:
[01m[K/home/bubblebear/ws_livox/src/depth_clustering/src/utils/pose.h:102:20:[m[K [01;35m[Kwarning: [m[Kimplicitly-declared ‘[01m[Kdepth_clustering::Pose::Pose(const depth_clustering::Pose&)[m[K’ is deprecated [[01;35m[K-Wdeprecated-copy[m[K]
  102 |     Pose pose(*this[01;35m[K)[m[K;
      |                    [01;35m[K^[m[K
[01m[K/home/bubblebear/ws_livox/src/depth_clustering/src/utils/pose.h:119:9:[m[K [01;36m[Knote: [m[Kbecause ‘[01m[Kdepth_clustering::Pose[m[K’ has user-provided ‘[01m[Kdepth_clustering::Pose& depth_clustering::Pose::operator=(const depth_clustering::Pose&)[m[K’
  119 |   Pose& [01;36m[Koperator[m[K=(const Pose& other) {
      |         [01;36m[K^~~~~~~~[m[K
[01m[K/home/bubblebear/ws_livox/src/depth_clustering/src/utils/pose.h:104:12:[m[K [01;35m[Kwarning: [m[Kimplicitly-declared ‘[01m[Kdepth_clustering::Pose::Pose(const depth_clustering::Pose&)[m[K’ is deprecated [[01;35m[K-Wdeprecated-copy[m[K]
  104 |     return [01;35m[Kpose[m[K;
      |            [01;35m[K^~~~[m[K
[01m[K/home/bubblebear/ws_livox/src/depth_clustering/src/utils/pose.h:119:9:[m[K [01;36m[Knote: [m[Kbecause ‘[01m[Kdepth_clustering::Pose[m[K’ has user-provided ‘[01m[Kdepth_clustering::Pose& depth_clustering::Pose::operator=(const depth_clustering::Pose&)[m[K’
  119 |   Pose& [01;36m[Koperator[m[K=(const Pose& other) {
      |         [01;36m[K^~~~~~~~[m[K
[01m[K/home/bubblebear/ws_livox/src/depth_clustering/src/utils/pose.h:[m[K In member function ‘[01m[Kdepth_clustering::Pose::Ptr depth_clustering::Pose::InLocalFrameOf(const Ptr&) const[m[K’:
[01m[K/home/bubblebear/ws_livox/src/depth_clustering/src/utils/pose.h:108:34:[m[K [01;35m[Kwarning: [m[Kimplicitly-declared ‘[01m[Kdepth_clustering::Pose::Pose(const depth_clustering::Pose&)[m[K’ is deprecated [[01;35m[K-Wdeprecated-copy[m[K]
  108 |     Pose::Ptr pose(new Pose(*this[01;35m[K)[m[K);
      |                                  [01;35m[K^[m[K
[01m[K/home/bubblebear/ws_livox/src/depth_clustering/src/utils/pose.h:119:9:[m[K [01;36m[Knote: [m[Kbecause ‘[01m[Kdepth_clustering::Pose[m[K’ has user-provided ‘[01m[Kdepth_clustering::Pose& depth_clustering::Pose::operator=(const depth_clustering::Pose&)[m[K’
  119 |   Pose& [01;36m[Koperator[m[K=(const Pose& other) {
      |         [01;36m[K^~~~~~~~[m[K
[01m[K/home/bubblebear/ws_livox/src/depth_clustering/src/utils/pose.h:[m[K In member function ‘[01m[Kdepth_clustering::Pose depth_clustering::Pose::operator-()[m[K’:
[01m[K/home/bubblebear/ws_livox/src/depth_clustering/src/utils/pose.h:143:12:[m[K [01;35m[Kwarning: [m[Kimplicitly-declared ‘[01m[Kdepth_clustering::Pose::Pose(const depth_clustering::Pose&)[m[K’ is deprecated [[01;35m[K-Wdeprecated-copy[m[K]
  143 |     return [01;35m[Kinverted[m[K;
      |            [01;35m[K^~~~~~~~[m[K
[01m[K/home/bubblebear/ws_livox/src/depth_clustering/src/utils/pose.h:119:9:[m[K [01;36m[Knote: [m[Kbecause ‘[01m[Kdepth_clustering::Pose[m[K’ has user-provided ‘[01m[Kdepth_clustering::Pose& depth_clustering::Pose::operator=(const depth_clustering::Pose&)[m[K’
  119 |   Pose& [01;36m[Koperator[m[K=(const Pose& other) {
      |         [01;36m[K^~~~~~~~[m[K
[01m[K/home/bubblebear/ws_livox/src/depth_clustering/src/utils/pose.h:[m[K In static member function ‘[01m[Kstatic depth_clustering::Pose depth_clustering::Pose::FromVector6f(const Vector6f&)[m[K’:
[01m[K/home/bubblebear/ws_livox/src/depth_clustering/src/utils/pose.h:165:12:[m[K [01;35m[Kwarning: [m[Kimplicitly-declared ‘[01m[Kdepth_clustering::Pose::Pose(const depth_clustering::Pose&)[m[K’ is deprecated [[01;35m[K-Wdeprecated-copy[m[K]
  165 |     return [01;35m[KT[m[K;
      |            [01;35m[K^[m[K
[01m[K/home/bubblebear/ws_livox/src/depth_clustering/src/utils/pose.h:119:9:[m[K [01;36m[Knote: [m[Kbecause ‘[01m[Kdepth_clustering::Pose[m[K’ has user-provided ‘[01m[Kdepth_clustering::Pose& depth_clustering::Pose::operator=(const depth_clustering::Pose&)[m[K’
  119 |   Pose& [01;36m[Koperator[m[K=(const Pose& other) {
      |         [01;36m[K^~~~~~~~[m[K
[01m[K/home/bubblebear/ws_livox/src/depth_clustering/src/utils/pose.h:[m[K In static member function ‘[01m[Kstatic depth_clustering::Pose depth_clustering::Pose::FromVector6f(const Vector6f&)[m[K’:
[01m[K/home/bubblebear/ws_livox/src/depth_clustering/src/utils/pose.h:165:12:[m[K [01;35m[Kwarning: [m[Kimplicitly-declared ‘[01m[Kdepth_clustering::Pose::Pose(const depth_clustering::Pose&)[m[K’ is deprecated [[01;35m[K-Wdeprecated-copy[m[K]
  165 |     return [01;35m[KT[m[K;
      |            [01;35m[K^[m[K
[01m[K/home/bubblebear/ws_livox/src/depth_clustering/src/utils/pose.h:119:9:[m[K [01;36m[Knote: [m[Kbecause ‘[01m[Kdepth_clustering::Pose[m[K’ has user-provided ‘[01m[Kdepth_clustering::Pose& depth_clustering::Pose::operator=(const depth_clustering::Pose&)[m[K’
  119 |   Pose& [01;36m[Koperator[m[K=(const Pose& other) {
      |         [01;36m[K^~~~~~~~[m[K
In file included from [01m[K/home/bubblebear/ws_livox/src/depth_clustering/src/qt/drawables/object_painter.h:29[m[K,
                 from [01m[K/home/bubblebear/ws_livox/src/depth_clustering/src/qt/widgets/./opengl_folder_player.h:30[m[K,
                 from [01m[K/home/bubblebear/ws_livox/src/depth_clustering/src/qt/widgets/opengl_folder_player.cpp:21[m[K:
[01m[K/home/bubblebear/ws_livox/src/depth_clustering/src/utils/cloud.h:[m[K In constructor ‘[01m[Kdepth_clustering::Cloud::Cloud(const depth_clustering::Pose&)[m[K’:
[01m[K/home/bubblebear/ws_livox/src/depth_clustering/src/utils/cloud.h:59:64:[m[K [01;35m[Kwarning: [m[Kimplicitly-declared ‘[01m[Kdepth_clustering::Pose::Pose(const depth_clustering::Pose&)[m[K’ is deprecated [[01;35m[K-Wdeprecated-copy[m[K]
   59 |   explicit Cloud(const Pose& pose) : _pose(pose), _sensor_pose([01;35m[K)[m[K {}
      |                                                                [01;35m[K^[m[K
In file included from [01m[K/home/bubblebear/ws_livox/src/depth_clustering/src/utils/cloud.h:40[m[K,
                 from [01m[K/home/bubblebear/ws_livox/src/depth_clustering/src/qt/drawables/object_painter.h:29[m[K,
                 from [01m[K/home/bubblebear/ws_livox/src/depth_clustering/src/qt/widgets/./opengl_folder_player.h:30[m[K,
                 from [01m[K/home/bubblebear/ws_livox/src/depth_clustering/src/qt/widgets/opengl_folder_player.cpp:21[m[K:
[01m[K/home/bubblebear/ws_livox/src/depth_clustering/src/utils/pose.h:119:9:[m[K [01;36m[Knote: [m[Kbecause ‘[01m[Kdepth_clustering::Pose[m[K’ has user-provided ‘[01m[Kdepth_clustering::Pose& depth_clustering::Pose::operator=(const depth_clustering::Pose&)[m[K’
  119 |   Pose& [01;36m[Koperator[m[K=(const Pose& other) {
      |         [01;36m[K^~~~~~~~[m[K
In file included from [01m[K/home/bubblebear/ws_livox/src/depth_clustering/src/ground_removal/depth_ground_remover.h:32[m[K,
                 from [01m[K/home/bubblebear/ws_livox/src/depth_clustering/test/test_ground_remove.cpp:25[m[K:
[01m[K/home/bubblebear/ws_livox/src/depth_clustering/src/utils/cloud.h:[m[K In constructor ‘[01m[Kdepth_clustering::Cloud::Cloud(const depth_clustering::Pose&)[m[K’:
[01m[K/home/bubblebear/ws_livox/src/depth_clustering/src/utils/cloud.h:59:64:[m[K [01;35m[Kwarning: [m[Kimplicitly-declared ‘[01m[Kdepth_clustering::Pose::Pose(const depth_clustering::Pose&)[m[K’ is deprecated [[01;35m[K-Wdeprecated-copy[m[K]
   59 |   explicit Cloud(const Pose& pose) : _pose(pose), _sensor_pose([01;35m[K)[m[K {}
      |                                                                [01;35m[K^[m[K
In file included from [01m[K/home/bubblebear/ws_livox/src/depth_clustering/src/utils/cloud.h:40[m[K,
                 from [01m[K/home/bubblebear/ws_livox/src/depth_clustering/src/ground_removal/depth_ground_remover.h:32[m[K,
                 from [01m[K/home/bubblebear/ws_livox/src/depth_clustering/test/test_ground_remove.cpp:25[m[K:
[01m[K/home/bubblebear/ws_livox/src/depth_clustering/src/utils/pose.h:119:9:[m[K [01;36m[Knote: [m[Kbecause ‘[01m[Kdepth_clustering::Pose[m[K’ has user-provided ‘[01m[Kdepth_clustering::Pose& depth_clustering::Pose::operator=(const depth_clustering::Pose&)[m[K’
  119 |   Pose& [01;36m[Koperator[m[K=(const Pose& other) {
      |         [01;36m[K^~~~~~~~[m[K
[ 78%] [32m[1mLinking CXX executable /home/bubblebear/ws_livox/devel/.private/depth_clustering/lib/depth_clustering/depth_clustering_test[0m
[ 81%] Built target depth_clustering_test
[ 82%] [32m[1mLinking CXX executable /home/bubblebear/ws_livox/devel/.private/depth_clustering/lib/depth_clustering/show_objects_kitti[0m
[ 84%] [32m[1mLinking CXX executable /home/bubblebear/ws_livox/devel/.private/depth_clustering/lib/depth_clustering/show_objects_moosmann[0m
[ 84%] Built target show_objects_kitti
[ 84%] Built target show_objects_moosmann
[ 85%] [32m[1mLinking CXX shared library /home/bubblebear/ws_livox/devel/.private/depth_clustering/lib/libqt_widgets.so[0m
[ 86%] [32m[1mLinking CXX shared library /home/bubblebear/ws_livox/devel/.private/depth_clustering/lib/libros_bridge.so[0m
[ 86%] Built target ros_bridge
[35m[1mScanning dependencies of target save_clusters_node[0m
[35m[1mScanning dependencies of target show_objects_node[0m
[ 88%] [32mBuilding CXX object examples/ros_nodes/CMakeFiles/show_objects_node.dir/show_objects_node.cpp.o[0m
[ 89%] [32mBuilding CXX object examples/ros_nodes/CMakeFiles/save_clusters_node.dir/save_clusters_node.cpp.o[0m
[ 94%] Built target qt_widgets
[35m[1mScanning dependencies of target qt_gui_app[0m
[ 96%] [32mBuilding CXX object src/qt/CMakeFiles/qt_gui_app.dir/main.cpp.o[0m
In file included from [01m[K/home/bubblebear/ws_livox/src/depth_clustering/src/ros_bridge/cloud_odom_ros_subscriber.h:35[m[K,
                 from [01m[K/home/bubblebear/ws_livox/src/depth_clustering/examples/ros_nodes/save_clusters_node.cpp:25[m[K:
[01m[K/home/bubblebear/ws_livox/src/depth_clustering/src/utils/pose.h:[m[K In member function ‘[01m[Kdepth_clustering::Pose depth_clustering::Pose::InLocalFrameOf(const depth_clustering::Pose&) const[m[K’:
[01m[K/home/bubblebear/ws_livox/src/depth_clustering/src/utils/pose.h:102:20:[m[K [01;35m[Kwarning: [m[Kimplicitly-declared ‘[01m[Kdepth_clustering::Pose::Pose(const depth_clustering::Pose&)[m[K’ is deprecated [[01;35m[K-Wdeprecated-copy[m[K]
  102 |     Pose pose(*this[01;35m[K)[m[K;
      |                    [01;35m[K^[m[K
[01m[K/home/bubblebear/ws_livox/src/depth_clustering/src/utils/pose.h:119:9:[m[K [01;36m[Knote: [m[Kbecause ‘[01m[Kdepth_clustering::Pose[m[K’ has user-provided ‘[01m[Kdepth_clustering::Pose& depth_clustering::Pose::operator=(const depth_clustering::Pose&)[m[K’
  119 |   Pose& [01;36m[Koperator[m[K=(const Pose& other) {
      |         [01;36m[K^~~~~~~~[m[K
[01m[K/home/bubblebear/ws_livox/src/depth_clustering/src/utils/pose.h:104:12:[m[K [01;35m[Kwarning: [m[Kimplicitly-declared ‘[01m[Kdepth_clustering::Pose::Pose(const depth_clustering::Pose&)[m[K’ is deprecated [[01;35m[K-Wdeprecated-copy[m[K]
  104 |     return [01;35m[Kpose[m[K;
      |            [01;35m[K^~~~[m[K
[01m[K/home/bubblebear/ws_livox/src/depth_clustering/src/utils/pose.h:119:9:[m[K [01;36m[Knote: [m[Kbecause ‘[01m[Kdepth_clustering::Pose[m[K’ has user-provided ‘[01m[Kdepth_clustering::Pose& depth_clustering::Pose::operator=(const depth_clustering::Pose&)[m[K’
  119 |   Pose& [01;36m[Koperator[m[K=(const Pose& other) {
      |         [01;36m[K^~~~~~~~[m[K
[01m[K/home/bubblebear/ws_livox/src/depth_clustering/src/utils/pose.h:[m[K In member function ‘[01m[Kdepth_clustering::Pose::Ptr depth_clustering::Pose::InLocalFrameOf(const Ptr&) const[m[K’:
[01m[K/home/bubblebear/ws_livox/src/depth_clustering/src/utils/pose.h:108:34:[m[K [01;35m[Kwarning: [m[Kimplicitly-declared ‘[01m[Kdepth_clustering::Pose::Pose(const depth_clustering::Pose&)[m[K’ is deprecated [[01;35m[K-Wdeprecated-copy[m[K]
  108 |     Pose::Ptr pose(new Pose(*this[01;35m[K)[m[K);
      |                                  [01;35m[K^[m[K
[01m[K/home/bubblebear/ws_livox/src/depth_clustering/src/utils/pose.h:119:9:[m[K [01;36m[Knote: [m[Kbecause ‘[01m[Kdepth_clustering::Pose[m[K’ has user-provided ‘[01m[Kdepth_clustering::Pose& depth_clustering::Pose::operator=(const depth_clustering::Pose&)[m[K’
  119 |   Pose& [01;36m[Koperator[m[K=(const Pose& other) {
      |         [01;36m[K^~~~~~~~[m[K
[01m[K/home/bubblebear/ws_livox/src/depth_clustering/src/utils/pose.h:[m[K In member function ‘[01m[Kdepth_clustering::Pose depth_clustering::Pose::operator-()[m[K’:
[01m[K/home/bubblebear/ws_livox/src/depth_clustering/src/utils/pose.h:143:12:[m[K [01;35m[Kwarning: [m[Kimplicitly-declared ‘[01m[Kdepth_clustering::Pose::Pose(const depth_clustering::Pose&)[m[K’ is deprecated [[01;35m[K-Wdeprecated-copy[m[K]
  143 |     return [01;35m[Kinverted[m[K;
      |            [01;35m[K^~~~~~~~[m[K
[01m[K/home/bubblebear/ws_livox/src/depth_clustering/src/utils/pose.h:119:9:[m[K [01;36m[Knote: [m[Kbecause ‘[01m[Kdepth_clustering::Pose[m[K’ has user-provided ‘[01m[Kdepth_clustering::Pose& depth_clustering::Pose::operator=(const depth_clustering::Pose&)[m[K’
  119 |   Pose& [01;36m[Koperator[m[K=(const Pose& other) {
      |         [01;36m[K^~~~~~~~[m[K
[01m[K/home/bubblebear/ws_livox/src/depth_clustering/src/utils/pose.h:[m[K In static member function ‘[01m[Kstatic depth_clustering::Pose depth_clustering::Pose::FromVector6f(const Vector6f&)[m[K’:
[01m[K/home/bubblebear/ws_livox/src/depth_clustering/src/utils/pose.h:165:12:[m[K [01;35m[Kwarning: [m[Kimplicitly-declared ‘[01m[Kdepth_clustering::Pose::Pose(const depth_clustering::Pose&)[m[K’ is deprecated [[01;35m[K-Wdeprecated-copy[m[K]
  165 |     return [01;35m[KT[m[K;
      |            [01;35m[K^[m[K
[01m[K/home/bubblebear/ws_livox/src/depth_clustering/src/utils/pose.h:119:9:[m[K [01;36m[Knote: [m[Kbecause ‘[01m[Kdepth_clustering::Pose[m[K’ has user-provided ‘[01m[Kdepth_clustering::Pose& depth_clustering::Pose::operator=(const depth_clustering::Pose&)[m[K’
  119 |   Pose& [01;36m[Koperator[m[K=(const Pose& other) {
      |         [01;36m[K^~~~~~~~[m[K
In file included from [01m[K/home/bubblebear/ws_livox/src/depth_clustering/src/ros_bridge/cloud_odom_ros_subscriber.h:35[m[K,
                 from [01m[K/home/bubblebear/ws_livox/src/depth_clustering/examples/ros_nodes/show_objects_node.cpp:27[m[K:
[01m[K/home/bubblebear/ws_livox/src/depth_clustering/src/utils/pose.h:[m[K In member function ‘[01m[Kdepth_clustering::Pose depth_clustering::Pose::InLocalFrameOf(const depth_clustering::Pose&) const[m[K’:
[01m[K/home/bubblebear/ws_livox/src/depth_clustering/src/utils/pose.h:102:20:[m[K [01;35m[Kwarning: [m[Kimplicitly-declared ‘[01m[Kdepth_clustering::Pose::Pose(const depth_clustering::Pose&)[m[K’ is deprecated [[01;35m[K-Wdeprecated-copy[m[K]
  102 |     Pose pose(*this[01;35m[K)[m[K;
      |                    [01;35m[K^[m[K
[01m[K/home/bubblebear/ws_livox/src/depth_clustering/src/utils/pose.h:119:9:[m[K [01;36m[Knote: [m[Kbecause ‘[01m[Kdepth_clustering::Pose[m[K’ has user-provided ‘[01m[Kdepth_clustering::Pose& depth_clustering::Pose::operator=(const depth_clustering::Pose&)[m[K’
  119 |   Pose& [01;36m[Koperator[m[K=(const Pose& other) {
      |         [01;36m[K^~~~~~~~[m[K
[01m[K/home/bubblebear/ws_livox/src/depth_clustering/src/utils/pose.h:104:12:[m[K [01;35m[Kwarning: [m[Kimplicitly-declared ‘[01m[Kdepth_clustering::Pose::Pose(const depth_clustering::Pose&)[m[K’ is deprecated [[01;35m[K-Wdeprecated-copy[m[K]
  104 |     return [01;35m[Kpose[m[K;
      |            [01;35m[K^~~~[m[K
[01m[K/home/bubblebear/ws_livox/src/depth_clustering/src/utils/pose.h:119:9:[m[K [01;36m[Knote: [m[Kbecause ‘[01m[Kdepth_clustering::Pose[m[K’ has user-provided ‘[01m[Kdepth_clustering::Pose& depth_clustering::Pose::operator=(const depth_clustering::Pose&)[m[K’
  119 |   Pose& [01;36m[Koperator[m[K=(const Pose& other) {
      |         [01;36m[K^~~~~~~~[m[K
[01m[K/home/bubblebear/ws_livox/src/depth_clustering/src/utils/pose.h:[m[K In member function ‘[01m[Kdepth_clustering::Pose::Ptr depth_clustering::Pose::InLocalFrameOf(const Ptr&) const[m[K’:
[01m[K/home/bubblebear/ws_livox/src/depth_clustering/src/utils/pose.h:108:34:[m[K [01;35m[Kwarning: [m[Kimplicitly-declared ‘[01m[Kdepth_clustering::Pose::Pose(const depth_clustering::Pose&)[m[K’ is deprecated [[01;35m[K-Wdeprecated-copy[m[K]
  108 |     Pose::Ptr pose(new Pose(*this[01;35m[K)[m[K);
      |                                  [01;35m[K^[m[K
[01m[K/home/bubblebear/ws_livox/src/depth_clustering/src/utils/pose.h:119:9:[m[K [01;36m[Knote: [m[Kbecause ‘[01m[Kdepth_clustering::Pose[m[K’ has user-provided ‘[01m[Kdepth_clustering::Pose& depth_clustering::Pose::operator=(const depth_clustering::Pose&)[m[K’
  119 |   Pose& [01;36m[Koperator[m[K=(const Pose& other) {
      |         [01;36m[K^~~~~~~~[m[K
[01m[K/home/bubblebear/ws_livox/src/depth_clustering/src/utils/pose.h:[m[K In member function ‘[01m[Kdepth_clustering::Pose depth_clustering::Pose::operator-()[m[K’:
[01m[K/home/bubblebear/ws_livox/src/depth_clustering/src/utils/pose.h:143:12:[m[K [01;35m[Kwarning: [m[Kimplicitly-declared ‘[01m[Kdepth_clustering::Pose::Pose(const depth_clustering::Pose&)[m[K’ is deprecated [[01;35m[K-Wdeprecated-copy[m[K]
  143 |     return [01;35m[Kinverted[m[K;
      |            [01;35m[K^~~~~~~~[m[K
[01m[K/home/bubblebear/ws_livox/src/depth_clustering/src/utils/pose.h:119:9:[m[K [01;36m[Knote: [m[Kbecause ‘[01m[Kdepth_clustering::Pose[m[K’ has user-provided ‘[01m[Kdepth_clustering::Pose& depth_clustering::Pose::operator=(const depth_clustering::Pose&)[m[K’
  119 |   Pose& [01;36m[Koperator[m[K=(const Pose& other) {
      |         [01;36m[K^~~~~~~~[m[K
[01m[K/home/bubblebear/ws_livox/src/depth_clustering/src/utils/pose.h:[m[K In static member function ‘[01m[Kstatic depth_clustering::Pose depth_clustering::Pose::FromVector6f(const Vector6f&)[m[K’:
[01m[K/home/bubblebear/ws_livox/src/depth_clustering/src/utils/pose.h:165:12:[m[K [01;35m[Kwarning: [m[Kimplicitly-declared ‘[01m[Kdepth_clustering::Pose::Pose(const depth_clustering::Pose&)[m[K’ is deprecated [[01;35m[K-Wdeprecated-copy[m[K]
  165 |     return [01;35m[KT[m[K;
      |            [01;35m[K^[m[K
[01m[K/home/bubblebear/ws_livox/src/depth_clustering/src/utils/pose.h:119:9:[m[K [01;36m[Knote: [m[Kbecause ‘[01m[Kdepth_clustering::Pose[m[K’ has user-provided ‘[01m[Kdepth_clustering::Pose& depth_clustering::Pose::operator=(const depth_clustering::Pose&)[m[K’
  119 |   Pose& [01;36m[Koperator[m[K=(const Pose& other) {
      |         [01;36m[K^~~~~~~~[m[K
In file included from [01m[K/home/bubblebear/ws_livox/src/depth_clustering/src/ros_bridge/cloud_odom_ros_subscriber.h:36[m[K,
                 from [01m[K/home/bubblebear/ws_livox/src/depth_clustering/examples/ros_nodes/save_clusters_node.cpp:25[m[K:
[01m[K/home/bubblebear/ws_livox/src/depth_clustering/src/utils/cloud.h:[m[K In constructor ‘[01m[Kdepth_clustering::Cloud::Cloud(const depth_clustering::Pose&)[m[K’:
[01m[K/home/bubblebear/ws_livox/src/depth_clustering/src/utils/cloud.h:59:64:[m[K [01;35m[Kwarning: [m[Kimplicitly-declared ‘[01m[Kdepth_clustering::Pose::Pose(const depth_clustering::Pose&)[m[K’ is deprecated [[01;35m[K-Wdeprecated-copy[m[K]
   59 |   explicit Cloud(const Pose& pose) : _pose(pose), _sensor_pose([01;35m[K)[m[K {}
      |                                                                [01;35m[K^[m[K
In file included from [01m[K/home/bubblebear/ws_livox/src/depth_clustering/src/ros_bridge/cloud_odom_ros_subscriber.h:35[m[K,
                 from [01m[K/home/bubblebear/ws_livox/src/depth_clustering/examples/ros_nodes/save_clusters_node.cpp:25[m[K:
[01m[K/home/bubblebear/ws_livox/src/depth_clustering/src/utils/pose.h:119:9:[m[K [01;36m[Knote: [m[Kbecause ‘[01m[Kdepth_clustering::Pose[m[K’ has user-provided ‘[01m[Kdepth_clustering::Pose& depth_clustering::Pose::operator=(const depth_clustering::Pose&)[m[K’
  119 |   Pose& [01;36m[Koperator[m[K=(const Pose& other) {
      |         [01;36m[K^~~~~~~~[m[K
In file included from [01m[K/home/bubblebear/ws_livox/src/depth_clustering/src/utils/cloud.h:40[m[K,
                 from [01m[K/home/bubblebear/ws_livox/src/depth_clustering/src/qt/drawables/object_painter.h:29[m[K,
                 from [01m[K/home/bubblebear/ws_livox/src/depth_clustering/src/qt/widgets/opengl_folder_player.h:30[m[K,
                 from [01m[K/home/bubblebear/ws_livox/src/depth_clustering/src/qt/main.cpp:24[m[K:
[01m[K/home/bubblebear/ws_livox/src/depth_clustering/src/utils/pose.h:[m[K In member function ‘[01m[Kdepth_clustering::Pose depth_clustering::Pose::InLocalFrameOf(const depth_clustering::Pose&) const[m[K’:
[01m[K/home/bubblebear/ws_livox/src/depth_clustering/src/utils/pose.h:102:20:[m[K [01;35m[Kwarning: [m[Kimplicitly-declared ‘[01m[Kdepth_clustering::Pose::Pose(const depth_clustering::Pose&)[m[K’ is deprecated [[01;35m[K-Wdeprecated-copy[m[K]
  102 |     Pose pose(*this[01;35m[K)[m[K;
      |                    [01;35m[K^[m[K
[01m[K/home/bubblebear/ws_livox/src/depth_clustering/src/utils/pose.h:119:9:[m[K [01;36m[Knote: [m[Kbecause ‘[01m[Kdepth_clustering::Pose[m[K’ has user-provided ‘[01m[Kdepth_clustering::Pose& depth_clustering::Pose::operator=(const depth_clustering::Pose&)[m[K’
  119 |   Pose& [01;36m[Koperator[m[K=(const Pose& other) {
      |         [01;36m[K^~~~~~~~[m[K
[01m[K/home/bubblebear/ws_livox/src/depth_clustering/src/utils/pose.h:104:12:[m[K [01;35m[Kwarning: [m[Kimplicitly-declared ‘[01m[Kdepth_clustering::Pose::Pose(const depth_clustering::Pose&)[m[K’ is deprecated [[01;35m[K-Wdeprecated-copy[m[K]
  104 |     return [01;35m[Kpose[m[K;
      |            [01;35m[K^~~~[m[K
[01m[K/home/bubblebear/ws_livox/src/depth_clustering/src/utils/pose.h:119:9:[m[K [01;36m[Knote: [m[Kbecause ‘[01m[Kdepth_clustering::Pose[m[K’ has user-provided ‘[01m[Kdepth_clustering::Pose& depth_clustering::Pose::operator=(const depth_clustering::Pose&)[m[K’
  119 |   Pose& [01;36m[Koperator[m[K=(const Pose& other) {
      |         [01;36m[K^~~~~~~~[m[K
[01m[K/home/bubblebear/ws_livox/src/depth_clustering/src/utils/pose.h:[m[K In member function ‘[01m[Kdepth_clustering::Pose::Ptr depth_clustering::Pose::InLocalFrameOf(const Ptr&) const[m[K’:
[01m[K/home/bubblebear/ws_livox/src/depth_clustering/src/utils/pose.h:108:34:[m[K [01;35m[Kwarning: [m[Kimplicitly-declared ‘[01m[Kdepth_clustering::Pose::Pose(const depth_clustering::Pose&)[m[K’ is deprecated [[01;35m[K-Wdeprecated-copy[m[K]
  108 |     Pose::Ptr pose(new Pose(*this[01;35m[K)[m[K);
      |                                  [01;35m[K^[m[K
[01m[K/home/bubblebear/ws_livox/src/depth_clustering/src/utils/pose.h:119:9:[m[K [01;36m[Knote: [m[Kbecause ‘[01m[Kdepth_clustering::Pose[m[K’ has user-provided ‘[01m[Kdepth_clustering::Pose& depth_clustering::Pose::operator=(const depth_clustering::Pose&)[m[K’
  119 |   Pose& [01;36m[Koperator[m[K=(const Pose& other) {
      |         [01;36m[K^~~~~~~~[m[K
[01m[K/home/bubblebear/ws_livox/src/depth_clustering/src/utils/pose.h:[m[K In member function ‘[01m[Kdepth_clustering::Pose depth_clustering::Pose::operator-()[m[K’:
[01m[K/home/bubblebear/ws_livox/src/depth_clustering/src/utils/pose.h:143:12:[m[K [01;35m[Kwarning: [m[Kimplicitly-declared ‘[01m[Kdepth_clustering::Pose::Pose(const depth_clustering::Pose&)[m[K’ is deprecated [[01;35m[K-Wdeprecated-copy[m[K]
  143 |     return [01;35m[Kinverted[m[K;
      |            [01;35m[K^~~~~~~~[m[K
[01m[K/home/bubblebear/ws_livox/src/depth_clustering/src/utils/pose.h:119:9:[m[K [01;36m[Knote: [m[Kbecause ‘[01m[Kdepth_clustering::Pose[m[K’ has user-provided ‘[01m[Kdepth_clustering::Pose& depth_clustering::Pose::operator=(const depth_clustering::Pose&)[m[K’
  119 |   Pose& [01;36m[Koperator[m[K=(const Pose& other) {
      |         [01;36m[K^~~~~~~~[m[K
[01m[K/home/bubblebear/ws_livox/src/depth_clustering/src/utils/pose.h:[m[K In static member function ‘[01m[Kstatic depth_clustering::Pose depth_clustering::Pose::FromVector6f(const Vector6f&)[m[K’:
[01m[K/home/bubblebear/ws_livox/src/depth_clustering/src/utils/pose.h:165:12:[m[K [01;35m[Kwarning: [m[Kimplicitly-declared ‘[01m[Kdepth_clustering::Pose::Pose(const depth_clustering::Pose&)[m[K’ is deprecated [[01;35m[K-Wdeprecated-copy[m[K]
  165 |     return [01;35m[KT[m[K;
      |            [01;35m[K^[m[K
[01m[K/home/bubblebear/ws_livox/src/depth_clustering/src/utils/pose.h:119:9:[m[K [01;36m[Knote: [m[Kbecause ‘[01m[Kdepth_clustering::Pose[m[K’ has user-provided ‘[01m[Kdepth_clustering::Pose& depth_clustering::Pose::operator=(const depth_clustering::Pose&)[m[K’
  119 |   Pose& [01;36m[Koperator[m[K=(const Pose& other) {
      |         [01;36m[K^~~~~~~~[m[K
In file included from [01m[K/home/bubblebear/ws_livox/src/depth_clustering/src/ros_bridge/cloud_odom_ros_subscriber.h:36[m[K,
                 from [01m[K/home/bubblebear/ws_livox/src/depth_clustering/examples/ros_nodes/show_objects_node.cpp:27[m[K:
[01m[K/home/bubblebear/ws_livox/src/depth_clustering/src/utils/cloud.h:[m[K In constructor ‘[01m[Kdepth_clustering::Cloud::Cloud(const depth_clustering::Pose&)[m[K’:
[01m[K/home/bubblebear/ws_livox/src/depth_clustering/src/utils/cloud.h:59:64:[m[K [01;35m[Kwarning: [m[Kimplicitly-declared ‘[01m[Kdepth_clustering::Pose::Pose(const depth_clustering::Pose&)[m[K’ is deprecated [[01;35m[K-Wdeprecated-copy[m[K]
   59 |   explicit Cloud(const Pose& pose) : _pose(pose), _sensor_pose([01;35m[K)[m[K {}
      |                                                                [01;35m[K^[m[K
In file included from [01m[K/home/bubblebear/ws_livox/src/depth_clustering/src/ros_bridge/cloud_odom_ros_subscriber.h:35[m[K,
                 from [01m[K/home/bubblebear/ws_livox/src/depth_clustering/examples/ros_nodes/show_objects_node.cpp:27[m[K:
[01m[K/home/bubblebear/ws_livox/src/depth_clustering/src/utils/pose.h:119:9:[m[K [01;36m[Knote: [m[Kbecause ‘[01m[Kdepth_clustering::Pose[m[K’ has user-provided ‘[01m[Kdepth_clustering::Pose& depth_clustering::Pose::operator=(const depth_clustering::Pose&)[m[K’
  119 |   Pose& [01;36m[Koperator[m[K=(const Pose& other) {
      |         [01;36m[K^~~~~~~~[m[K
In file included from [01m[K/home/bubblebear/ws_livox/src/depth_clustering/src/qt/drawables/object_painter.h:29[m[K,
                 from [01m[K/home/bubblebear/ws_livox/src/depth_clustering/src/qt/widgets/opengl_folder_player.h:30[m[K,
                 from [01m[K/home/bubblebear/ws_livox/src/depth_clustering/src/qt/main.cpp:24[m[K:
[01m[K/home/bubblebear/ws_livox/src/depth_clustering/src/utils/cloud.h:[m[K In constructor ‘[01m[Kdepth_clustering::Cloud::Cloud(const depth_clustering::Pose&)[m[K’:
[01m[K/home/bubblebear/ws_livox/src/depth_clustering/src/utils/cloud.h:59:64:[m[K [01;35m[Kwarning: [m[Kimplicitly-declared ‘[01m[Kdepth_clustering::Pose::Pose(const depth_clustering::Pose&)[m[K’ is deprecated [[01;35m[K-Wdeprecated-copy[m[K]
   59 |   explicit Cloud(const Pose& pose) : _pose(pose), _sensor_pose([01;35m[K)[m[K {}
      |                                                                [01;35m[K^[m[K
In file included from [01m[K/home/bubblebear/ws_livox/src/depth_clustering/src/utils/cloud.h:40[m[K,
                 from [01m[K/home/bubblebear/ws_livox/src/depth_clustering/src/qt/drawables/object_painter.h:29[m[K,
                 from [01m[K/home/bubblebear/ws_livox/src/depth_clustering/src/qt/widgets/opengl_folder_player.h:30[m[K,
                 from [01m[K/home/bubblebear/ws_livox/src/depth_clustering/src/qt/main.cpp:24[m[K:
[01m[K/home/bubblebear/ws_livox/src/depth_clustering/src/utils/pose.h:119:9:[m[K [01;36m[Knote: [m[Kbecause ‘[01m[Kdepth_clustering::Pose[m[K’ has user-provided ‘[01m[Kdepth_clustering::Pose& depth_clustering::Pose::operator=(const depth_clustering::Pose&)[m[K’
  119 |   Pose& [01;36m[Koperator[m[K=(const Pose& other) {
      |         [01;36m[K^~~~~~~~[m[K
[ 97%] [32m[1mLinking CXX executable /home/bubblebear/ws_livox/devel/.private/depth_clustering/lib/depth_clustering/qt_gui_app[0m
[ 97%] Built target qt_gui_app
[ 98%] [32m[1mLinking CXX executable /home/bubblebear/ws_livox/devel/.private/depth_clustering/lib/depth_clustering/save_clusters_node[0m
/usr/bin/ld: /home/bubblebear/ws_livox/devel/.private/depth_clustering/lib/libros_bridge.so: undefined reference to `tf::poseMsgToEigen(geometry_msgs::Pose_<std::allocator<void> > const&, Eigen::Transform<double, 3, 2, 0>&)'
collect2: error: ld returned 1 exit status
make[2]: *** [examples/ros_nodes/CMakeFiles/save_clusters_node.dir/build.make:247: /home/bubblebear/ws_livox/devel/.private/depth_clustering/lib/depth_clustering/save_clusters_node] Error 1
make[1]: *** [CMakeFiles/Makefile2:3426: examples/ros_nodes/CMakeFiles/save_clusters_node.dir/all] Error 2
make[1]: *** Waiting for unfinished jobs....
[100%] [32m[1mLinking CXX executable /home/bubblebear/ws_livox/devel/.private/depth_clustering/lib/depth_clustering/show_objects_node[0m
/usr/bin/ld: /home/bubblebear/ws_livox/devel/.private/depth_clustering/lib/libros_bridge.so: undefined reference to `tf::poseMsgToEigen(geometry_msgs::Pose_<std::allocator<void> > const&, Eigen::Transform<double, 3, 2, 0>&)'
collect2: error: ld returned 1 exit status
make[2]: *** [examples/ros_nodes/CMakeFiles/show_objects_node.dir/build.make:255: /home/bubblebear/ws_livox/devel/.private/depth_clustering/lib/depth_clustering/show_objects_node] Error 1
make[1]: *** [CMakeFiles/Makefile2:3461: examples/ros_nodes/CMakeFiles/show_objects_node.dir/all] Error 2
make: *** [Makefile:141: all] Error 2
