[35m[1mScanning dependencies of target identifiable[0m
[35m[1mScanning dependencies of target gtest[0m
[35m[1mScanning dependencies of target folder_reader[0m
[35m[1mScanning dependencies of target difference[0m
[35m[1mScanning dependencies of target projections[0m
[35m[1mScanning dependencies of target qt_utils[0m
[35m[1mScanning dependencies of target test_help_funcs[0m
[35m[1mScanning dependencies of target cloud_saver[0m
[35m[1mScanning dependencies of target drawable[0m
[  1%] [32mBuilding CXX object src/utils/CMakeFiles/folder_reader.dir/folder_reader.cpp.o[0m
[  2%] [32mBuilding CXX object src/communication/CMakeFiles/identifiable.dir/identifiable.cpp.o[0m
[  3%] [32mBuilding CXX object gtest/CMakeFiles/gtest.dir/src/gtest-all.cc.o[0m
[  6%] [32mBuilding CXX object src/image_labelers/diff_helpers/CMakeFiles/difference.dir/angle_diff.cpp.o[0m
[  6%] [32mBuilding CXX object src/image_labelers/diff_helpers/CMakeFiles/difference.dir/line_dist_diff.cpp.o[0m
[  7%] [32mBuilding CXX object src/visualization/CMakeFiles/cloud_saver.dir/cloud_saver.cpp.o[0m
[  9%] [32mBuilding CXX object test/CMakeFiles/test_help_funcs.dir/helper_funcs.cpp.o[0m
[ 10%] [32mBuilding CXX object src/qt/utils/CMakeFiles/qt_utils.dir/utils.cpp.o[0m
[ 11%] [32mBuilding CXX object src/projections/CMakeFiles/projections.dir/projection_params.cpp.o[0m
[ 13%] [32mBuilding CXX object src/qt/drawables/CMakeFiles/drawable.dir/drawable_polygon3d.cpp.o[0m
[ 14%] [32mBuilding CXX object src/qt/drawables/CMakeFiles/drawable.dir/drawable_cloud.cpp.o[0m
[ 15%] [32mBuilding CXX object src/qt/drawables/CMakeFiles/drawable.dir/drawable_cube.cpp.o[0m
[ 17%] [32mBuilding CXX object src/qt/drawables/CMakeFiles/drawable.dir/object_painter.cpp.o[0m
[ 18%] [32m[1mLinking CXX shared library /home/bubblebear/ws_livox/devel/.private/depth_clustering/lib/libidentifiable.so[0m
[ 18%] Built target identifiable
[ 19%] [32mBuilding CXX object src/projections/CMakeFiles/projections.dir/cloud_projection.cpp.o[0m
[ 21%] [32mBuilding CXX object src/projections/CMakeFiles/projections.dir/ring_projection.cpp.o[0m
[01m[K/home/bubblebear/ws_livox/src/depth_clustering/src/projections/cloud_projection.cpp:[m[K In member function ‘[01m[Kvirtual depth_clustering::RichPoint depth_clustering::CloudProjection::UnprojectPoint(const cv::Mat&, int, int) const[m[K’:
[01m[K/home/bubblebear/ws_livox/src/depth_clustering/src/projections/cloud_projection.cpp:51:10:[m[K [01;35m[Kwarning: [m[Kimplicitly-declared ‘[01m[Kdepth_clustering::RichPoint::RichPoint(const depth_clustering::RichPoint&)[m[K’ is deprecated [[01;35m[K-Wdeprecated-copy[m[K]
   51 |   return [01;35m[Kpoint[m[K;
      |          [01;35m[K^~~~~[m[K
In file included from [01m[K/home/bubblebear/ws_livox/src/depth_clustering/src/projections/cloud_projection.h:39[m[K,
                 from [01m[K/home/bubblebear/ws_livox/src/depth_clustering/src/projections/cloud_projection.cpp:21[m[K:
[01m[K/home/bubblebear/ws_livox/src/depth_clustering/src/utils/rich_point.h:68:14:[m[K [01;36m[Knote: [m[Kbecause ‘[01m[Kdepth_clustering::RichPoint[m[K’ has user-provided ‘[01m[Kdepth_clustering::RichPoint& depth_clustering::RichPoint::operator=(const depth_clustering::RichPoint&)[m[K’
   68 |   RichPoint& [01;36m[Koperator[m[K=(const RichPoint& other);
      |              [01;36m[K^~~~~~~~[m[K
[ 22%] [32mBuilding CXX object src/projections/CMakeFiles/projections.dir/spherical_projection.cpp.o[0m
[35m[1mScanning dependencies of target visualization[0m
[ 23%] [32mBuilding CXX object src/visualization/CMakeFiles/visualization.dir/visualizer.cpp.o[0m
[ 25%] [32m[1mLinking CXX shared library /home/bubblebear/ws_livox/devel/.private/depth_clustering/lib/libdifference.so[0m
[35m[1mScanning dependencies of target ros_bridge[0m
In file included from [01m[K/home/bubblebear/ws_livox/src/depth_clustering/src/utils/cloud.h:40[m[K,
                 from [01m[K/home/bubblebear/ws_livox/src/depth_clustering/src/qt/drawables/./drawable_cloud.h:24[m[K,
                 from [01m[K/home/bubblebear/ws_livox/src/depth_clustering/src/qt/drawables/drawable_cloud.cpp:21[m[K:
[01m[K/home/bubblebear/ws_livox/src/depth_clustering/src/utils/pose.h:[m[K In member function ‘[01m[Kdepth_clustering::Pose depth_clustering::Pose::InLocalFrameOf(const depth_clustering::Pose&) const[m[K’:
[01m[K/home/bubblebear/ws_livox/src/depth_clustering/src/utils/pose.h:102:20:[m[K [01;35m[Kwarning: [m[Kimplicitly-declared ‘[01m[Kdepth_clustering::Pose::Pose(const depth_clustering::Pose&)[m[K’ is deprecated [[01;35m[K-Wdeprecated-copy[m[K]
  102 |     Pose pose(*this[01;35m[K)[m[K;
      |                    [01;35m[K^[m[K
[01m[K/home/bubblebear/ws_livox/src/depth_clustering/src/utils/pose.h:119:9:[m[K [01;36m[Knote: [m[Kbecause ‘[01m[Kdepth_clustering::Pose[m[K’ has user-provided ‘[01m[Kdepth_clustering::Pose& depth_clustering::Pose::operator=(const depth_clustering::Pose&)[m[K’
  119 |   Pose& [01;36m[Koperator[m[K=(const Pose& other) {
      |         [01;36m[K^~~~~~~~[m[K
[01m[K/home/bubblebear/ws_livox/src/depth_clustering/src/utils/pose.h:104:12:[m[K [01;35m[Kwarning: [m[Kimplicitly-declared ‘[01m[Kdepth_clustering::Pose::Pose(const depth_clustering::Pose&)[m[K’ is deprecated [[01;35m[K-Wdeprecated-copy[m[K]
  104 |     return [01;35m[Kpose[m[K;
      |            [01;35m[K^~~~[m[K
[01m[K/home/bubblebear/ws_livox/src/depth_clustering/src/utils/pose.h:119:9:[m[K [01;36m[Knote: [m[Kbecause ‘[01m[Kdepth_clustering::Pose[m[K’ has user-provided ‘[01m[Kdepth_clustering::Pose& depth_clustering::Pose::operator=(const depth_clustering::Pose&)[m[K’
  119 |   Pose& [01;36m[Koperator[m[K=(const Pose& other) {
      |         [01;36m[K^~~~~~~~[m[K
[01m[K/home/bubblebear/ws_livox/src/depth_clustering/src/utils/pose.h:[m[K In member function ‘[01m[Kdepth_clustering::Pose::Ptr depth_clustering::Pose::InLocalFrameOf(const Ptr&) const[m[K’:
[01m[K/home/bubblebear/ws_livox/src/depth_clustering/src/utils/pose.h:108:34:[m[K [01;35m[Kwarning: [m[Kimplicitly-declared ‘[01m[Kdepth_clustering::Pose::Pose(const depth_clustering::Pose&)[m[K’ is deprecated [[01;35m[K-Wdeprecated-copy[m[K]
  108 |     Pose::Ptr pose(new Pose(*this[01;35m[K)[m[K);
      |                                  [01;35m[K^[m[K
[01m[K/home/bubblebear/ws_livox/src/depth_clustering/src/utils/pose.h:119:9:[m[K [01;36m[Knote: [m[Kbecause ‘[01m[Kdepth_clustering::Pose[m[K’ has user-provided ‘[01m[Kdepth_clustering::Pose& depth_clustering::Pose::operator=(const depth_clustering::Pose&)[m[K’
  119 |   Pose& [01;36m[Koperator[m[K=(const Pose& other) {
      |         [01;36m[K^~~~~~~~[m[K
[01m[K/home/bubblebear/ws_livox/src/depth_clustering/src/utils/pose.h:[m[K In member function ‘[01m[Kdepth_clustering::Pose depth_clustering::Pose::operator-()[m[K’:
[01m[K/home/bubblebear/ws_livox/src/depth_clustering/src/utils/pose.h:143:12:[m[K [01;35m[Kwarning: [m[Kimplicitly-declared ‘[01m[Kdepth_clustering::Pose::Pose(const depth_clustering::Pose&)[m[K’ is deprecated [[01;35m[K-Wdeprecated-copy[m[K]
  143 |     return [01;35m[Kinverted[m[K;
      |            [01;35m[K^~~~~~~~[m[K
[01m[K/home/bubblebear/ws_livox/src/depth_clustering/src/utils/pose.h:119:9:[m[K [01;36m[Knote: [m[Kbecause ‘[01m[Kdepth_clustering::Pose[m[K’ has user-provided ‘[01m[Kdepth_clustering::Pose& depth_clustering::Pose::operator=(const depth_clustering::Pose&)[m[K’
  119 |   Pose& [01;36m[Koperator[m[K=(const Pose& other) {
      |         [01;36m[K^~~~~~~~[m[K
In file included from [01m[K/home/bubblebear/ws_livox/src/depth_clustering/src/utils/cloud.h:40[m[K,
                 from [01m[K/home/bubblebear/ws_livox/src/depth_clustering/test/./helper_funcs.h:24[m[K,
                 from [01m[K/home/bubblebear/ws_livox/src/depth_clustering/test/helper_funcs.cpp:21[m[K:
[01m[K/home/bubblebear/ws_livox/src/depth_clustering/src/utils/pose.h:[m[K In member function ‘[01m[Kdepth_clustering::Pose depth_clustering::Pose::InLocalFrameOf(const depth_clustering::Pose&) const[m[K’:
[01m[K/home/bubblebear/ws_livox/src/depth_clustering/src/utils/pose.h:102:20:[m[K [01;35m[Kwarning: [m[Kimplicitly-declared ‘[01m[Kdepth_clustering::Pose::Pose(const depth_clustering::Pose&)[m[K’ is deprecated [[01;35m[K-Wdeprecated-copy[m[K]
  102 |     Pose pose(*this[01;35m[K)[m[K;
      |                    [01;35m[K^[m[K
[01m[K/home/bubblebear/ws_livox/src/depth_clustering/src/utils/pose.h:119:9:[m[K [01;36m[Knote: [m[Kbecause ‘[01m[Kdepth_clustering::Pose[m[K’ has user-provided ‘[01m[Kdepth_clustering::Pose& depth_clustering::Pose::operator=(const depth_clustering::Pose&)[m[K’
  119 |   Pose& [01;36m[Koperator[m[K=(const Pose& other) {
      |         [01;36m[K^~~~~~~~[m[K
[01m[K/home/bubblebear/ws_livox/src/depth_clustering/src/utils/pose.h:104:12:[m[K [01;35m[Kwarning: [m[Kimplicitly-declared ‘[01m[Kdepth_clustering::Pose::Pose(const depth_clustering::Pose&)[m[K’ is deprecated [[01;35m[K-Wdeprecated-copy[m[K]
  104 |     return [01;35m[Kpose[m[K;
      |            [01;35m[K^~~~[m[K
[01m[K/home/bubblebear/ws_livox/src/depth_clustering/src/utils/pose.h:119:9:[m[K [01;36m[Knote: [m[Kbecause ‘[01m[Kdepth_clustering::Pose[m[K’ has user-provided ‘[01m[Kdepth_clustering::Pose& depth_clustering::Pose::operator=(const depth_clustering::Pose&)[m[K’
  119 |   Pose& [01;36m[Koperator[m[K=(const Pose& other) {
      |         [01;36m[K^~~~~~~~[m[K
[01m[K/home/bubblebear/ws_livox/src/depth_clustering/src/utils/pose.h:[m[K In member function ‘[01m[Kdepth_clustering::Pose::Ptr depth_clustering::Pose::InLocalFrameOf(const Ptr&) const[m[K’:
[01m[K/home/bubblebear/ws_livox/src/depth_clustering/src/utils/pose.h:108:34:[m[K [01;35m[Kwarning: [m[Kimplicitly-declared ‘[01m[Kdepth_clustering::Pose::Pose(const depth_clustering::Pose&)[m[K’ is deprecated [[01;35m[K-Wdeprecated-copy[m[K]
  108 |     Pose::Ptr pose(new Pose(*this[01;35m[K)[m[K);
      |                                  [01;35m[K^[m[K
[01m[K/home/bubblebear/ws_livox/src/depth_clustering/src/utils/pose.h:119:9:[m[K [01;36m[Knote: [m[Kbecause ‘[01m[Kdepth_clustering::Pose[m[K’ has user-provided ‘[01m[Kdepth_clustering::Pose& depth_clustering::Pose::operator=(const depth_clustering::Pose&)[m[K’
  119 |   Pose& [01;36m[Koperator[m[K=(const Pose& other) {
      |         [01;36m[K^~~~~~~~[m[K
[01m[K/home/bubblebear/ws_livox/src/depth_clustering/src/utils/pose.h:[m[K In member function ‘[01m[Kdepth_clustering::Pose depth_clustering::Pose::operator-()[m[K’:
[01m[K/home/bubblebear/ws_livox/src/depth_clustering/src/utils/pose.h:143:12:[m[K [01;35m[Kwarning: [m[Kimplicitly-declared ‘[01m[Kdepth_clustering::Pose::Pose(const depth_clustering::Pose&)[m[K’ is deprecated [[01;35m[K-Wdeprecated-copy[m[K]
  143 |     return [01;35m[Kinverted[m[K;
      |            [01;35m[K^~~~~~~~[m[K
[01m[K/home/bubblebear/ws_livox/src/depth_clustering/src/utils/pose.h:119:9:[m[K [01;36m[Knote: [m[Kbecause ‘[01m[Kdepth_clustering::Pose[m[K’ has user-provided ‘[01m[Kdepth_clustering::Pose& depth_clustering::Pose::operator=(const depth_clustering::Pose&)[m[K’
  119 |   Pose& [01;36m[Koperator[m[K=(const Pose& other) {
      |         [01;36m[K^~~~~~~~[m[K
[ 26%] [32mBuilding CXX object src/ros_bridge/CMakeFiles/ros_bridge.dir/cloud_odom_ros_subscriber.cpp.o[0m
[01m[K/home/bubblebear/ws_livox/src/depth_clustering/src/utils/pose.h:[m[K In static member function ‘[01m[Kstatic depth_clustering::Pose depth_clustering::Pose::FromVector6f(const Vector6f&)[m[K’:
[01m[K/home/bubblebear/ws_livox/src/depth_clustering/src/utils/pose.h:165:12:[m[K [01;35m[Kwarning: [m[Kimplicitly-declared ‘[01m[Kdepth_clustering::Pose::Pose(const depth_clustering::Pose&)[m[K’ is deprecated [[01;35m[K-Wdeprecated-copy[m[K]
  165 |     return [01;35m[KT[m[K;
      |            [01;35m[K^[m[K
[01m[K/home/bubblebear/ws_livox/src/depth_clustering/src/utils/pose.h:119:9:[m[K [01;36m[Knote: [m[Kbecause ‘[01m[Kdepth_clustering::Pose[m[K’ has user-provided ‘[01m[Kdepth_clustering::Pose& depth_clustering::Pose::operator=(const depth_clustering::Pose&)[m[K’
  119 |   Pose& [01;36m[Koperator[m[K=(const Pose& other) {
      |         [01;36m[K^~~~~~~~[m[K
[01m[K/home/bubblebear/ws_livox/src/depth_clustering/src/utils/pose.h:[m[K In static member function ‘[01m[Kstatic depth_clustering::Pose depth_clustering::Pose::FromVector6f(const Vector6f&)[m[K’:
[01m[K/home/bubblebear/ws_livox/src/depth_clustering/src/utils/pose.h:165:12:[m[K [01;35m[Kwarning: [m[Kimplicitly-declared ‘[01m[Kdepth_clustering::Pose::Pose(const depth_clustering::Pose&)[m[K’ is deprecated [[01;35m[K-Wdeprecated-copy[m[K]
  165 |     return [01;35m[KT[m[K;
      |            [01;35m[K^[m[K
[01m[K/home/bubblebear/ws_livox/src/depth_clustering/src/utils/pose.h:119:9:[m[K [01;36m[Knote: [m[Kbecause ‘[01m[Kdepth_clustering::Pose[m[K’ has user-provided ‘[01m[Kdepth_clustering::Pose& depth_clustering::Pose::operator=(const depth_clustering::Pose&)[m[K’
  119 |   Pose& [01;36m[Koperator[m[K=(const Pose& other) {
      |         [01;36m[K^~~~~~~~[m[K
In file included from [01m[K/home/bubblebear/ws_livox/src/depth_clustering/src/qt/drawables/./drawable_cloud.h:24[m[K,
                 from [01m[K/home/bubblebear/ws_livox/src/depth_clustering/src/qt/drawables/drawable_cloud.cpp:21[m[K:
[01m[K/home/bubblebear/ws_livox/src/depth_clustering/src/utils/cloud.h:[m[K In constructor ‘[01m[Kdepth_clustering::Cloud::Cloud(const depth_clustering::Pose&)[m[K’:
[01m[K/home/bubblebear/ws_livox/src/depth_clustering/src/utils/cloud.h:59:64:[m[K [01;35m[Kwarning: [m[Kimplicitly-declared ‘[01m[Kdepth_clustering::Pose::Pose(const depth_clustering::Pose&)[m[K’ is deprecated [[01;35m[K-Wdeprecated-copy[m[K]
   59 |   explicit Cloud(const Pose& pose) : _pose(pose), _sensor_pose([01;35m[K)[m[K {}
      |                                                                [01;35m[K^[m[K
In file included from [01m[K/home/bubblebear/ws_livox/src/depth_clustering/src/utils/cloud.h:40[m[K,
                 from [01m[K/home/bubblebear/ws_livox/src/depth_clustering/src/qt/drawables/./drawable_cloud.h:24[m[K,
                 from [01m[K/home/bubblebear/ws_livox/src/depth_clustering/src/qt/drawables/drawable_cloud.cpp:21[m[K:
[01m[K/home/bubblebear/ws_livox/src/depth_clustering/src/utils/pose.h:119:9:[m[K [01;36m[Knote: [m[Kbecause ‘[01m[Kdepth_clustering::Pose[m[K’ has user-provided ‘[01m[Kdepth_clustering::Pose& depth_clustering::Pose::operator=(const depth_clustering::Pose&)[m[K’
  119 |   Pose& [01;36m[Koperator[m[K=(const Pose& other) {
      |         [01;36m[K^~~~~~~~[m[K
[ 26%] Built target difference
In file included from [01m[K/home/bubblebear/ws_livox/src/depth_clustering/test/./helper_funcs.h:24[m[K,
                 from [01m[K/home/bubblebear/ws_livox/src/depth_clustering/test/helper_funcs.cpp:21[m[K:
[01m[K/home/bubblebear/ws_livox/src/depth_clustering/src/utils/cloud.h:[m[K In constructor ‘[01m[Kdepth_clustering::Cloud::Cloud(const depth_clustering::Pose&)[m[K’:
[01m[K/home/bubblebear/ws_livox/src/depth_clustering/src/utils/cloud.h:59:64:[m[K [01;35m[Kwarning: [m[Kimplicitly-declared ‘[01m[Kdepth_clustering::Pose::Pose(const depth_clustering::Pose&)[m[K’ is deprecated [[01;35m[K-Wdeprecated-copy[m[K]
   59 |   explicit Cloud(const Pose& pose) : _pose(pose), _sensor_pose([01;35m[K)[m[K {}
      |                                                                [01;35m[K^[m[K
In file included from [01m[K/home/bubblebear/ws_livox/src/depth_clustering/src/utils/cloud.h:40[m[K,
                 from [01m[K/home/bubblebear/ws_livox/src/depth_clustering/test/./helper_funcs.h:24[m[K,
                 from [01m[K/home/bubblebear/ws_livox/src/depth_clustering/test/helper_funcs.cpp:21[m[K:
[01m[K/home/bubblebear/ws_livox/src/depth_clustering/src/utils/pose.h:119:9:[m[K [01;36m[Knote: [m[Kbecause ‘[01m[Kdepth_clustering::Pose[m[K’ has user-provided ‘[01m[Kdepth_clustering::Pose& depth_clustering::Pose::operator=(const depth_clustering::Pose&)[m[K’
  119 |   Pose& [01;36m[Koperator[m[K=(const Pose& other) {
      |         [01;36m[K^~~~~~~~[m[K
[ 27%] [32m[1mLinking CXX shared library /home/bubblebear/ws_livox/devel/.private/depth_clustering/lib/libfolder_reader.so[0m
[ 27%] Built target folder_reader
[35m[1mScanning dependencies of target image_labeler[0m
[ 28%] [32mBuilding CXX object src/image_labelers/CMakeFiles/image_labeler.dir/abstract_image_labeler.cpp.o[0m
In file included from [01m[K/home/bubblebear/ws_livox/src/depth_clustering/src/utils/cloud.h:40[m[K,
                 from [01m[K/home/bubblebear/ws_livox/src/depth_clustering/src/qt/drawables/./object_painter.h:29[m[K,
                 from [01m[K/home/bubblebear/ws_livox/src/depth_clustering/src/qt/drawables/object_painter.cpp:21[m[K:
[01m[K/home/bubblebear/ws_livox/src/depth_clustering/src/utils/pose.h:[m[K In member function ‘[01m[Kdepth_clustering::Pose depth_clustering::Pose::InLocalFrameOf(const depth_clustering::Pose&) const[m[K’:
[01m[K/home/bubblebear/ws_livox/src/depth_clustering/src/utils/pose.h:102:20:[m[K [01;35m[Kwarning: [m[Kimplicitly-declared ‘[01m[Kdepth_clustering::Pose::Pose(const depth_clustering::Pose&)[m[K’ is deprecated [[01;35m[K-Wdeprecated-copy[m[K]
  102 |     Pose pose(*this[01;35m[K)[m[K;
      |                    [01;35m[K^[m[K
[01m[K/home/bubblebear/ws_livox/src/depth_clustering/src/utils/pose.h:119:9:[m[K [01;36m[Knote: [m[Kbecause ‘[01m[Kdepth_clustering::Pose[m[K’ has user-provided ‘[01m[Kdepth_clustering::Pose& depth_clustering::Pose::operator=(const depth_clustering::Pose&)[m[K’
  119 |   Pose& [01;36m[Koperator[m[K=(const Pose& other) {
      |         [01;36m[K^~~~~~~~[m[K
[01m[K/home/bubblebear/ws_livox/src/depth_clustering/src/utils/pose.h:104:12:[m[K [01;35m[Kwarning: [m[Kimplicitly-declared ‘[01m[Kdepth_clustering::Pose::Pose(const depth_clustering::Pose&)[m[K’ is deprecated [[01;35m[K-Wdeprecated-copy[m[K]
  104 |     return [01;35m[Kpose[m[K;
      |            [01;35m[K^~~~[m[K
[01m[K/home/bubblebear/ws_livox/src/depth_clustering/src/utils/pose.h:119:9:[m[K [01;36m[Knote: [m[Kbecause ‘[01m[Kdepth_clustering::Pose[m[K’ has user-provided ‘[01m[Kdepth_clustering::Pose& depth_clustering::Pose::operator=(const depth_clustering::Pose&)[m[K’
  119 |   Pose& [01;36m[Koperator[m[K=(const Pose& other) {
      |         [01;36m[K^~~~~~~~[m[K
[01m[K/home/bubblebear/ws_livox/src/depth_clustering/src/utils/pose.h:[m[K In member function ‘[01m[Kdepth_clustering::Pose::Ptr depth_clustering::Pose::InLocalFrameOf(const Ptr&) const[m[K’:
[01m[K/home/bubblebear/ws_livox/src/depth_clustering/src/utils/pose.h:108:34:[m[K [01;35m[Kwarning: [m[Kimplicitly-declared ‘[01m[Kdepth_clustering::Pose::Pose(const depth_clustering::Pose&)[m[K’ is deprecated [[01;35m[K-Wdeprecated-copy[m[K]
  108 |     Pose::Ptr pose(new Pose(*this[01;35m[K)[m[K);
      |                                  [01;35m[K^[m[K
[01m[K/home/bubblebear/ws_livox/src/depth_clustering/src/utils/pose.h:119:9:[m[K [01;36m[Knote: [m[Kbecause ‘[01m[Kdepth_clustering::Pose[m[K’ has user-provided ‘[01m[Kdepth_clustering::Pose& depth_clustering::Pose::operator=(const depth_clustering::Pose&)[m[K’
  119 |   Pose& [01;36m[Koperator[m[K=(const Pose& other) {
      |         [01;36m[K^~~~~~~~[m[K
[01m[K/home/bubblebear/ws_livox/src/depth_clustering/src/utils/pose.h:[m[K In member function ‘[01m[Kdepth_clustering::Pose depth_clustering::Pose::operator-()[m[K’:
[01m[K/home/bubblebear/ws_livox/src/depth_clustering/src/utils/pose.h:143:12:[m[K [01;35m[Kwarning: [m[Kimplicitly-declared ‘[01m[Kdepth_clustering::Pose::Pose(const depth_clustering::Pose&)[m[K’ is deprecated [[01;35m[K-Wdeprecated-copy[m[K]
  143 |     return [01;35m[Kinverted[m[K;
      |            [01;35m[K^~~~~~~~[m[K
[01m[K/home/bubblebear/ws_livox/src/depth_clustering/src/utils/pose.h:119:9:[m[K [01;36m[Knote: [m[Kbecause ‘[01m[Kdepth_clustering::Pose[m[K’ has user-provided ‘[01m[Kdepth_clustering::Pose& depth_clustering::Pose::operator=(const depth_clustering::Pose&)[m[K’
  119 |   Pose& [01;36m[Koperator[m[K=(const Pose& other) {
      |         [01;36m[K^~~~~~~~[m[K
In file included from [01m[K/home/bubblebear/ws_livox/src/depth_clustering/src/utils/cloud.h:40[m[K,
                 from [01m[K/home/bubblebear/ws_livox/src/depth_clustering/src/projections/ring_projection.h:31[m[K,
                 from [01m[K/home/bubblebear/ws_livox/src/depth_clustering/src/projections/ring_projection.cpp:21[m[K:
[01m[K/home/bubblebear/ws_livox/src/depth_clustering/src/utils/pose.h:[m[K In member function ‘[01m[Kdepth_clustering::Pose depth_clustering::Pose::InLocalFrameOf(const depth_clustering::Pose&) const[m[K’:
[01m[K/home/bubblebear/ws_livox/src/depth_clustering/src/utils/pose.h:102:20:[m[K [01;35m[Kwarning: [m[Kimplicitly-declared ‘[01m[Kdepth_clustering::Pose::Pose(const depth_clustering::Pose&)[m[K’ is deprecated [[01;35m[K-Wdeprecated-copy[m[K]
  102 |     Pose pose(*this[01;35m[K)[m[K;
      |                    [01;35m[K^[m[K
[01m[K/home/bubblebear/ws_livox/src/depth_clustering/src/utils/pose.h:119:9:[m[K [01;36m[Knote: [m[Kbecause ‘[01m[Kdepth_clustering::Pose[m[K’ has user-provided ‘[01m[Kdepth_clustering::Pose& depth_clustering::Pose::operator=(const depth_clustering::Pose&)[m[K’
  119 |   Pose& [01;36m[Koperator[m[K=(const Pose& other) {
      |         [01;36m[K^~~~~~~~[m[K
[01m[K/home/bubblebear/ws_livox/src/depth_clustering/src/utils/pose.h:104:12:[m[K [01;35m[Kwarning: [m[Kimplicitly-declared ‘[01m[Kdepth_clustering::Pose::Pose(const depth_clustering::Pose&)[m[K’ is deprecated [[01;35m[K-Wdeprecated-copy[m[K]
  104 |     return [01;35m[Kpose[m[K;
      |            [01;35m[K^~~~[m[K
[01m[K/home/bubblebear/ws_livox/src/depth_clustering/src/utils/pose.h:119:9:[m[K [01;36m[Knote: [m[Kbecause ‘[01m[Kdepth_clustering::Pose[m[K’ has user-provided ‘[01m[Kdepth_clustering::Pose& depth_clustering::Pose::operator=(const depth_clustering::Pose&)[m[K’
  119 |   Pose& [01;36m[Koperator[m[K=(const Pose& other) {
      |         [01;36m[K^~~~~~~~[m[K
[01m[K/home/bubblebear/ws_livox/src/depth_clustering/src/utils/pose.h:[m[K In member function ‘[01m[Kdepth_clustering::Pose::Ptr depth_clustering::Pose::InLocalFrameOf(const Ptr&) const[m[K’:
[01m[K/home/bubblebear/ws_livox/src/depth_clustering/src/utils/pose.h:108:34:[m[K [01;35m[Kwarning: [m[Kimplicitly-declared ‘[01m[Kdepth_clustering::Pose::Pose(const depth_clustering::Pose&)[m[K’ is deprecated [[01;35m[K-Wdeprecated-copy[m[K]
  108 |     Pose::Ptr pose(new Pose(*this[01;35m[K)[m[K);
      |                                  [01;35m[K^[m[K
[01m[K/home/bubblebear/ws_livox/src/depth_clustering/src/utils/pose.h:119:9:[m[K [01;36m[Knote: [m[Kbecause ‘[01m[Kdepth_clustering::Pose[m[K’ has user-provided ‘[01m[Kdepth_clustering::Pose& depth_clustering::Pose::operator=(const depth_clustering::Pose&)[m[K’
  119 |   Pose& [01;36m[Koperator[m[K=(const Pose& other) {
      |         [01;36m[K^~~~~~~~[m[K
[01m[K/home/bubblebear/ws_livox/src/depth_clustering/src/utils/pose.h:[m[K In member function ‘[01m[Kdepth_clustering::Pose depth_clustering::Pose::operator-()[m[K’:
[01m[K/home/bubblebear/ws_livox/src/depth_clustering/src/utils/pose.h:143:12:[m[K [01;35m[Kwarning: [m[Kimplicitly-declared ‘[01m[Kdepth_clustering::Pose::Pose(const depth_clustering::Pose&)[m[K’ is deprecated [[01;35m[K-Wdeprecated-copy[m[K]
  143 |     return [01;35m[Kinverted[m[K;
      |            [01;35m[K^~~~~~~~[m[K
[01m[K/home/bubblebear/ws_livox/src/depth_clustering/src/utils/pose.h:119:9:[m[K [01;36m[Knote: [m[Kbecause ‘[01m[Kdepth_clustering::Pose[m[K’ has user-provided ‘[01m[Kdepth_clustering::Pose& depth_clustering::Pose::operator=(const depth_clustering::Pose&)[m[K’
  119 |   Pose& [01;36m[Koperator[m[K=(const Pose& other) {
      |         [01;36m[K^~~~~~~~[m[K
[ 30%] [32m[1mLinking CXX shared library /home/bubblebear/ws_livox/devel/.private/depth_clustering/lib/libtest_help_funcs.so[0m
[01m[K/home/bubblebear/ws_livox/src/depth_clustering/src/utils/pose.h:[m[K In static member function ‘[01m[Kstatic depth_clustering::Pose depth_clustering::Pose::FromVector6f(const Vector6f&)[m[K’:
[01m[K/home/bubblebear/ws_livox/src/depth_clustering/src/utils/pose.h:165:12:[m[K [01;35m[Kwarning: [m[Kimplicitly-declared ‘[01m[Kdepth_clustering::Pose::Pose(const depth_clustering::Pose&)[m[K’ is deprecated [[01;35m[K-Wdeprecated-copy[m[K]
  165 |     return [01;35m[KT[m[K;
      |            [01;35m[K^[m[K
[01m[K/home/bubblebear/ws_livox/src/depth_clustering/src/utils/pose.h:119:9:[m[K [01;36m[Knote: [m[Kbecause ‘[01m[Kdepth_clustering::Pose[m[K’ has user-provided ‘[01m[Kdepth_clustering::Pose& depth_clustering::Pose::operator=(const depth_clustering::Pose&)[m[K’
  119 |   Pose& [01;36m[Koperator[m[K=(const Pose& other) {
      |         [01;36m[K^~~~~~~~[m[K
[01m[K/home/bubblebear/ws_livox/src/depth_clustering/src/utils/pose.h:[m[K In static member function ‘[01m[Kstatic depth_clustering::Pose depth_clustering::Pose::FromVector6f(const Vector6f&)[m[K’:
[01m[K/home/bubblebear/ws_livox/src/depth_clustering/src/utils/pose.h:165:12:[m[K [01;35m[Kwarning: [m[Kimplicitly-declared ‘[01m[Kdepth_clustering::Pose::Pose(const depth_clustering::Pose&)[m[K’ is deprecated [[01;35m[K-Wdeprecated-copy[m[K]
  165 |     return [01;35m[KT[m[K;
      |            [01;35m[K^[m[K
[01m[K/home/bubblebear/ws_livox/src/depth_clustering/src/utils/pose.h:119:9:[m[K [01;36m[Knote: [m[Kbecause ‘[01m[Kdepth_clustering::Pose[m[K’ has user-provided ‘[01m[Kdepth_clustering::Pose& depth_clustering::Pose::operator=(const depth_clustering::Pose&)[m[K’
  119 |   Pose& [01;36m[Koperator[m[K=(const Pose& other) {
      |         [01;36m[K^~~~~~~~[m[K
In file included from [01m[K/home/bubblebear/ws_livox/src/depth_clustering/src/qt/drawables/./object_painter.h:29[m[K,
                 from [01m[K/home/bubblebear/ws_livox/src/depth_clustering/src/qt/drawables/object_painter.cpp:21[m[K:
[01m[K/home/bubblebear/ws_livox/src/depth_clustering/src/utils/cloud.h:[m[K In constructor ‘[01m[Kdepth_clustering::Cloud::Cloud(const depth_clustering::Pose&)[m[K’:
[01m[K/home/bubblebear/ws_livox/src/depth_clustering/src/utils/cloud.h:59:64:[m[K [01;35m[Kwarning: [m[Kimplicitly-declared ‘[01m[Kdepth_clustering::Pose::Pose(const depth_clustering::Pose&)[m[K’ is deprecated [[01;35m[K-Wdeprecated-copy[m[K]
   59 |   explicit Cloud(const Pose& pose) : _pose(pose), _sensor_pose([01;35m[K)[m[K {}
      |                                                                [01;35m[K^[m[K
In file included from [01m[K/home/bubblebear/ws_livox/src/depth_clustering/src/utils/cloud.h:40[m[K,
                 from [01m[K/home/bubblebear/ws_livox/src/depth_clustering/src/qt/drawables/./object_painter.h:29[m[K,
                 from [01m[K/home/bubblebear/ws_livox/src/depth_clustering/src/qt/drawables/object_painter.cpp:21[m[K:
[01m[K/home/bubblebear/ws_livox/src/depth_clustering/src/utils/pose.h:119:9:[m[K [01;36m[Knote: [m[Kbecause ‘[01m[Kdepth_clustering::Pose[m[K’ has user-provided ‘[01m[Kdepth_clustering::Pose& depth_clustering::Pose::operator=(const depth_clustering::Pose&)[m[K’
  119 |   Pose& [01;36m[Koperator[m[K=(const Pose& other) {
      |         [01;36m[K^~~~~~~~[m[K
In file included from [01m[K/home/bubblebear/ws_livox/src/depth_clustering/src/projections/ring_projection.h:31[m[K,
                 from [01m[K/home/bubblebear/ws_livox/src/depth_clustering/src/projections/ring_projection.cpp:21[m[K:
[01m[K/home/bubblebear/ws_livox/src/depth_clustering/src/utils/cloud.h:[m[K In constructor ‘[01m[Kdepth_clustering::Cloud::Cloud(const depth_clustering::Pose&)[m[K’:
[01m[K/home/bubblebear/ws_livox/src/depth_clustering/src/utils/cloud.h:59:64:[m[K [01;35m[Kwarning: [m[Kimplicitly-declared ‘[01m[Kdepth_clustering::Pose::Pose(const depth_clustering::Pose&)[m[K’ is deprecated [[01;35m[K-Wdeprecated-copy[m[K]
   59 |   explicit Cloud(const Pose& pose) : _pose(pose), _sensor_pose([01;35m[K)[m[K {}
      |                                                                [01;35m[K^[m[K
In file included from [01m[K/home/bubblebear/ws_livox/src/depth_clustering/src/utils/cloud.h:40[m[K,
                 from [01m[K/home/bubblebear/ws_livox/src/depth_clustering/src/projections/ring_projection.h:31[m[K,
                 from [01m[K/home/bubblebear/ws_livox/src/depth_clustering/src/projections/ring_projection.cpp:21[m[K:
[01m[K/home/bubblebear/ws_livox/src/depth_clustering/src/utils/pose.h:119:9:[m[K [01;36m[Knote: [m[Kbecause ‘[01m[Kdepth_clustering::Pose[m[K’ has user-provided ‘[01m[Kdepth_clustering::Pose& depth_clustering::Pose::operator=(const depth_clustering::Pose&)[m[K’
  119 |   Pose& [01;36m[Koperator[m[K=(const Pose& other) {
      |         [01;36m[K^~~~~~~~[m[K
[01m[K/home/bubblebear/ws_livox/src/depth_clustering/src/projections/ring_projection.cpp:[m[K In member function ‘[01m[Kvirtual depth_clustering::RichPoint depth_clustering::RingProjection::UnprojectPoint(const cv::Mat&, int, int) const[m[K’:
[01m[K/home/bubblebear/ws_livox/src/depth_clustering/src/projections/ring_projection.cpp:63:10:[m[K [01;35m[Kwarning: [m[Kimplicitly-declared ‘[01m[Kdepth_clustering::RichPoint::RichPoint(const depth_clustering::RichPoint&)[m[K’ is deprecated [[01;35m[K-Wdeprecated-copy[m[K]
   63 |   return [01;35m[Kpoint[m[K;
      |          [01;35m[K^~~~~[m[K
In file included from [01m[K/home/bubblebear/ws_livox/src/depth_clustering/src/projections/cloud_projection.h:39[m[K,
                 from [01m[K/home/bubblebear/ws_livox/src/depth_clustering/src/projections/ring_projection.h:29[m[K,
                 from [01m[K/home/bubblebear/ws_livox/src/depth_clustering/src/projections/ring_projection.cpp:21[m[K:
[01m[K/home/bubblebear/ws_livox/src/depth_clustering/src/utils/rich_point.h:68:14:[m[K [01;36m[Knote: [m[Kbecause ‘[01m[Kdepth_clustering::RichPoint[m[K’ has user-provided ‘[01m[Kdepth_clustering::RichPoint& depth_clustering::RichPoint::operator=(const depth_clustering::RichPoint&)[m[K’
   68 |   RichPoint& [01;36m[Koperator[m[K=(const RichPoint& other);
      |              [01;36m[K^~~~~~~~[m[K
[01m[K/home/bubblebear/ws_livox/src/depth_clustering/src/ros_bridge/cloud_odom_ros_subscriber.cpp:22:10:[m[K [01;31m[Kfatal error: [m[Keigen_conversions/eigen_msg.h: No such file or directory
   22 | #include [01;31m[K<eigen_conversions/eigen_msg.h>[m[K
      |          [01;31m[K^~~~~~~~~~~~~~~~~~~~~~~~~~~~~~~[m[K
compilation terminated.
make[2]: *** [src/ros_bridge/CMakeFiles/ros_bridge.dir/build.make:63: src/ros_bridge/CMakeFiles/ros_bridge.dir/cloud_odom_ros_subscriber.cpp.o] Error 1
make[1]: *** [CMakeFiles/Makefile2:3319: src/ros_bridge/CMakeFiles/ros_bridge.dir/all] Error 2
make[1]: *** Waiting for unfinished jobs....
In file included from [01m[K/home/bubblebear/ws_livox/src/depth_clustering/src/utils/cloud.h:40[m[K,
                 from [01m[K/home/bubblebear/ws_livox/src/depth_clustering/src/projections/spherical_projection.h:31[m[K,
                 from [01m[K/home/bubblebear/ws_livox/src/depth_clustering/src/projections/spherical_projection.cpp:21[m[K:
[01m[K/home/bubblebear/ws_livox/src/depth_clustering/src/utils/pose.h:[m[K In member function ‘[01m[Kdepth_clustering::Pose depth_clustering::Pose::InLocalFrameOf(const depth_clustering::Pose&) const[m[K’:
[01m[K/home/bubblebear/ws_livox/src/depth_clustering/src/utils/pose.h:102:20:[m[K [01;35m[Kwarning: [m[Kimplicitly-declared ‘[01m[Kdepth_clustering::Pose::Pose(const depth_clustering::Pose&)[m[K’ is deprecated [[01;35m[K-Wdeprecated-copy[m[K]
  102 |     Pose pose(*this[01;35m[K)[m[K;
      |                    [01;35m[K^[m[K
[01m[K/home/bubblebear/ws_livox/src/depth_clustering/src/utils/pose.h:119:9:[m[K [01;36m[Knote: [m[Kbecause ‘[01m[Kdepth_clustering::Pose[m[K’ has user-provided ‘[01m[Kdepth_clustering::Pose& depth_clustering::Pose::operator=(const depth_clustering::Pose&)[m[K’
  119 |   Pose& [01;36m[Koperator[m[K=(const Pose& other) {
      |         [01;36m[K^~~~~~~~[m[K
[01m[K/home/bubblebear/ws_livox/src/depth_clustering/src/utils/pose.h:104:12:[m[K [01;35m[Kwarning: [m[Kimplicitly-declared ‘[01m[Kdepth_clustering::Pose::Pose(const depth_clustering::Pose&)[m[K’ is deprecated [[01;35m[K-Wdeprecated-copy[m[K]
  104 |     return [01;35m[Kpose[m[K;
      |            [01;35m[K^~~~[m[K
[01m[K/home/bubblebear/ws_livox/src/depth_clustering/src/utils/pose.h:119:9:[m[K [01;36m[Knote: [m[Kbecause ‘[01m[Kdepth_clustering::Pose[m[K’ has user-provided ‘[01m[Kdepth_clustering::Pose& depth_clustering::Pose::operator=(const depth_clustering::Pose&)[m[K’
  119 |   Pose& [01;36m[Koperator[m[K=(const Pose& other) {
      |         [01;36m[K^~~~~~~~[m[K
[01m[K/home/bubblebear/ws_livox/src/depth_clustering/src/utils/pose.h:[m[K In member function ‘[01m[Kdepth_clustering::Pose::Ptr depth_clustering::Pose::InLocalFrameOf(const Ptr&) const[m[K’:
[01m[K/home/bubblebear/ws_livox/src/depth_clustering/src/utils/pose.h:108:34:[m[K [01;35m[Kwarning: [m[Kimplicitly-declared ‘[01m[Kdepth_clustering::Pose::Pose(const depth_clustering::Pose&)[m[K’ is deprecated [[01;35m[K-Wdeprecated-copy[m[K]
  108 |     Pose::Ptr pose(new Pose(*this[01;35m[K)[m[K);
      |                                  [01;35m[K^[m[K
[01m[K/home/bubblebear/ws_livox/src/depth_clustering/src/utils/pose.h:119:9:[m[K [01;36m[Knote: [m[Kbecause ‘[01m[Kdepth_clustering::Pose[m[K’ has user-provided ‘[01m[Kdepth_clustering::Pose& depth_clustering::Pose::operator=(const depth_clustering::Pose&)[m[K’
  119 |   Pose& [01;36m[Koperator[m[K=(const Pose& other) {
      |         [01;36m[K^~~~~~~~[m[K
[01m[K/home/bubblebear/ws_livox/src/depth_clustering/src/utils/pose.h:[m[K In member function ‘[01m[Kdepth_clustering::Pose depth_clustering::Pose::operator-()[m[K’:
[01m[K/home/bubblebear/ws_livox/src/depth_clustering/src/utils/pose.h:143:12:[m[K [01;35m[Kwarning: [m[Kimplicitly-declared ‘[01m[Kdepth_clustering::Pose::Pose(const depth_clustering::Pose&)[m[K’ is deprecated [[01;35m[K-Wdeprecated-copy[m[K]
  143 |     return [01;35m[Kinverted[m[K;
      |            [01;35m[K^~~~~~~~[m[K
[01m[K/home/bubblebear/ws_livox/src/depth_clustering/src/utils/pose.h:119:9:[m[K [01;36m[Knote: [m[Kbecause ‘[01m[Kdepth_clustering::Pose[m[K’ has user-provided ‘[01m[Kdepth_clustering::Pose& depth_clustering::Pose::operator=(const depth_clustering::Pose&)[m[K’
  119 |   Pose& [01;36m[Koperator[m[K=(const Pose& other) {
      |         [01;36m[K^~~~~~~~[m[K
[01m[K/home/bubblebear/ws_livox/src/depth_clustering/src/utils/pose.h:[m[K In static member function ‘[01m[Kstatic depth_clustering::Pose depth_clustering::Pose::FromVector6f(const Vector6f&)[m[K’:
[01m[K/home/bubblebear/ws_livox/src/depth_clustering/src/utils/pose.h:165:12:[m[K [01;35m[Kwarning: [m[Kimplicitly-declared ‘[01m[Kdepth_clustering::Pose::Pose(const depth_clustering::Pose&)[m[K’ is deprecated [[01;35m[K-Wdeprecated-copy[m[K]
  165 |     return [01;35m[KT[m[K;
      |            [01;35m[K^[m[K
[01m[K/home/bubblebear/ws_livox/src/depth_clustering/src/utils/pose.h:119:9:[m[K [01;36m[Knote: [m[Kbecause ‘[01m[Kdepth_clustering::Pose[m[K’ has user-provided ‘[01m[Kdepth_clustering::Pose& depth_clustering::Pose::operator=(const depth_clustering::Pose&)[m[K’
  119 |   Pose& [01;36m[Koperator[m[K=(const Pose& other) {
      |         [01;36m[K^~~~~~~~[m[K
In file included from [01m[K/home/bubblebear/ws_livox/src/depth_clustering/src/projections/spherical_projection.h:31[m[K,
                 from [01m[K/home/bubblebear/ws_livox/src/depth_clustering/src/projections/spherical_projection.cpp:21[m[K:
[01m[K/home/bubblebear/ws_livox/src/depth_clustering/src/utils/cloud.h:[m[K In constructor ‘[01m[Kdepth_clustering::Cloud::Cloud(const depth_clustering::Pose&)[m[K’:
[01m[K/home/bubblebear/ws_livox/src/depth_clustering/src/utils/cloud.h:59:64:[m[K [01;35m[Kwarning: [m[Kimplicitly-declared ‘[01m[Kdepth_clustering::Pose::Pose(const depth_clustering::Pose&)[m[K’ is deprecated [[01;35m[K-Wdeprecated-copy[m[K]
   59 |   explicit Cloud(const Pose& pose) : _pose(pose), _sensor_pose([01;35m[K)[m[K {}
      |                                                                [01;35m[K^[m[K
In file included from [01m[K/home/bubblebear/ws_livox/src/depth_clustering/src/utils/cloud.h:40[m[K,
                 from [01m[K/home/bubblebear/ws_livox/src/depth_clustering/src/projections/spherical_projection.h:31[m[K,
                 from [01m[K/home/bubblebear/ws_livox/src/depth_clustering/src/projections/spherical_projection.cpp:21[m[K:
[01m[K/home/bubblebear/ws_livox/src/depth_clustering/src/utils/pose.h:119:9:[m[K [01;36m[Knote: [m[Kbecause ‘[01m[Kdepth_clustering::Pose[m[K’ has user-provided ‘[01m[Kdepth_clustering::Pose& depth_clustering::Pose::operator=(const depth_clustering::Pose&)[m[K’
  119 |   Pose& [01;36m[Koperator[m[K=(const Pose& other) {
      |         [01;36m[K^~~~~~~~[m[K
[ 31%] [32m[1mLinking CXX shared library /home/bubblebear/ws_livox/devel/.private/depth_clustering/lib/libprojections.so[0m
[ 31%] Built target test_help_funcs
[ 31%] Built target projections
In file included from [01m[K/home/bubblebear/ws_livox/src/depth_clustering/src/utils/cloud.h:40[m[K,
                 from [01m[K/home/bubblebear/ws_livox/src/depth_clustering/src/qt/utils/./utils.h:31[m[K,
                 from [01m[K/home/bubblebear/ws_livox/src/depth_clustering/src/qt/utils/utils.cpp:21[m[K:
[01m[K/home/bubblebear/ws_livox/src/depth_clustering/src/utils/pose.h:[m[K In member function ‘[01m[Kdepth_clustering::Pose depth_clustering::Pose::InLocalFrameOf(const depth_clustering::Pose&) const[m[K’:
[01m[K/home/bubblebear/ws_livox/src/depth_clustering/src/utils/pose.h:102:20:[m[K [01;35m[Kwarning: [m[Kimplicitly-declared ‘[01m[Kdepth_clustering::Pose::Pose(const depth_clustering::Pose&)[m[K’ is deprecated [[01;35m[K-Wdeprecated-copy[m[K]
  102 |     Pose pose(*this[01;35m[K)[m[K;
      |                    [01;35m[K^[m[K
[01m[K/home/bubblebear/ws_livox/src/depth_clustering/src/utils/pose.h:119:9:[m[K [01;36m[Knote: [m[Kbecause ‘[01m[Kdepth_clustering::Pose[m[K’ has user-provided ‘[01m[Kdepth_clustering::Pose& depth_clustering::Pose::operator=(const depth_clustering::Pose&)[m[K’
  119 |   Pose& [01;36m[Koperator[m[K=(const Pose& other) {
      |         [01;36m[K^~~~~~~~[m[K
[01m[K/home/bubblebear/ws_livox/src/depth_clustering/src/utils/pose.h:104:12:[m[K [01;35m[Kwarning: [m[Kimplicitly-declared ‘[01m[Kdepth_clustering::Pose::Pose(const depth_clustering::Pose&)[m[K’ is deprecated [[01;35m[K-Wdeprecated-copy[m[K]
  104 |     return [01;35m[Kpose[m[K;
      |            [01;35m[K^~~~[m[K
[01m[K/home/bubblebear/ws_livox/src/depth_clustering/src/utils/pose.h:119:9:[m[K [01;36m[Knote: [m[Kbecause ‘[01m[Kdepth_clustering::Pose[m[K’ has user-provided ‘[01m[Kdepth_clustering::Pose& depth_clustering::Pose::operator=(const depth_clustering::Pose&)[m[K’
  119 |   Pose& [01;36m[Koperator[m[K=(const Pose& other) {
      |         [01;36m[K^~~~~~~~[m[K
[01m[K/home/bubblebear/ws_livox/src/depth_clustering/src/utils/pose.h:[m[K In member function ‘[01m[Kdepth_clustering::Pose::Ptr depth_clustering::Pose::InLocalFrameOf(const Ptr&) const[m[K’:
[01m[K/home/bubblebear/ws_livox/src/depth_clustering/src/utils/pose.h:108:34:[m[K [01;35m[Kwarning: [m[Kimplicitly-declared ‘[01m[Kdepth_clustering::Pose::Pose(const depth_clustering::Pose&)[m[K’ is deprecated [[01;35m[K-Wdeprecated-copy[m[K]
  108 |     Pose::Ptr pose(new Pose(*this[01;35m[K)[m[K);
      |                                  [01;35m[K^[m[K
[01m[K/home/bubblebear/ws_livox/src/depth_clustering/src/utils/pose.h:119:9:[m[K [01;36m[Knote: [m[Kbecause ‘[01m[Kdepth_clustering::Pose[m[K’ has user-provided ‘[01m[Kdepth_clustering::Pose& depth_clustering::Pose::operator=(const depth_clustering::Pose&)[m[K’
  119 |   Pose& [01;36m[Koperator[m[K=(const Pose& other) {
      |         [01;36m[K^~~~~~~~[m[K
[01m[K/home/bubblebear/ws_livox/src/depth_clustering/src/utils/pose.h:[m[K In member function ‘[01m[Kdepth_clustering::Pose depth_clustering::Pose::operator-()[m[K’:
[01m[K/home/bubblebear/ws_livox/src/depth_clustering/src/utils/pose.h:143:12:[m[K [01;35m[Kwarning: [m[Kimplicitly-declared ‘[01m[Kdepth_clustering::Pose::Pose(const depth_clustering::Pose&)[m[K’ is deprecated [[01;35m[K-Wdeprecated-copy[m[K]
  143 |     return [01;35m[Kinverted[m[K;
      |            [01;35m[K^~~~~~~~[m[K
[01m[K/home/bubblebear/ws_livox/src/depth_clustering/src/utils/pose.h:119:9:[m[K [01;36m[Knote: [m[Kbecause ‘[01m[Kdepth_clustering::Pose[m[K’ has user-provided ‘[01m[Kdepth_clustering::Pose& depth_clustering::Pose::operator=(const depth_clustering::Pose&)[m[K’
  119 |   Pose& [01;36m[Koperator[m[K=(const Pose& other) {
      |         [01;36m[K^~~~~~~~[m[K
[01m[K/home/bubblebear/ws_livox/src/depth_clustering/src/utils/pose.h:[m[K In static member function ‘[01m[Kstatic depth_clustering::Pose depth_clustering::Pose::FromVector6f(const Vector6f&)[m[K’:
[01m[K/home/bubblebear/ws_livox/src/depth_clustering/src/utils/pose.h:165:12:[m[K [01;35m[Kwarning: [m[Kimplicitly-declared ‘[01m[Kdepth_clustering::Pose::Pose(const depth_clustering::Pose&)[m[K’ is deprecated [[01;35m[K-Wdeprecated-copy[m[K]
  165 |     return [01;35m[KT[m[K;
      |            [01;35m[K^[m[K
[01m[K/home/bubblebear/ws_livox/src/depth_clustering/src/utils/pose.h:119:9:[m[K [01;36m[Knote: [m[Kbecause ‘[01m[Kdepth_clustering::Pose[m[K’ has user-provided ‘[01m[Kdepth_clustering::Pose& depth_clustering::Pose::operator=(const depth_clustering::Pose&)[m[K’
  119 |   Pose& [01;36m[Koperator[m[K=(const Pose& other) {
      |         [01;36m[K^~~~~~~~[m[K
[ 32%] [32m[1mLinking CXX shared library /home/bubblebear/ws_livox/devel/.private/depth_clustering/lib/libdrawable.so[0m
In file included from [01m[K/home/bubblebear/ws_livox/src/depth_clustering/src/qt/utils/./utils.h:31[m[K,
                 from [01m[K/home/bubblebear/ws_livox/src/depth_clustering/src/qt/utils/utils.cpp:21[m[K:
[01m[K/home/bubblebear/ws_livox/src/depth_clustering/src/utils/cloud.h:[m[K In constructor ‘[01m[Kdepth_clustering::Cloud::Cloud(const depth_clustering::Pose&)[m[K’:
[01m[K/home/bubblebear/ws_livox/src/depth_clustering/src/utils/cloud.h:59:64:[m[K [01;35m[Kwarning: [m[Kimplicitly-declared ‘[01m[Kdepth_clustering::Pose::Pose(const depth_clustering::Pose&)[m[K’ is deprecated [[01;35m[K-Wdeprecated-copy[m[K]
   59 |   explicit Cloud(const Pose& pose) : _pose(pose), _sensor_pose([01;35m[K)[m[K {}
      |                                                                [01;35m[K^[m[K
In file included from [01m[K/home/bubblebear/ws_livox/src/depth_clustering/src/utils/cloud.h:40[m[K,
                 from [01m[K/home/bubblebear/ws_livox/src/depth_clustering/src/qt/utils/./utils.h:31[m[K,
                 from [01m[K/home/bubblebear/ws_livox/src/depth_clustering/src/qt/utils/utils.cpp:21[m[K:
[01m[K/home/bubblebear/ws_livox/src/depth_clustering/src/utils/pose.h:119:9:[m[K [01;36m[Knote: [m[Kbecause ‘[01m[Kdepth_clustering::Pose[m[K’ has user-provided ‘[01m[Kdepth_clustering::Pose& depth_clustering::Pose::operator=(const depth_clustering::Pose&)[m[K’
  119 |   Pose& [01;36m[Koperator[m[K=(const Pose& other) {
      |         [01;36m[K^~~~~~~~[m[K
[ 32%] Built target drawable
In file included from [01m[K/home/bubblebear/ws_livox/src/depth_clustering/src/utils/cloud.h:40[m[K,
                 from [01m[K/home/bubblebear/ws_livox/src/depth_clustering/src/visualization/./visualizer.h:18[m[K,
                 from [01m[K/home/bubblebear/ws_livox/src/depth_clustering/src/visualization/visualizer.cpp:5[m[K:
[01m[K/home/bubblebear/ws_livox/src/depth_clustering/src/utils/pose.h:[m[K In member function ‘[01m[Kdepth_clustering::Pose depth_clustering::Pose::InLocalFrameOf(const depth_clustering::Pose&) const[m[K’:
[01m[K/home/bubblebear/ws_livox/src/depth_clustering/src/utils/pose.h:102:20:[m[K [01;35m[Kwarning: [m[Kimplicitly-declared ‘[01m[Kdepth_clustering::Pose::Pose(const depth_clustering::Pose&)[m[K’ is deprecated [[01;35m[K-Wdeprecated-copy[m[K]
  102 |     Pose pose(*this[01;35m[K)[m[K;
      |                    [01;35m[K^[m[K
[01m[K/home/bubblebear/ws_livox/src/depth_clustering/src/utils/pose.h:119:9:[m[K [01;36m[Knote: [m[Kbecause ‘[01m[Kdepth_clustering::Pose[m[K’ has user-provided ‘[01m[Kdepth_clustering::Pose& depth_clustering::Pose::operator=(const depth_clustering::Pose&)[m[K’
  119 |   Pose& [01;36m[Koperator[m[K=(const Pose& other) {
      |         [01;36m[K^~~~~~~~[m[K
[01m[K/home/bubblebear/ws_livox/src/depth_clustering/src/utils/pose.h:104:12:[m[K [01;35m[Kwarning: [m[Kimplicitly-declared ‘[01m[Kdepth_clustering::Pose::Pose(const depth_clustering::Pose&)[m[K’ is deprecated [[01;35m[K-Wdeprecated-copy[m[K]
  104 |     return [01;35m[Kpose[m[K;
      |            [01;35m[K^~~~[m[K
[01m[K/home/bubblebear/ws_livox/src/depth_clustering/src/utils/pose.h:119:9:[m[K [01;36m[Knote: [m[Kbecause ‘[01m[Kdepth_clustering::Pose[m[K’ has user-provided ‘[01m[Kdepth_clustering::Pose& depth_clustering::Pose::operator=(const depth_clustering::Pose&)[m[K’
  119 |   Pose& [01;36m[Koperator[m[K=(const Pose& other) {
      |         [01;36m[K^~~~~~~~[m[K
[01m[K/home/bubblebear/ws_livox/src/depth_clustering/src/utils/pose.h:[m[K In member function ‘[01m[Kdepth_clustering::Pose::Ptr depth_clustering::Pose::InLocalFrameOf(const Ptr&) const[m[K’:
[01m[K/home/bubblebear/ws_livox/src/depth_clustering/src/utils/pose.h:108:34:[m[K [01;35m[Kwarning: [m[Kimplicitly-declared ‘[01m[Kdepth_clustering::Pose::Pose(const depth_clustering::Pose&)[m[K’ is deprecated [[01;35m[K-Wdeprecated-copy[m[K]
  108 |     Pose::Ptr pose(new Pose(*this[01;35m[K)[m[K);
      |                                  [01;35m[K^[m[K
[01m[K/home/bubblebear/ws_livox/src/depth_clustering/src/utils/pose.h:119:9:[m[K [01;36m[Knote: [m[Kbecause ‘[01m[Kdepth_clustering::Pose[m[K’ has user-provided ‘[01m[Kdepth_clustering::Pose& depth_clustering::Pose::operator=(const depth_clustering::Pose&)[m[K’
  119 |   Pose& [01;36m[Koperator[m[K=(const Pose& other) {
      |         [01;36m[K^~~~~~~~[m[K
[01m[K/home/bubblebear/ws_livox/src/depth_clustering/src/utils/pose.h:[m[K In member function ‘[01m[Kdepth_clustering::Pose depth_clustering::Pose::operator-()[m[K’:
[01m[K/home/bubblebear/ws_livox/src/depth_clustering/src/utils/pose.h:143:12:[m[K [01;35m[Kwarning: [m[Kimplicitly-declared ‘[01m[Kdepth_clustering::Pose::Pose(const depth_clustering::Pose&)[m[K’ is deprecated [[01;35m[K-Wdeprecated-copy[m[K]
  143 |     return [01;35m[Kinverted[m[K;
      |            [01;35m[K^~~~~~~~[m[K
[01m[K/home/bubblebear/ws_livox/src/depth_clustering/src/utils/pose.h:119:9:[m[K [01;36m[Knote: [m[Kbecause ‘[01m[Kdepth_clustering::Pose[m[K’ has user-provided ‘[01m[Kdepth_clustering::Pose& depth_clustering::Pose::operator=(const depth_clustering::Pose&)[m[K’
  119 |   Pose& [01;36m[Koperator[m[K=(const Pose& other) {
      |         [01;36m[K^~~~~~~~[m[K
[ 34%] [32m[1mLinking CXX shared library /home/bubblebear/ws_livox/devel/.private/depth_clustering/lib/libimage_labeler.so[0m
In file included from [01m[K/home/bubblebear/ws_livox/src/depth_clustering/src/utils/cloud.h:40[m[K,
                 from [01m[K/home/bubblebear/ws_livox/src/depth_clustering/src/visualization/cloud_saver.h:32[m[K,
                 from [01m[K/home/bubblebear/ws_livox/src/depth_clustering/src/visualization/cloud_saver.cpp:21[m[K:
[01m[K/home/bubblebear/ws_livox/src/depth_clustering/src/utils/pose.h:[m[K In member function ‘[01m[Kdepth_clustering::Pose depth_clustering::Pose::InLocalFrameOf(const depth_clustering::Pose&) const[m[K’:
[01m[K/home/bubblebear/ws_livox/src/depth_clustering/src/utils/pose.h:102:20:[m[K [01;35m[Kwarning: [m[Kimplicitly-declared ‘[01m[Kdepth_clustering::Pose::Pose(const depth_clustering::Pose&)[m[K’ is deprecated [[01;35m[K-Wdeprecated-copy[m[K]
  102 |     Pose pose(*this[01;35m[K)[m[K;
      |                    [01;35m[K^[m[K
[01m[K/home/bubblebear/ws_livox/src/depth_clustering/src/utils/pose.h:119:9:[m[K [01;36m[Knote: [m[Kbecause ‘[01m[Kdepth_clustering::Pose[m[K’ has user-provided ‘[01m[Kdepth_clustering::Pose& depth_clustering::Pose::operator=(const depth_clustering::Pose&)[m[K’
  119 |   Pose& [01;36m[Koperator[m[K=(const Pose& other) {
      |         [01;36m[K^~~~~~~~[m[K
[01m[K/home/bubblebear/ws_livox/src/depth_clustering/src/utils/pose.h:104:12:[m[K [01;35m[Kwarning: [m[Kimplicitly-declared ‘[01m[Kdepth_clustering::Pose::Pose(const depth_clustering::Pose&)[m[K’ is deprecated [[01;35m[K-Wdeprecated-copy[m[K]
  104 |     return [01;35m[Kpose[m[K;
      |            [01;35m[K^~~~[m[K
[01m[K/home/bubblebear/ws_livox/src/depth_clustering/src/utils/pose.h:119:9:[m[K [01;36m[Knote: [m[Kbecause ‘[01m[Kdepth_clustering::Pose[m[K’ has user-provided ‘[01m[Kdepth_clustering::Pose& depth_clustering::Pose::operator=(const depth_clustering::Pose&)[m[K’
  119 |   Pose& [01;36m[Koperator[m[K=(const Pose& other) {
      |         [01;36m[K^~~~~~~~[m[K
[01m[K/home/bubblebear/ws_livox/src/depth_clustering/src/utils/pose.h:[m[K In member function ‘[01m[Kdepth_clustering::Pose::Ptr depth_clustering::Pose::InLocalFrameOf(const Ptr&) const[m[K’:
[01m[K/home/bubblebear/ws_livox/src/depth_clustering/src/utils/pose.h:108:34:[m[K [01;35m[Kwarning: [m[Kimplicitly-declared ‘[01m[Kdepth_clustering::Pose::Pose(const depth_clustering::Pose&)[m[K’ is deprecated [[01;35m[K-Wdeprecated-copy[m[K]
  108 |     Pose::Ptr pose(new Pose(*this[01;35m[K)[m[K);
      |                                  [01;35m[K^[m[K
[01m[K/home/bubblebear/ws_livox/src/depth_clustering/src/utils/pose.h:119:9:[m[K [01;36m[Knote: [m[Kbecause ‘[01m[Kdepth_clustering::Pose[m[K’ has user-provided ‘[01m[Kdepth_clustering::Pose& depth_clustering::Pose::operator=(const depth_clustering::Pose&)[m[K’
  119 |   Pose& [01;36m[Koperator[m[K=(const Pose& other) {
      |         [01;36m[K^~~~~~~~[m[K
[01m[K/home/bubblebear/ws_livox/src/depth_clustering/src/utils/pose.h:[m[K In member function ‘[01m[Kdepth_clustering::Pose depth_clustering::Pose::operator-()[m[K’:
[01m[K/home/bubblebear/ws_livox/src/depth_clustering/src/utils/pose.h:143:12:[m[K [01;35m[Kwarning: [m[Kimplicitly-declared ‘[01m[Kdepth_clustering::Pose::Pose(const depth_clustering::Pose&)[m[K’ is deprecated [[01;35m[K-Wdeprecated-copy[m[K]
  143 |     return [01;35m[Kinverted[m[K;
      |            [01;35m[K^~~~~~~~[m[K
[01m[K/home/bubblebear/ws_livox/src/depth_clustering/src/utils/pose.h:119:9:[m[K [01;36m[Knote: [m[Kbecause ‘[01m[Kdepth_clustering::Pose[m[K’ has user-provided ‘[01m[Kdepth_clustering::Pose& depth_clustering::Pose::operator=(const depth_clustering::Pose&)[m[K’
  119 |   Pose& [01;36m[Koperator[m[K=(const Pose& other) {
      |         [01;36m[K^~~~~~~~[m[K
[01m[K/home/bubblebear/ws_livox/src/depth_clustering/src/utils/pose.h:[m[K In static member function ‘[01m[Kstatic depth_clustering::Pose depth_clustering::Pose::FromVector6f(const Vector6f&)[m[K’:
[01m[K/home/bubblebear/ws_livox/src/depth_clustering/src/utils/pose.h:165:12:[m[K [01;35m[Kwarning: [m[Kimplicitly-declared ‘[01m[Kdepth_clustering::Pose::Pose(const depth_clustering::Pose&)[m[K’ is deprecated [[01;35m[K-Wdeprecated-copy[m[K]
  165 |     return [01;35m[KT[m[K;
      |            [01;35m[K^[m[K
[01m[K/home/bubblebear/ws_livox/src/depth_clustering/src/utils/pose.h:119:9:[m[K [01;36m[Knote: [m[Kbecause ‘[01m[Kdepth_clustering::Pose[m[K’ has user-provided ‘[01m[Kdepth_clustering::Pose& depth_clustering::Pose::operator=(const depth_clustering::Pose&)[m[K’
  119 |   Pose& [01;36m[Koperator[m[K=(const Pose& other) {
      |         [01;36m[K^~~~~~~~[m[K
[01m[K/home/bubblebear/ws_livox/src/depth_clustering/src/utils/pose.h:[m[K In static member function ‘[01m[Kstatic depth_clustering::Pose depth_clustering::Pose::FromVector6f(const Vector6f&)[m[K’:
[01m[K/home/bubblebear/ws_livox/src/depth_clustering/src/utils/pose.h:165:12:[m[K [01;35m[Kwarning: [m[Kimplicitly-declared ‘[01m[Kdepth_clustering::Pose::Pose(const depth_clustering::Pose&)[m[K’ is deprecated [[01;35m[K-Wdeprecated-copy[m[K]
  165 |     return [01;35m[KT[m[K;
      |            [01;35m[K^[m[K
[01m[K/home/bubblebear/ws_livox/src/depth_clustering/src/utils/pose.h:119:9:[m[K [01;36m[Knote: [m[Kbecause ‘[01m[Kdepth_clustering::Pose[m[K’ has user-provided ‘[01m[Kdepth_clustering::Pose& depth_clustering::Pose::operator=(const depth_clustering::Pose&)[m[K’
  119 |   Pose& [01;36m[Koperator[m[K=(const Pose& other) {
      |         [01;36m[K^~~~~~~~[m[K
[ 34%] Built target image_labeler
In file included from [01m[K/home/bubblebear/ws_livox/src/depth_clustering/src/visualization/./visualizer.h:18[m[K,
                 from [01m[K/home/bubblebear/ws_livox/src/depth_clustering/src/visualization/visualizer.cpp:5[m[K:
[01m[K/home/bubblebear/ws_livox/src/depth_clustering/src/utils/cloud.h:[m[K In constructor ‘[01m[Kdepth_clustering::Cloud::Cloud(const depth_clustering::Pose&)[m[K’:
[01m[K/home/bubblebear/ws_livox/src/depth_clustering/src/utils/cloud.h:59:64:[m[K [01;35m[Kwarning: [m[Kimplicitly-declared ‘[01m[Kdepth_clustering::Pose::Pose(const depth_clustering::Pose&)[m[K’ is deprecated [[01;35m[K-Wdeprecated-copy[m[K]
   59 |   explicit Cloud(const Pose& pose) : _pose(pose), _sensor_pose([01;35m[K)[m[K {}
      |                                                                [01;35m[K^[m[K
In file included from [01m[K/home/bubblebear/ws_livox/src/depth_clustering/src/utils/cloud.h:40[m[K,
                 from [01m[K/home/bubblebear/ws_livox/src/depth_clustering/src/visualization/./visualizer.h:18[m[K,
                 from [01m[K/home/bubblebear/ws_livox/src/depth_clustering/src/visualization/visualizer.cpp:5[m[K:
[01m[K/home/bubblebear/ws_livox/src/depth_clustering/src/utils/pose.h:119:9:[m[K [01;36m[Knote: [m[Kbecause ‘[01m[Kdepth_clustering::Pose[m[K’ has user-provided ‘[01m[Kdepth_clustering::Pose& depth_clustering::Pose::operator=(const depth_clustering::Pose&)[m[K’
  119 |   Pose& [01;36m[Koperator[m[K=(const Pose& other) {
      |         [01;36m[K^~~~~~~~[m[K
In file included from [01m[K/home/bubblebear/ws_livox/src/depth_clustering/src/visualization/cloud_saver.h:32[m[K,
                 from [01m[K/home/bubblebear/ws_livox/src/depth_clustering/src/visualization/cloud_saver.cpp:21[m[K:
[01m[K/home/bubblebear/ws_livox/src/depth_clustering/src/utils/cloud.h:[m[K In constructor ‘[01m[Kdepth_clustering::Cloud::Cloud(const depth_clustering::Pose&)[m[K’:
[01m[K/home/bubblebear/ws_livox/src/depth_clustering/src/utils/cloud.h:59:64:[m[K [01;35m[Kwarning: [m[Kimplicitly-declared ‘[01m[Kdepth_clustering::Pose::Pose(const depth_clustering::Pose&)[m[K’ is deprecated [[01;35m[K-Wdeprecated-copy[m[K]
   59 |   explicit Cloud(const Pose& pose) : _pose(pose), _sensor_pose([01;35m[K)[m[K {}
      |                                                                [01;35m[K^[m[K
In file included from [01m[K/home/bubblebear/ws_livox/src/depth_clustering/src/utils/cloud.h:40[m[K,
                 from [01m[K/home/bubblebear/ws_livox/src/depth_clustering/src/visualization/cloud_saver.h:32[m[K,
                 from [01m[K/home/bubblebear/ws_livox/src/depth_clustering/src/visualization/cloud_saver.cpp:21[m[K:
[01m[K/home/bubblebear/ws_livox/src/depth_clustering/src/utils/pose.h:119:9:[m[K [01;36m[Knote: [m[Kbecause ‘[01m[Kdepth_clustering::Pose[m[K’ has user-provided ‘[01m[Kdepth_clustering::Pose& depth_clustering::Pose::operator=(const depth_clustering::Pose&)[m[K’
  119 |   Pose& [01;36m[Koperator[m[K=(const Pose& other) {
      |         [01;36m[K^~~~~~~~[m[K
[01m[K/home/bubblebear/ws_livox/src/depth_clustering/src/visualization/visualizer.cpp:[m[K In member function ‘[01m[Kvirtual void depth_clustering::Visualizer::OnNewObjectReceived(const depth_clustering::Cloud&, int)[m[K’:
[01m[K/home/bubblebear/ws_livox/src/depth_clustering/src/visualization/visualizer.cpp:137:12:[m[K [01;35m[Kwarning: [m[Kimplicitly-declared ‘[01m[Kdepth_clustering::Cloud& depth_clustering::Cloud::operator=(const depth_clustering::Cloud&)[m[K’ is deprecated [[01;35m[K-Wdeprecated-copy[m[K]
  137 |   _cloud = [01;35m[Kcloud[m[K;
      |            [01;35m[K^~~~~[m[K
In file included from [01m[K/home/bubblebear/ws_livox/src/depth_clustering/src/visualization/./visualizer.h:18[m[K,
                 from [01m[K/home/bubblebear/ws_livox/src/depth_clustering/src/visualization/visualizer.cpp:5[m[K:
[01m[K/home/bubblebear/ws_livox/src/depth_clustering/src/utils/cloud.h:58:12:[m[K [01;36m[Knote: [m[Kbecause ‘[01m[Kdepth_clustering::Cloud[m[K’ has user-provided ‘[01m[Kdepth_clustering::Cloud::Cloud(const depth_clustering::Cloud&)[m[K’
   58 |   explicit [01;36m[KCloud[m[K(const Cloud& cloud);
      |            [01;36m[K^~~~~[m[K
[ 35%] [32m[1mLinking CXX static library ../lib/libgtest.a[0m
[ 35%] Built target gtest
[ 36%] [32m[1mLinking CXX shared library /home/bubblebear/ws_livox/devel/.private/depth_clustering/lib/libvisualization.so[0m
[ 36%] Built target visualization
[ 38%] [32m[1mLinking CXX shared library /home/bubblebear/ws_livox/devel/.private/depth_clustering/lib/libcloud_saver.so[0m
[ 38%] Built target cloud_saver
[ 39%] [32m[1mLinking CXX shared library /home/bubblebear/ws_livox/devel/.private/depth_clustering/lib/libqt_utils.so[0m
[ 39%] Built target qt_utils
make: *** [Makefile:141: all] Error 2
