CMake Warning (dev) at CMakeLists.txt:2 (project):
  Policy CMP0048 is not set: project() command manages VERSION variables.
  Run "cmake --help-policy CMP0048" for policy details.  Use the cmake_policy
  command to set the policy and suppress this warning.

  The following variable(s) would be set to empty:

    CMAKE_PROJECT_VERSION
    CMAKE_PROJECT_VERSION_MAJOR
    CMAKE_PROJECT_VERSION_MINOR
    CMAKE_PROJECT_VERSION_PATCH
This warning is for project developers.  Use -Wno-dev to suppress it.

[36m--[0m Using CATKIN_DEVEL_PREFIX: /home/bubblebear/ws_livox/devel/.private/lio_livox
[36m--[0m Using CMAKE_PREFIX_PATH: /home/bubblebear/ws_livox/devel;/opt/ros/noetic
[36m--[0m This workspace overlays: /home/bubblebear/ws_livox/devel;/opt/ros/noetic
[36m--[0m Found PythonInterp: /usr/bin/python3 (found suitable version "3.8.10", minimum required is "3")
[36m--[0m Using PYTHON_EXECUTABLE: /usr/bin/python3
[36m--[0m Using Debian Python package layout
[36m--[0m Using empy: /usr/lib/python3/dist-packages/em.py
[36m--[0m Using CATKIN_ENABLE_TESTING: ON
[36m--[0m Call enable_testing()
[36m--[0m Using CATKIN_TEST_RESULTS_DIR: /home/bubblebear/ws_livox/build/lio_livox/test_results
[36m--[0m Forcing gtest/gmock from source, though one was otherwise available.
[36m--[0m Found gtest sources under '/usr/src/googletest': gtests will be built
[36m--[0m Found gmock sources under '/usr/src/googletest': gmock will be built
[36m--[0m Found PythonInterp: /usr/bin/python3 (found version "3.8.10")
[36m--[0m Using Python nosetests: /usr/bin/nosetests3
[36m--[0m catkin 0.8.10
[36m--[0m BUILD_SHARED_LIBS is on
[36m--[0m Using these message generators: gencpp;geneus;genlisp;gennodejs;genpy
[36m--[0m Eigen found (include: /usr/include/eigen3, version: 3.3.7)
[36m--[0m The imported target "vtkParseOGLExt" references the file
   "/usr/bin/vtkParseOGLExt-7.1"
but this file does not exist.  Possible reasons include:
* The file was deleted, renamed, or moved to another location.
* An install or uninstall procedure did not complete successfully.
* The installation package was faulty and contained
   "/usr/lib/cmake/vtk-7.1/VTKTargets.cmake"
but not all the files it references.

[36m--[0m The imported target "vtkRenderingPythonTkWidgets" references the file
   "/usr/lib/x86_64-linux-gnu/libvtkRenderingPythonTkWidgets.so"
but this file does not exist.  Possible reasons include:
* The file was deleted, renamed, or moved to another location.
* An install or uninstall procedure did not complete successfully.
* The installation package was faulty and contained
   "/usr/lib/cmake/vtk-7.1/VTKTargets.cmake"
but not all the files it references.

[36m--[0m The imported target "vtk" references the file
   "/usr/bin/vtk"
but this file does not exist.  Possible reasons include:
* The file was deleted, renamed, or moved to another location.
* An install or uninstall procedure did not complete successfully.
* The installation package was faulty and contained
   "/usr/lib/cmake/vtk-7.1/VTKTargets.cmake"
but not all the files it references.

[36m--[0m The imported target "pvtk" references the file
   "/usr/bin/pvtk"
but this file does not exist.  Possible reasons include:
* The file was deleted, renamed, or moved to another location.
* An install or uninstall procedure did not complete successfully.
* The installation package was faulty and contained
   "/usr/lib/cmake/vtk-7.1/VTKTargets.cmake"
but not all the files it references.

[36m--[0m OpenNI found (include: /usr/include/ni, lib: /usr/lib/libOpenNI.so)
[36m--[0m OpenNI2 found (include: /usr/include/openni2, lib: /usr/lib/libOpenNI2.so)
** WARNING ** io features related to pcap will be disabled
** WARNING ** io features related to png will be disabled
** WARNING ** io features related to libusb-1.0 will be disabled
[36m--[0m OpenNI found (include: /usr/include/ni, lib: /usr/lib/libOpenNI.so)
[36m--[0m OpenNI2 found (include: /usr/include/openni2, lib: /usr/lib/libOpenNI2.so)
[36m--[0m QHULL found (include: /usr/include, lib: optimized;/usr/lib/x86_64-linux-gnu/libqhull.so;debug;/usr/lib/x86_64-linux-gnu/libqhull.so)
[36m--[0m OpenNI found (include: /usr/include/ni, lib: /usr/lib/libOpenNI.so)
[36m--[0m looking for PCL_COMMON
[36m--[0m looking for PCL_KDTREE
[36m--[0m looking for PCL_OCTREE
[36m--[0m looking for PCL_SEARCH
[36m--[0m looking for PCL_SAMPLE_CONSENSUS
[36m--[0m looking for PCL_FILTERS
[36m--[0m looking for PCL_2D
[36m--[0m looking for PCL_GEOMETRY
[36m--[0m looking for PCL_IO
[36m--[0m looking for PCL_FEATURES
[36m--[0m looking for PCL_ML
[36m--[0m looking for PCL_SEGMENTATION
[36m--[0m looking for PCL_VISUALIZATION
[36m--[0m looking for PCL_SURFACE
[36m--[0m looking for PCL_REGISTRATION
[36m--[0m looking for PCL_KEYPOINTS
[36m--[0m looking for PCL_TRACKING
[36m--[0m looking for PCL_RECOGNITION
[36m--[0m looking for PCL_STEREO
[36m--[0m looking for PCL_APPS
[36m--[0m looking for PCL_IN_HAND_SCANNER
[36m--[0m looking for PCL_POINT_CLOUD_EDITOR
[36m--[0m looking for PCL_OUTOFCORE
[36m--[0m looking for PCL_PEOPLE
[36m--[0m Found AMD headers in: /usr/include/suitesparse
[36m--[0m Found AMD library: /usr/lib/x86_64-linux-gnu/libamd.so
[36m--[0m Found CAMD headers in: /usr/include/suitesparse
[36m--[0m Found CAMD library: /usr/lib/x86_64-linux-gnu/libcamd.so
[36m--[0m Found CCOLAMD headers in: /usr/include/suitesparse
[36m--[0m Found CCOLAMD library: /usr/lib/x86_64-linux-gnu/libccolamd.so
[36m--[0m Found CHOLMOD headers in: /usr/include/suitesparse
[36m--[0m Found CHOLMOD library: /usr/lib/x86_64-linux-gnu/libcholmod.so
[36m--[0m Found COLAMD headers in: /usr/include/suitesparse
[36m--[0m Found COLAMD library: /usr/lib/x86_64-linux-gnu/libcolamd.so
[36m--[0m Found SPQR headers in: /usr/include/suitesparse
[36m--[0m Found SPQR library: /usr/lib/x86_64-linux-gnu/libspqr.so
[36m--[0m Found Config headers in: /usr/include/suitesparse
[36m--[0m Found Config library: /usr/lib/x86_64-linux-gnu/libsuitesparseconfig.so
[36m--[0m Found Intel Thread Building Blocks (TBB) library (2020.1 / 11101) include location: . Assuming SuiteSparseQR was compiled with TBB.
[36m--[0m Adding librt to SuiteSparse_config libraries (required on Linux & Unix [not OSX] if SuiteSparse is compiled with timing).
[36m--[0m Could NOT find METIS (missing: METIS_INCLUDE_DIR METIS_LIBRARY)
[36m--[0m Found SuiteSparse: /usr/include/suitesparse (found suitable version "5.7.1", minimum required is "5.7.1") found components: AMD CAMD CCOLAMD CHOLMOD COLAMD SPQR Config
[36m--[0m Found required Ceres dependency: Eigen version 3.3.7 in /usr/local/share/eigen3/cmake
[36m--[0m Found required Ceres dependency: glog
[36m--[0m Found required Ceres dependency: gflags
[36m--[0m Found Ceres version: 2.1.0 installed in: /usr/local with components: [EigenSparse, SparseLinearAlgebraLibrary, LAPACK, SuiteSparse, CXSparse, SchurSpecializations, Multithreading]
[36m--[0m Found AMD headers in: /usr/include/suitesparse
[36m--[0m Found AMD library: /usr/lib/x86_64-linux-gnu/libamd.so
[36m--[0m Found CAMD headers in: /usr/include/suitesparse
[36m--[0m Found CAMD library: /usr/lib/x86_64-linux-gnu/libcamd.so
[36m--[0m Found COLAMD headers in: /usr/include/suitesparse
[36m--[0m Found COLAMD library: /usr/lib/x86_64-linux-gnu/libcolamd.so
[36m--[0m Found CCOLAMD headers in: /usr/include/suitesparse
[36m--[0m Found CCOLAMD library: /usr/lib/x86_64-linux-gnu/libccolamd.so
[36m--[0m Found CHOLMOD headers in: /usr/include/suitesparse
[36m--[0m Found CHOLMOD library: /usr/lib/x86_64-linux-gnu/libcholmod.so
[36m--[0m Found SUITESPARSEQR headers in: /usr/include/suitesparse
[36m--[0m Found SUITESPARSEQR library: /usr/lib/x86_64-linux-gnu/libspqr.so
[36m--[0m Found Intel Thread Building Blocks (TBB) library (2020.1) assuming SuiteSparseQR was compiled with TBB.
[36m--[0m Found SUITESPARSE_CONFIG headers in: /usr/include/suitesparse
[36m--[0m Found SUITESPARSE_CONFIG library: /usr/lib/x86_64-linux-gnu/libsuitesparseconfig.so
[36m--[0m Found LIBRT library: /usr/lib/x86_64-linux-gnu/librt.so
[36m--[0m Adding librt: /usr/lib/x86_64-linux-gnu/librt.so to SuiteSparse_config libraries (required on Linux & Unix [not OSX] if SuiteSparse is compiled with timing).
[36m--[0m Did not find METIS library (optional SuiteSparse dependency)
[36m--[0m Found SuiteSparse: TRUE (found version "5.7.1")
[33m[1mCMake Warning[0m at /home/bubblebear/ws_livox/build/lio_livox/cmake/lio_livox-genmsg.cmake:3 (message):
  Invoking generate_messages() without having added any message or service
  file before.

  You should either add add_message_files() and/or add_service_files() calls
  or remove the invocation of generate_messages().
[36mCall Stack (most recent call first):[0m
  /opt/ros/noetic/share/genmsg/cmake/genmsg-extras.cmake:307 (include)
  CMakeLists.txt:49 (generate_messages)


[36m--[0m lio_livox: 0 messages, 0 services
[36m--[0m Configuring done
[36m--[0m Generating done
[36m--[0m Build files have been written to: /home/bubblebear/ws_livox/build/lio_livox
